<?xml version="1.0" encoding="UTF-8"?>
<coverage generated="1602444520549" clover="3.2.0">
  <project timestamp="1602444520549" name="All files">
    <metrics statements="1893" coveredstatements="1339" conditionals="2156" coveredconditionals="980" methods="686" coveredmethods="455" elements="4735" coveredelements="2774" complexity="0" loc="1893" ncloc="1893" packages="12" files="54" classes="54"/>
    <package name="dist">
      <metrics statements="69" coveredstatements="69" conditionals="0" coveredconditionals="0" methods="50" coveredmethods="50"/>
      <file name="index.js" path="/Users/admin/Documents/PersonalProjects/twitch-graphql/dist/index.js">
        <metrics statements="69" coveredstatements="69" conditionals="0" coveredconditionals="0" methods="50" coveredmethods="50"/>
        <line num="2" count="1" type="stmt"/>
        <line num="3" count="1" type="stmt"/>
        <line num="4" count="1" type="stmt"/>
        <line num="5" count="2" type="stmt"/>
        <line num="6" count="1" type="stmt"/>
        <line num="7" count="1" type="stmt"/>
        <line num="8" count="1" type="stmt"/>
        <line num="9" count="2" type="stmt"/>
        <line num="10" count="1" type="stmt"/>
        <line num="11" count="1" type="stmt"/>
        <line num="12" count="1" type="stmt"/>
        <line num="13" count="2" type="stmt"/>
        <line num="14" count="1" type="stmt"/>
        <line num="15" count="1" type="stmt"/>
        <line num="16" count="1" type="stmt"/>
        <line num="17" count="2" type="stmt"/>
        <line num="18" count="1" type="stmt"/>
        <line num="19" count="1" type="stmt"/>
        <line num="20" count="1" type="stmt"/>
        <line num="21" count="2" type="stmt"/>
        <line num="22" count="1" type="stmt"/>
        <line num="23" count="1" type="stmt"/>
        <line num="24" count="1" type="stmt"/>
        <line num="25" count="2" type="stmt"/>
        <line num="26" count="1" type="stmt"/>
        <line num="27" count="1" type="stmt"/>
        <line num="28" count="1" type="stmt"/>
        <line num="29" count="2" type="stmt"/>
        <line num="30" count="1" type="stmt"/>
        <line num="31" count="1" type="stmt"/>
        <line num="32" count="1" type="stmt"/>
        <line num="33" count="2" type="stmt"/>
        <line num="34" count="1" type="stmt"/>
        <line num="35" count="1" type="stmt"/>
        <line num="36" count="1" type="stmt"/>
        <line num="37" count="2" type="stmt"/>
        <line num="38" count="1" type="stmt"/>
        <line num="39" count="1" type="stmt"/>
        <line num="40" count="1" type="stmt"/>
        <line num="41" count="2" type="stmt"/>
        <line num="42" count="1" type="stmt"/>
        <line num="43" count="1" type="stmt"/>
        <line num="44" count="1" type="stmt"/>
        <line num="45" count="2" type="stmt"/>
        <line num="46" count="1" type="stmt"/>
        <line num="47" count="1" type="stmt"/>
        <line num="48" count="1" type="stmt"/>
        <line num="49" count="2" type="stmt"/>
        <line num="50" count="1" type="stmt"/>
        <line num="51" count="1" type="stmt"/>
        <line num="52" count="1" type="stmt"/>
        <line num="53" count="2" type="stmt"/>
        <line num="54" count="1" type="stmt"/>
        <line num="55" count="1" type="stmt"/>
        <line num="56" count="1" type="stmt"/>
        <line num="57" count="2" type="stmt"/>
        <line num="58" count="1" type="stmt"/>
        <line num="59" count="1" type="stmt"/>
        <line num="60" count="1" type="stmt"/>
        <line num="61" count="2" type="stmt"/>
        <line num="62" count="1" type="stmt"/>
        <line num="63" count="1" type="stmt"/>
        <line num="64" count="1" type="stmt"/>
        <line num="65" count="2" type="stmt"/>
        <line num="66" count="1" type="stmt"/>
        <line num="67" count="1" type="stmt"/>
        <line num="68" count="1" type="stmt"/>
        <line num="69" count="2" type="stmt"/>
        <line num="70" count="1" type="stmt"/>
      </file>
    </package>
    <package name="dist.helpers">
      <metrics statements="47" coveredstatements="36" conditionals="100" coveredconditionals="52" methods="17" coveredmethods="14"/>
      <file name="RefreshToken.js" path="/Users/admin/Documents/PersonalProjects/twitch-graphql/dist/helpers/RefreshToken.js">
        <metrics statements="47" coveredstatements="36" conditionals="100" coveredconditionals="52" methods="17" coveredmethods="14"/>
        <line num="2" count="10" type="cond" truecount="3" falsecount="0"/>
        <line num="3" count="32" type="cond" truecount="1" falsecount="1"/>
        <line num="4" count="32" type="cond" truecount="2" falsecount="0"/>
        <line num="5" count="32" type="stmt"/>
        <line num="6" count="0" type="stmt"/>
        <line num="7" count="64" type="cond" truecount="2" falsecount="0"/>
        <line num="8" count="32" type="cond" truecount="2" falsecount="0"/>
        <line num="11" count="10" type="cond" truecount="3" falsecount="0"/>
        <line num="12" count="32" type="cond" truecount="1" falsecount="1"/>
        <line num="13" count="32" type="cond" truecount="2" falsecount="0"/>
        <line num="14" count="96" type="stmt"/>
        <line num="16" count="64" type="cond" truecount="1" falsecount="1"/>
        <line num="17" count="128" type="stmt"/>
        <line num="18" count="128" type="cond" truecount="2" falsecount="11"/>
        <line num="19" count="128" type="cond" truecount="1" falsecount="1"/>
        <line num="20" count="128" type="cond" truecount="4" falsecount="2"/>
        <line num="21" count="64" type="stmt"/>
        <line num="22" count="32" type="stmt"/>
        <line num="23" count="0" type="stmt"/>
        <line num="24" count="0" type="stmt"/>
        <line num="26" count="32" type="cond" truecount="5" falsecount="2"/>
        <line num="27" count="0" type="cond" truecount="0" falsecount="6"/>
        <line num="28" count="0" type="cond" truecount="0" falsecount="4"/>
        <line num="29" count="0" type="cond" truecount="0" falsecount="4"/>
        <line num="30" count="0" type="cond" truecount="0" falsecount="2"/>
        <line num="31" count="0" type="stmt"/>
        <line num="33" count="64" type="stmt"/>
        <line num="34" count="128" type="stmt"/>
        <line num="35" count="32" type="cond" truecount="2" falsecount="2"/>
        <line num="38" count="10" type="cond" truecount="3" falsecount="0"/>
        <line num="39" count="10" type="cond" truecount="3" falsecount="1"/>
        <line num="41" count="10" type="stmt"/>
        <line num="42" count="10" type="stmt"/>
        <line num="43" count="10" type="stmt"/>
        <line num="44" count="10" type="stmt"/>
        <line num="45" count="32" type="stmt"/>
        <line num="47" count="32" type="stmt"/>
        <line num="48" count="64" type="cond" truecount="2" falsecount="0"/>
        <line num="50" count="32" type="cond" truecount="13" falsecount="4"/>
        <line num="51" count="0" type="cond" truecount="0" falsecount="2"/>
        <line num="52" count="0" type="cond" truecount="0" falsecount="2"/>
        <line num="53" count="0" type="cond" truecount="0" falsecount="2"/>
        <line num="55" count="32" type="stmt"/>
        <line num="57" count="32" type="stmt"/>
        <line num="58" count="32" type="stmt"/>
        <line num="59" count="32" type="stmt"/>
        <line num="60" count="32" type="stmt"/>
      </file>
    </package>
    <package name="dist.injections">
      <metrics statements="103" coveredstatements="85" conditionals="155" coveredconditionals="69" methods="34" coveredmethods="24"/>
      <file name="Twitch-Clients.js" path="/Users/admin/Documents/PersonalProjects/twitch-graphql/dist/injections/Twitch-Clients.js">
        <metrics statements="71" coveredstatements="56" conditionals="107" coveredconditionals="51" methods="26" coveredmethods="17"/>
        <line num="2" count="9" type="cond" truecount="3" falsecount="0"/>
        <line num="3" count="9" type="cond" truecount="1" falsecount="3"/>
        <line num="4" count="9" type="cond" truecount="3" falsecount="1"/>
        <line num="5" count="0" type="cond" truecount="0" falsecount="8"/>
        <line num="6" count="9" type="cond" truecount="1" falsecount="2"/>
        <line num="8" count="9" type="cond" truecount="3" falsecount="0"/>
        <line num="9" count="31" type="cond" truecount="1" falsecount="1"/>
        <line num="10" count="31" type="cond" truecount="2" falsecount="0"/>
        <line num="11" count="31" type="stmt"/>
        <line num="12" count="0" type="stmt"/>
        <line num="13" count="62" type="cond" truecount="2" falsecount="0"/>
        <line num="14" count="31" type="cond" truecount="2" falsecount="0"/>
        <line num="17" count="9" type="cond" truecount="3" falsecount="0"/>
        <line num="18" count="31" type="cond" truecount="1" falsecount="1"/>
        <line num="19" count="31" type="cond" truecount="2" falsecount="0"/>
        <line num="20" count="93" type="stmt"/>
        <line num="22" count="62" type="cond" truecount="1" falsecount="1"/>
        <line num="23" count="124" type="stmt"/>
        <line num="24" count="124" type="cond" truecount="2" falsecount="11"/>
        <line num="25" count="124" type="cond" truecount="1" falsecount="1"/>
        <line num="26" count="124" type="cond" truecount="4" falsecount="2"/>
        <line num="27" count="62" type="stmt"/>
        <line num="28" count="31" type="stmt"/>
        <line num="29" count="0" type="stmt"/>
        <line num="30" count="0" type="stmt"/>
        <line num="32" count="31" type="cond" truecount="5" falsecount="2"/>
        <line num="33" count="0" type="cond" truecount="0" falsecount="6"/>
        <line num="34" count="0" type="cond" truecount="0" falsecount="4"/>
        <line num="35" count="0" type="cond" truecount="0" falsecount="4"/>
        <line num="36" count="0" type="cond" truecount="0" falsecount="2"/>
        <line num="37" count="0" type="stmt"/>
        <line num="39" count="62" type="stmt"/>
        <line num="40" count="124" type="stmt"/>
        <line num="41" count="31" type="cond" truecount="2" falsecount="2"/>
        <line num="44" count="9" type="cond" truecount="3" falsecount="0"/>
        <line num="45" count="9" type="cond" truecount="3" falsecount="1"/>
        <line num="47" count="9" type="stmt"/>
        <line num="48" count="9" type="stmt"/>
        <line num="49" count="9" type="stmt"/>
        <line num="50" count="9" type="stmt"/>
        <line num="51" count="9" type="stmt"/>
        <line num="52" count="9" type="stmt"/>
        <line num="53" count="9" type="stmt"/>
        <line num="54" count="9" type="stmt"/>
        <line num="56" count="9" type="cond" truecount="1" falsecount="1"/>
        <line num="57" count="9" type="stmt"/>
        <line num="59" count="9" type="stmt"/>
        <line num="61" count="9" type="stmt"/>
        <line num="62" count="9" type="stmt"/>
        <line num="63" count="31" type="stmt"/>
        <line num="65" count="31" type="stmt"/>
        <line num="66" count="62" type="cond" truecount="2" falsecount="0"/>
        <line num="68" count="31" type="cond" truecount="1" falsecount="1"/>
        <line num="69" count="31" type="cond" truecount="1" falsecount="1"/>
        <line num="70" count="31" type="cond" truecount="1" falsecount="1"/>
        <line num="71" count="31" type="stmt"/>
        <line num="73" count="31" type="stmt"/>
        <line num="74" count="31" type="stmt"/>
        <line num="79" count="9" type="stmt"/>
        <line num="80" count="0" type="stmt"/>
        <line num="81" count="0" type="stmt"/>
        <line num="82" count="0" type="stmt"/>
        <line num="86" count="9" type="stmt"/>
        <line num="87" count="0" type="stmt"/>
        <line num="88" count="0" type="stmt"/>
        <line num="89" count="0" type="stmt"/>
        <line num="94" count="9" type="stmt"/>
        <line num="97" count="9" type="stmt"/>
        <line num="99" count="9" type="stmt"/>
        <line num="100" count="9" type="stmt"/>
        <line num="101" count="9" type="stmt"/>
      </file>
      <file name="Twitch-Id.js" path="/Users/admin/Documents/PersonalProjects/twitch-graphql/dist/injections/Twitch-Id.js">
        <metrics statements="16" coveredstatements="15" conditionals="24" coveredconditionals="10" methods="4" coveredmethods="4"/>
        <line num="2" count="9" type="cond" truecount="3" falsecount="0"/>
        <line num="3" count="9" type="cond" truecount="1" falsecount="3"/>
        <line num="4" count="9" type="cond" truecount="3" falsecount="1"/>
        <line num="5" count="0" type="cond" truecount="0" falsecount="8"/>
        <line num="6" count="9" type="cond" truecount="1" falsecount="2"/>
        <line num="8" count="9" type="stmt"/>
        <line num="9" count="9" type="stmt"/>
        <line num="10" count="9" type="stmt"/>
        <line num="11" count="9" type="stmt"/>
        <line num="12" count="9" type="stmt"/>
        <line num="13" count="9" type="stmt"/>
        <line num="16" count="9" type="stmt"/>
        <line num="17" count="21" type="cond" truecount="2" falsecount="0"/>
        <line num="19" count="9" type="stmt"/>
        <line num="22" count="9" type="stmt"/>
        <line num="24" count="9" type="stmt"/>
      </file>
      <file name="User-Id.js" path="/Users/admin/Documents/PersonalProjects/twitch-graphql/dist/injections/User-Id.js">
        <metrics statements="16" coveredstatements="14" conditionals="24" coveredconditionals="8" methods="4" coveredmethods="3"/>
        <line num="2" count="9" type="cond" truecount="3" falsecount="0"/>
        <line num="3" count="9" type="cond" truecount="1" falsecount="3"/>
        <line num="4" count="9" type="cond" truecount="3" falsecount="1"/>
        <line num="5" count="0" type="cond" truecount="0" falsecount="8"/>
        <line num="6" count="9" type="cond" truecount="1" falsecount="2"/>
        <line num="8" count="9" type="stmt"/>
        <line num="9" count="9" type="stmt"/>
        <line num="10" count="9" type="stmt"/>
        <line num="11" count="9" type="stmt"/>
        <line num="12" count="9" type="stmt"/>
        <line num="13" count="9" type="stmt"/>
        <line num="16" count="9" type="stmt"/>
        <line num="17" count="0" type="cond" truecount="0" falsecount="2"/>
        <line num="19" count="9" type="stmt"/>
        <line num="22" count="9" type="stmt"/>
        <line num="24" count="9" type="stmt"/>
      </file>
    </package>
    <package name="dist.schema">
      <metrics statements="1040" coveredstatements="625" conditionals="1408" coveredconditionals="567" methods="378" coveredmethods="200"/>
      <file name="bit-pubsub-type-schema.js" path="/Users/admin/Documents/PersonalProjects/twitch-graphql/dist/schema/bit-pubsub-type-schema.js">
        <metrics statements="61" coveredstatements="17" conditionals="87" coveredconditionals="18" methods="20" coveredmethods="2"/>
        <line num="2" count="1" type="cond" truecount="3" falsecount="0"/>
        <line num="3" count="1" type="cond" truecount="1" falsecount="1"/>
        <line num="4" count="1" type="stmt"/>
        <line num="6" count="1" type="cond" truecount="3" falsecount="0"/>
        <line num="7" count="0" type="cond" truecount="0" falsecount="2"/>
        <line num="8" count="0" type="cond" truecount="0" falsecount="2"/>
        <line num="9" count="0" type="stmt"/>
        <line num="10" count="0" type="stmt"/>
        <line num="11" count="0" type="cond" truecount="0" falsecount="2"/>
        <line num="12" count="0" type="cond" truecount="0" falsecount="2"/>
        <line num="15" count="1" type="cond" truecount="3" falsecount="0"/>
        <line num="16" count="0" type="cond" truecount="0" falsecount="2"/>
        <line num="17" count="0" type="cond" truecount="0" falsecount="2"/>
        <line num="18" count="0" type="stmt"/>
        <line num="20" count="0" type="cond" truecount="0" falsecount="2"/>
        <line num="21" count="0" type="stmt"/>
        <line num="22" count="0" type="cond" truecount="0" falsecount="13"/>
        <line num="23" count="0" type="cond" truecount="0" falsecount="2"/>
        <line num="24" count="0" type="cond" truecount="0" falsecount="6"/>
        <line num="25" count="0" type="stmt"/>
        <line num="26" count="0" type="stmt"/>
        <line num="27" count="0" type="stmt"/>
        <line num="28" count="0" type="stmt"/>
        <line num="30" count="0" type="cond" truecount="0" falsecount="7"/>
        <line num="31" count="0" type="cond" truecount="0" falsecount="6"/>
        <line num="32" count="0" type="cond" truecount="0" falsecount="4"/>
        <line num="33" count="0" type="cond" truecount="0" falsecount="4"/>
        <line num="34" count="0" type="cond" truecount="0" falsecount="2"/>
        <line num="35" count="0" type="stmt"/>
        <line num="37" count="0" type="stmt"/>
        <line num="38" count="0" type="stmt"/>
        <line num="39" count="0" type="cond" truecount="0" falsecount="4"/>
        <line num="42" count="1" type="cond" truecount="3" falsecount="0"/>
        <line num="43" count="2" type="cond" truecount="3" falsecount="1"/>
        <line num="45" count="1" type="stmt"/>
        <line num="46" count="1" type="stmt"/>
        <line num="47" count="1" type="stmt"/>
        <line num="48" count="1" type="stmt"/>
        <line num="49" count="1" type="stmt"/>
        <line num="50" count="1" type="stmt"/>
        <line num="51" count="1" type="stmt"/>
        <line num="52" count="1" type="stmt"/>
        <line num="56" count="0" type="stmt"/>
        <line num="57" count="0" type="stmt"/>
        <line num="59" count="0" type="stmt"/>
        <line num="60" count="0" type="cond" truecount="0" falsecount="5"/>
        <line num="62" count="0" type="stmt"/>
        <line num="63" count="0" type="stmt"/>
        <line num="65" count="0" type="stmt"/>
        <line num="66" count="0" type="stmt"/>
        <line num="68" count="0" type="stmt"/>
        <line num="69" count="0" type="stmt"/>
        <line num="71" count="0" type="stmt"/>
        <line num="72" count="0" type="stmt"/>
        <line num="74" count="0" type="stmt"/>
        <line num="75" count="0" type="stmt"/>
        <line num="76" count="0" type="stmt"/>
        <line num="77" count="0" type="stmt"/>
        <line num="83" count="0" type="stmt"/>
        <line num="88" count="1" type="cond" truecount="2" falsecount="0"/>
        <line num="89" count="1" type="stmt"/>
      </file>
      <file name="bit-pubsub-user-link-schema.js" path="/Users/admin/Documents/PersonalProjects/twitch-graphql/dist/schema/bit-pubsub-user-link-schema.js">
        <metrics statements="51" coveredstatements="16" conditionals="86" coveredconditionals="18" methods="18" coveredmethods="2"/>
        <line num="2" count="1" type="cond" truecount="3" falsecount="0"/>
        <line num="3" count="1" type="cond" truecount="1" falsecount="1"/>
        <line num="4" count="1" type="stmt"/>
        <line num="6" count="1" type="cond" truecount="3" falsecount="0"/>
        <line num="7" count="0" type="cond" truecount="0" falsecount="2"/>
        <line num="8" count="0" type="cond" truecount="0" falsecount="2"/>
        <line num="9" count="0" type="stmt"/>
        <line num="10" count="0" type="stmt"/>
        <line num="11" count="0" type="cond" truecount="0" falsecount="2"/>
        <line num="12" count="0" type="cond" truecount="0" falsecount="2"/>
        <line num="15" count="1" type="cond" truecount="3" falsecount="0"/>
        <line num="16" count="0" type="cond" truecount="0" falsecount="2"/>
        <line num="17" count="0" type="cond" truecount="0" falsecount="2"/>
        <line num="18" count="0" type="stmt"/>
        <line num="20" count="0" type="cond" truecount="0" falsecount="2"/>
        <line num="21" count="0" type="stmt"/>
        <line num="22" count="0" type="cond" truecount="0" falsecount="13"/>
        <line num="23" count="0" type="cond" truecount="0" falsecount="2"/>
        <line num="24" count="0" type="cond" truecount="0" falsecount="6"/>
        <line num="25" count="0" type="stmt"/>
        <line num="26" count="0" type="stmt"/>
        <line num="27" count="0" type="stmt"/>
        <line num="28" count="0" type="stmt"/>
        <line num="30" count="0" type="cond" truecount="0" falsecount="7"/>
        <line num="31" count="0" type="cond" truecount="0" falsecount="6"/>
        <line num="32" count="0" type="cond" truecount="0" falsecount="4"/>
        <line num="33" count="0" type="cond" truecount="0" falsecount="4"/>
        <line num="34" count="0" type="cond" truecount="0" falsecount="2"/>
        <line num="35" count="0" type="stmt"/>
        <line num="37" count="0" type="stmt"/>
        <line num="38" count="0" type="stmt"/>
        <line num="39" count="0" type="cond" truecount="0" falsecount="4"/>
        <line num="42" count="1" type="cond" truecount="3" falsecount="0"/>
        <line num="43" count="1" type="cond" truecount="3" falsecount="1"/>
        <line num="45" count="1" type="stmt"/>
        <line num="46" count="1" type="stmt"/>
        <line num="47" count="1" type="stmt"/>
        <line num="48" count="1" type="stmt"/>
        <line num="49" count="1" type="stmt"/>
        <line num="50" count="1" type="stmt"/>
        <line num="51" count="1" type="stmt"/>
        <line num="54" count="0" type="stmt"/>
        <line num="55" count="0" type="stmt"/>
        <line num="57" count="0" type="stmt"/>
        <line num="58" count="0" type="cond" truecount="0" falsecount="2"/>
        <line num="60" count="0" type="stmt"/>
        <line num="61" count="0" type="stmt"/>
        <line num="63" count="0" type="stmt"/>
        <line num="64" count="0" type="cond" truecount="0" falsecount="2"/>
        <line num="71" count="1" type="cond" truecount="2" falsecount="0"/>
        <line num="72" count="1" type="stmt"/>
      </file>
      <file name="chat-pubsub-type-schema.js" path="/Users/admin/Documents/PersonalProjects/twitch-graphql/dist/schema/chat-pubsub-type-schema.js">
        <metrics statements="63" coveredstatements="18" conditionals="85" coveredconditionals="18" methods="25" coveredmethods="2"/>
        <line num="2" count="1" type="cond" truecount="3" falsecount="0"/>
        <line num="3" count="1" type="cond" truecount="1" falsecount="1"/>
        <line num="4" count="1" type="stmt"/>
        <line num="6" count="1" type="cond" truecount="3" falsecount="0"/>
        <line num="7" count="0" type="cond" truecount="0" falsecount="2"/>
        <line num="8" count="0" type="cond" truecount="0" falsecount="2"/>
        <line num="9" count="0" type="stmt"/>
        <line num="10" count="0" type="stmt"/>
        <line num="11" count="0" type="cond" truecount="0" falsecount="2"/>
        <line num="12" count="0" type="cond" truecount="0" falsecount="2"/>
        <line num="15" count="1" type="cond" truecount="3" falsecount="0"/>
        <line num="16" count="0" type="cond" truecount="0" falsecount="2"/>
        <line num="17" count="0" type="cond" truecount="0" falsecount="2"/>
        <line num="18" count="0" type="stmt"/>
        <line num="20" count="0" type="cond" truecount="0" falsecount="2"/>
        <line num="21" count="0" type="stmt"/>
        <line num="22" count="0" type="cond" truecount="0" falsecount="13"/>
        <line num="23" count="0" type="cond" truecount="0" falsecount="2"/>
        <line num="24" count="0" type="cond" truecount="0" falsecount="6"/>
        <line num="25" count="0" type="stmt"/>
        <line num="26" count="0" type="stmt"/>
        <line num="27" count="0" type="stmt"/>
        <line num="28" count="0" type="stmt"/>
        <line num="30" count="0" type="cond" truecount="0" falsecount="7"/>
        <line num="31" count="0" type="cond" truecount="0" falsecount="6"/>
        <line num="32" count="0" type="cond" truecount="0" falsecount="4"/>
        <line num="33" count="0" type="cond" truecount="0" falsecount="4"/>
        <line num="34" count="0" type="cond" truecount="0" falsecount="2"/>
        <line num="35" count="0" type="stmt"/>
        <line num="37" count="0" type="stmt"/>
        <line num="38" count="0" type="stmt"/>
        <line num="39" count="0" type="cond" truecount="0" falsecount="4"/>
        <line num="42" count="1" type="cond" truecount="3" falsecount="0"/>
        <line num="43" count="2" type="cond" truecount="3" falsecount="1"/>
        <line num="45" count="1" type="stmt"/>
        <line num="46" count="1" type="stmt"/>
        <line num="47" count="1" type="stmt"/>
        <line num="48" count="1" type="stmt"/>
        <line num="49" count="1" type="stmt"/>
        <line num="50" count="1" type="stmt"/>
        <line num="51" count="1" type="stmt"/>
        <line num="52" count="1" type="stmt"/>
        <line num="53" count="1" type="stmt"/>
        <line num="57" count="0" type="stmt"/>
        <line num="58" count="0" type="stmt"/>
        <line num="60" count="0" type="stmt"/>
        <line num="61" count="0" type="cond" truecount="0" falsecount="3"/>
        <line num="63" count="0" type="stmt"/>
        <line num="64" count="0" type="stmt"/>
        <line num="65" count="0" type="stmt"/>
        <line num="67" count="0" type="stmt"/>
        <line num="70" count="0" type="stmt"/>
        <line num="72" count="0" type="stmt"/>
        <line num="73" count="0" type="stmt"/>
        <line num="74" count="0" type="stmt"/>
        <line num="75" count="0" type="stmt"/>
        <line num="76" count="0" type="stmt"/>
        <line num="77" count="0" type="stmt"/>
        <line num="82" count="0" type="stmt"/>
        <line num="83" count="0" type="stmt"/>
        <line num="89" count="0" type="stmt"/>
        <line num="94" count="1" type="cond" truecount="2" falsecount="0"/>
        <line num="95" count="1" type="stmt"/>
      </file>
      <file name="chat-pubsub-user-link-schema.js" path="/Users/admin/Documents/PersonalProjects/twitch-graphql/dist/schema/chat-pubsub-user-link-schema.js">
        <metrics statements="51" coveredstatements="16" conditionals="84" coveredconditionals="18" methods="18" coveredmethods="2"/>
        <line num="2" count="1" type="cond" truecount="3" falsecount="0"/>
        <line num="3" count="1" type="cond" truecount="1" falsecount="1"/>
        <line num="4" count="1" type="stmt"/>
        <line num="6" count="1" type="cond" truecount="3" falsecount="0"/>
        <line num="7" count="0" type="cond" truecount="0" falsecount="2"/>
        <line num="8" count="0" type="cond" truecount="0" falsecount="2"/>
        <line num="9" count="0" type="stmt"/>
        <line num="10" count="0" type="stmt"/>
        <line num="11" count="0" type="cond" truecount="0" falsecount="2"/>
        <line num="12" count="0" type="cond" truecount="0" falsecount="2"/>
        <line num="15" count="1" type="cond" truecount="3" falsecount="0"/>
        <line num="16" count="0" type="cond" truecount="0" falsecount="2"/>
        <line num="17" count="0" type="cond" truecount="0" falsecount="2"/>
        <line num="18" count="0" type="stmt"/>
        <line num="20" count="0" type="cond" truecount="0" falsecount="2"/>
        <line num="21" count="0" type="stmt"/>
        <line num="22" count="0" type="cond" truecount="0" falsecount="13"/>
        <line num="23" count="0" type="cond" truecount="0" falsecount="2"/>
        <line num="24" count="0" type="cond" truecount="0" falsecount="6"/>
        <line num="25" count="0" type="stmt"/>
        <line num="26" count="0" type="stmt"/>
        <line num="27" count="0" type="stmt"/>
        <line num="28" count="0" type="stmt"/>
        <line num="30" count="0" type="cond" truecount="0" falsecount="7"/>
        <line num="31" count="0" type="cond" truecount="0" falsecount="6"/>
        <line num="32" count="0" type="cond" truecount="0" falsecount="4"/>
        <line num="33" count="0" type="cond" truecount="0" falsecount="4"/>
        <line num="34" count="0" type="cond" truecount="0" falsecount="2"/>
        <line num="35" count="0" type="stmt"/>
        <line num="37" count="0" type="stmt"/>
        <line num="38" count="0" type="stmt"/>
        <line num="39" count="0" type="cond" truecount="0" falsecount="4"/>
        <line num="42" count="1" type="cond" truecount="3" falsecount="0"/>
        <line num="43" count="1" type="cond" truecount="3" falsecount="1"/>
        <line num="45" count="1" type="stmt"/>
        <line num="46" count="1" type="stmt"/>
        <line num="47" count="1" type="stmt"/>
        <line num="48" count="1" type="stmt"/>
        <line num="49" count="1" type="stmt"/>
        <line num="50" count="1" type="stmt"/>
        <line num="51" count="1" type="stmt"/>
        <line num="54" count="0" type="stmt"/>
        <line num="55" count="0" type="stmt"/>
        <line num="57" count="0" type="stmt"/>
        <line num="58" count="0" type="cond" truecount="0" falsecount="2"/>
        <line num="60" count="0" type="stmt"/>
        <line num="61" count="0" type="stmt"/>
        <line num="63" count="0" type="stmt"/>
        <line num="64" count="0" type="stmt"/>
        <line num="71" count="1" type="cond" truecount="2" falsecount="0"/>
        <line num="72" count="1" type="stmt"/>
      </file>
      <file name="game-stream-link-type-schema.js" path="/Users/admin/Documents/PersonalProjects/twitch-graphql/dist/schema/game-stream-link-type-schema.js">
        <metrics statements="45" coveredstatements="37" conditionals="77" coveredconditionals="39" methods="17" coveredmethods="14"/>
        <line num="2" count="3" type="cond" truecount="3" falsecount="0"/>
        <line num="3" count="3" type="cond" truecount="1" falsecount="1"/>
        <line num="4" count="3" type="stmt"/>
        <line num="6" count="3" type="cond" truecount="3" falsecount="0"/>
        <line num="7" count="2" type="cond" truecount="1" falsecount="1"/>
        <line num="8" count="2" type="cond" truecount="2" falsecount="0"/>
        <line num="9" count="2" type="stmt"/>
        <line num="10" count="0" type="stmt"/>
        <line num="11" count="4" type="cond" truecount="2" falsecount="0"/>
        <line num="12" count="2" type="cond" truecount="2" falsecount="0"/>
        <line num="15" count="3" type="cond" truecount="3" falsecount="0"/>
        <line num="16" count="2" type="cond" truecount="1" falsecount="1"/>
        <line num="17" count="2" type="cond" truecount="2" falsecount="0"/>
        <line num="18" count="6" type="stmt"/>
        <line num="20" count="4" type="cond" truecount="1" falsecount="1"/>
        <line num="21" count="8" type="stmt"/>
        <line num="22" count="8" type="cond" truecount="2" falsecount="11"/>
        <line num="23" count="8" type="cond" truecount="1" falsecount="1"/>
        <line num="24" count="8" type="cond" truecount="4" falsecount="2"/>
        <line num="25" count="4" type="stmt"/>
        <line num="26" count="2" type="stmt"/>
        <line num="27" count="0" type="stmt"/>
        <line num="28" count="0" type="stmt"/>
        <line num="30" count="2" type="cond" truecount="5" falsecount="2"/>
        <line num="31" count="0" type="cond" truecount="0" falsecount="6"/>
        <line num="32" count="0" type="cond" truecount="0" falsecount="4"/>
        <line num="33" count="0" type="cond" truecount="0" falsecount="4"/>
        <line num="34" count="0" type="cond" truecount="0" falsecount="2"/>
        <line num="35" count="0" type="stmt"/>
        <line num="37" count="4" type="stmt"/>
        <line num="38" count="8" type="stmt"/>
        <line num="39" count="2" type="cond" truecount="2" falsecount="2"/>
        <line num="42" count="3" type="stmt"/>
        <line num="43" count="3" type="stmt"/>
        <line num="44" count="3" type="stmt"/>
        <line num="45" count="3" type="stmt"/>
        <line num="46" count="3" type="stmt"/>
        <line num="47" count="3" type="stmt"/>
        <line num="50" count="2" type="stmt"/>
        <line num="51" count="2" type="stmt"/>
        <line num="52" count="4" type="cond" truecount="2" falsecount="0"/>
        <line num="53" count="2" type="stmt"/>
        <line num="54" count="2" type="stmt"/>
        <line num="61" count="3" type="cond" truecount="2" falsecount="0"/>
        <line num="62" count="3" type="stmt"/>
      </file>
      <file name="game-type-schema.js" path="/Users/admin/Documents/PersonalProjects/twitch-graphql/dist/schema/game-type-schema.js">
        <metrics statements="54" coveredstatements="46" conditionals="85" coveredconditionals="46" methods="21" coveredmethods="18"/>
        <line num="2" count="3" type="cond" truecount="3" falsecount="0"/>
        <line num="3" count="3" type="cond" truecount="1" falsecount="1"/>
        <line num="4" count="3" type="stmt"/>
        <line num="6" count="3" type="cond" truecount="3" falsecount="0"/>
        <line num="7" count="2" type="cond" truecount="1" falsecount="1"/>
        <line num="8" count="1" type="cond" truecount="2" falsecount="0"/>
        <line num="9" count="2" type="stmt"/>
        <line num="10" count="0" type="stmt"/>
        <line num="11" count="3" type="cond" truecount="2" falsecount="0"/>
        <line num="12" count="1" type="cond" truecount="2" falsecount="0"/>
        <line num="15" count="3" type="cond" truecount="3" falsecount="0"/>
        <line num="16" count="2" type="cond" truecount="1" falsecount="1"/>
        <line num="17" count="1" type="cond" truecount="2" falsecount="0"/>
        <line num="18" count="3" type="stmt"/>
        <line num="20" count="3" type="cond" truecount="1" falsecount="1"/>
        <line num="21" count="6" type="stmt"/>
        <line num="22" count="6" type="cond" truecount="2" falsecount="11"/>
        <line num="23" count="6" type="cond" truecount="1" falsecount="1"/>
        <line num="24" count="6" type="cond" truecount="4" falsecount="2"/>
        <line num="25" count="3" type="stmt"/>
        <line num="26" count="2" type="stmt"/>
        <line num="27" count="0" type="stmt"/>
        <line num="28" count="0" type="stmt"/>
        <line num="30" count="1" type="cond" truecount="5" falsecount="2"/>
        <line num="31" count="0" type="cond" truecount="0" falsecount="6"/>
        <line num="32" count="0" type="cond" truecount="0" falsecount="4"/>
        <line num="33" count="0" type="cond" truecount="0" falsecount="4"/>
        <line num="34" count="0" type="cond" truecount="0" falsecount="2"/>
        <line num="35" count="0" type="stmt"/>
        <line num="37" count="3" type="stmt"/>
        <line num="38" count="6" type="stmt"/>
        <line num="39" count="1" type="cond" truecount="2" falsecount="2"/>
        <line num="42" count="3" type="cond" truecount="3" falsecount="0"/>
        <line num="43" count="3" type="cond" truecount="3" falsecount="1"/>
        <line num="45" count="3" type="stmt"/>
        <line num="46" count="3" type="stmt"/>
        <line num="47" count="3" type="stmt"/>
        <line num="48" count="3" type="stmt"/>
        <line num="49" count="3" type="stmt"/>
        <line num="50" count="3" type="stmt"/>
        <line num="51" count="3" type="stmt"/>
        <line num="54" count="1" type="stmt"/>
        <line num="55" count="1" type="stmt"/>
        <line num="57" count="1" type="stmt"/>
        <line num="58" count="3" type="cond" truecount="3" falsecount="0"/>
        <line num="59" count="1" type="stmt"/>
        <line num="61" count="1" type="stmt"/>
        <line num="62" count="1" type="stmt"/>
        <line num="63" count="1" type="stmt"/>
        <line num="71" count="3" type="stmt"/>
        <line num="74" count="3" type="stmt"/>
        <line num="77" count="3" type="stmt"/>
        <line num="81" count="3" type="cond" truecount="2" falsecount="0"/>
        <line num="82" count="3" type="stmt"/>
      </file>
      <file name="query-type-schema.js" path="/Users/admin/Documents/PersonalProjects/twitch-graphql/dist/schema/query-type-schema.js">
        <metrics statements="10" coveredstatements="9" conditionals="7" coveredconditionals="6" methods="2" coveredmethods="1"/>
        <line num="2" count="9" type="cond" truecount="3" falsecount="0"/>
        <line num="3" count="9" type="cond" truecount="1" falsecount="1"/>
        <line num="4" count="9" type="stmt"/>
        <line num="6" count="9" type="stmt"/>
        <line num="7" count="9" type="stmt"/>
        <line num="8" count="9" type="stmt"/>
        <line num="9" count="9" type="stmt"/>
        <line num="11" count="0" type="stmt"/>
        <line num="14" count="9" type="cond" truecount="2" falsecount="0"/>
        <line num="15" count="9" type="stmt"/>
      </file>
      <file name="redemption-pubsub-type-schema.js" path="/Users/admin/Documents/PersonalProjects/twitch-graphql/dist/schema/redemption-pubsub-type-schema.js">
        <metrics statements="62" coveredstatements="17" conditionals="87" coveredconditionals="18" methods="20" coveredmethods="2"/>
        <line num="2" count="1" type="cond" truecount="3" falsecount="0"/>
        <line num="3" count="1" type="cond" truecount="1" falsecount="1"/>
        <line num="4" count="1" type="stmt"/>
        <line num="6" count="1" type="cond" truecount="3" falsecount="0"/>
        <line num="7" count="0" type="cond" truecount="0" falsecount="2"/>
        <line num="8" count="0" type="cond" truecount="0" falsecount="2"/>
        <line num="9" count="0" type="stmt"/>
        <line num="10" count="0" type="stmt"/>
        <line num="11" count="0" type="cond" truecount="0" falsecount="2"/>
        <line num="12" count="0" type="cond" truecount="0" falsecount="2"/>
        <line num="15" count="1" type="cond" truecount="3" falsecount="0"/>
        <line num="16" count="0" type="cond" truecount="0" falsecount="2"/>
        <line num="17" count="0" type="cond" truecount="0" falsecount="2"/>
        <line num="18" count="0" type="stmt"/>
        <line num="20" count="0" type="cond" truecount="0" falsecount="2"/>
        <line num="21" count="0" type="stmt"/>
        <line num="22" count="0" type="cond" truecount="0" falsecount="13"/>
        <line num="23" count="0" type="cond" truecount="0" falsecount="2"/>
        <line num="24" count="0" type="cond" truecount="0" falsecount="6"/>
        <line num="25" count="0" type="stmt"/>
        <line num="26" count="0" type="stmt"/>
        <line num="27" count="0" type="stmt"/>
        <line num="28" count="0" type="stmt"/>
        <line num="30" count="0" type="cond" truecount="0" falsecount="7"/>
        <line num="31" count="0" type="cond" truecount="0" falsecount="6"/>
        <line num="32" count="0" type="cond" truecount="0" falsecount="4"/>
        <line num="33" count="0" type="cond" truecount="0" falsecount="4"/>
        <line num="34" count="0" type="cond" truecount="0" falsecount="2"/>
        <line num="35" count="0" type="stmt"/>
        <line num="37" count="0" type="stmt"/>
        <line num="38" count="0" type="stmt"/>
        <line num="39" count="0" type="cond" truecount="0" falsecount="4"/>
        <line num="42" count="1" type="cond" truecount="3" falsecount="0"/>
        <line num="43" count="2" type="cond" truecount="3" falsecount="1"/>
        <line num="45" count="1" type="stmt"/>
        <line num="46" count="1" type="stmt"/>
        <line num="47" count="1" type="stmt"/>
        <line num="48" count="1" type="stmt"/>
        <line num="49" count="1" type="stmt"/>
        <line num="50" count="1" type="stmt"/>
        <line num="51" count="1" type="stmt"/>
        <line num="52" count="1" type="stmt"/>
        <line num="56" count="0" type="stmt"/>
        <line num="57" count="0" type="stmt"/>
        <line num="59" count="0" type="stmt"/>
        <line num="60" count="0" type="cond" truecount="0" falsecount="5"/>
        <line num="62" count="0" type="stmt"/>
        <line num="63" count="0" type="stmt"/>
        <line num="65" count="0" type="stmt"/>
        <line num="66" count="0" type="stmt"/>
        <line num="68" count="0" type="stmt"/>
        <line num="69" count="0" type="stmt"/>
        <line num="71" count="0" type="stmt"/>
        <line num="72" count="0" type="stmt"/>
        <line num="74" count="0" type="stmt"/>
        <line num="75" count="0" type="stmt"/>
        <line num="76" count="0" type="stmt"/>
        <line num="78" count="0" type="stmt"/>
        <line num="79" count="0" type="stmt"/>
        <line num="85" count="0" type="stmt"/>
        <line num="90" count="1" type="cond" truecount="2" falsecount="0"/>
        <line num="91" count="1" type="stmt"/>
      </file>
      <file name="redemption-pubsub-user-link-type-schema.js" path="/Users/admin/Documents/PersonalProjects/twitch-graphql/dist/schema/redemption-pubsub-user-link-type-schema.js">
        <metrics statements="59" coveredstatements="16" conditionals="86" coveredconditionals="18" methods="21" coveredmethods="2"/>
        <line num="2" count="1" type="cond" truecount="3" falsecount="0"/>
        <line num="3" count="1" type="cond" truecount="1" falsecount="1"/>
        <line num="4" count="1" type="stmt"/>
        <line num="6" count="1" type="cond" truecount="3" falsecount="0"/>
        <line num="7" count="0" type="cond" truecount="0" falsecount="2"/>
        <line num="8" count="0" type="cond" truecount="0" falsecount="2"/>
        <line num="9" count="0" type="stmt"/>
        <line num="10" count="0" type="stmt"/>
        <line num="11" count="0" type="cond" truecount="0" falsecount="2"/>
        <line num="12" count="0" type="cond" truecount="0" falsecount="2"/>
        <line num="15" count="1" type="cond" truecount="3" falsecount="0"/>
        <line num="16" count="0" type="cond" truecount="0" falsecount="2"/>
        <line num="17" count="0" type="cond" truecount="0" falsecount="2"/>
        <line num="18" count="0" type="stmt"/>
        <line num="20" count="0" type="cond" truecount="0" falsecount="2"/>
        <line num="21" count="0" type="stmt"/>
        <line num="22" count="0" type="cond" truecount="0" falsecount="13"/>
        <line num="23" count="0" type="cond" truecount="0" falsecount="2"/>
        <line num="24" count="0" type="cond" truecount="0" falsecount="6"/>
        <line num="25" count="0" type="stmt"/>
        <line num="26" count="0" type="stmt"/>
        <line num="27" count="0" type="stmt"/>
        <line num="28" count="0" type="stmt"/>
        <line num="30" count="0" type="cond" truecount="0" falsecount="7"/>
        <line num="31" count="0" type="cond" truecount="0" falsecount="6"/>
        <line num="32" count="0" type="cond" truecount="0" falsecount="4"/>
        <line num="33" count="0" type="cond" truecount="0" falsecount="4"/>
        <line num="34" count="0" type="cond" truecount="0" falsecount="2"/>
        <line num="35" count="0" type="stmt"/>
        <line num="37" count="0" type="stmt"/>
        <line num="38" count="0" type="stmt"/>
        <line num="39" count="0" type="cond" truecount="0" falsecount="4"/>
        <line num="42" count="1" type="cond" truecount="3" falsecount="0"/>
        <line num="43" count="1" type="cond" truecount="3" falsecount="1"/>
        <line num="45" count="1" type="stmt"/>
        <line num="46" count="1" type="stmt"/>
        <line num="47" count="1" type="stmt"/>
        <line num="48" count="1" type="stmt"/>
        <line num="49" count="1" type="stmt"/>
        <line num="50" count="1" type="stmt"/>
        <line num="51" count="1" type="stmt"/>
        <line num="54" count="0" type="stmt"/>
        <line num="55" count="0" type="stmt"/>
        <line num="57" count="0" type="stmt"/>
        <line num="58" count="0" type="cond" truecount="0" falsecount="2"/>
        <line num="60" count="0" type="stmt"/>
        <line num="61" count="0" type="stmt"/>
        <line num="63" count="0" type="stmt"/>
        <line num="64" count="0" type="stmt"/>
        <line num="70" count="0" type="stmt"/>
        <line num="71" count="0" type="stmt"/>
        <line num="73" count="0" type="stmt"/>
        <line num="74" count="0" type="cond" truecount="0" falsecount="2"/>
        <line num="76" count="0" type="stmt"/>
        <line num="77" count="0" type="stmt"/>
        <line num="79" count="0" type="stmt"/>
        <line num="80" count="0" type="stmt"/>
        <line num="87" count="1" type="cond" truecount="2" falsecount="0"/>
        <line num="88" count="1" type="stmt"/>
      </file>
      <file name="stream-type-schema.js" path="/Users/admin/Documents/PersonalProjects/twitch-graphql/dist/schema/stream-type-schema.js">
        <metrics statements="94" coveredstatements="77" conditionals="142" coveredconditionals="85" methods="31" coveredmethods="26"/>
        <line num="2" count="5" type="cond" truecount="3" falsecount="0"/>
        <line num="3" count="5" type="cond" truecount="1" falsecount="1"/>
        <line num="4" count="5" type="stmt"/>
        <line num="6" count="5" type="cond" truecount="3" falsecount="0"/>
        <line num="7" count="2" type="cond" truecount="1" falsecount="1"/>
        <line num="8" count="0" type="stmt"/>
        <line num="9" count="0" type="stmt"/>
        <line num="10" count="0" type="cond" truecount="0" falsecount="2"/>
        <line num="11" count="0" type="stmt"/>
        <line num="13" count="0" type="stmt"/>
        <line num="15" count="2" type="stmt"/>
        <line num="17" count="5" type="cond" truecount="3" falsecount="0"/>
        <line num="18" count="2" type="cond" truecount="1" falsecount="1"/>
        <line num="19" count="1" type="cond" truecount="2" falsecount="0"/>
        <line num="20" count="2" type="stmt"/>
        <line num="21" count="0" type="stmt"/>
        <line num="22" count="3" type="cond" truecount="2" falsecount="0"/>
        <line num="23" count="1" type="cond" truecount="2" falsecount="0"/>
        <line num="26" count="5" type="cond" truecount="3" falsecount="0"/>
        <line num="27" count="2" type="cond" truecount="1" falsecount="1"/>
        <line num="28" count="1" type="cond" truecount="2" falsecount="0"/>
        <line num="29" count="3" type="stmt"/>
        <line num="31" count="3" type="cond" truecount="1" falsecount="1"/>
        <line num="32" count="9" type="stmt"/>
        <line num="33" count="9" type="cond" truecount="2" falsecount="11"/>
        <line num="34" count="9" type="cond" truecount="1" falsecount="1"/>
        <line num="35" count="9" type="cond" truecount="4" falsecount="2"/>
        <line num="36" count="3" type="stmt"/>
        <line num="37" count="2" type="stmt"/>
        <line num="38" count="0" type="stmt"/>
        <line num="39" count="0" type="stmt"/>
        <line num="41" count="4" type="cond" truecount="6" falsecount="1"/>
        <line num="42" count="3" type="cond" truecount="3" falsecount="3"/>
        <line num="43" count="0" type="cond" truecount="0" falsecount="4"/>
        <line num="44" count="0" type="cond" truecount="0" falsecount="4"/>
        <line num="45" count="0" type="cond" truecount="0" falsecount="2"/>
        <line num="46" count="0" type="stmt"/>
        <line num="48" count="6" type="stmt"/>
        <line num="49" count="9" type="stmt"/>
        <line num="50" count="1" type="cond" truecount="2" falsecount="2"/>
        <line num="53" count="5" type="cond" truecount="3" falsecount="0"/>
        <line num="54" count="1" type="stmt"/>
        <line num="55" count="1" type="stmt"/>
        <line num="56" count="1" type="stmt"/>
        <line num="57" count="0" type="stmt"/>
        <line num="58" count="1" type="stmt"/>
        <line num="60" count="5" type="cond" truecount="3" falsecount="0"/>
        <line num="61" count="5" type="cond" truecount="3" falsecount="1"/>
        <line num="63" count="5" type="stmt"/>
        <line num="64" count="5" type="stmt"/>
        <line num="65" count="5" type="stmt"/>
        <line num="66" count="5" type="stmt"/>
        <line num="67" count="5" type="stmt"/>
        <line num="68" count="5" type="stmt"/>
        <line num="69" count="5" type="stmt"/>
        <line num="70" count="5" type="stmt"/>
        <line num="74" count="1" type="stmt"/>
        <line num="75" count="1" type="stmt"/>
        <line num="77" count="1" type="stmt"/>
        <line num="78" count="6" type="cond" truecount="7" falsecount="1"/>
        <line num="79" count="1" type="stmt"/>
        <line num="81" count="1" type="stmt"/>
        <line num="82" count="1" type="stmt"/>
        <line num="83" count="1" type="cond" truecount="10" falsecount="4"/>
        <line num="84" count="0" type="stmt"/>
        <line num="86" count="0" type="cond" truecount="0" falsecount="4"/>
        <line num="87" count="0" type="stmt"/>
        <line num="89" count="1" type="cond" truecount="4" falsecount="6"/>
        <line num="90" count="1" type="stmt"/>
        <line num="91" count="1" type="stmt"/>
        <line num="92" count="1" type="cond" truecount="1" falsecount="1"/>
        <line num="93" count="0" type="stmt"/>
        <line num="94" count="1" type="stmt"/>
        <line num="95" count="1" type="stmt"/>
        <line num="97" count="2" type="cond" truecount="5" falsecount="1"/>
        <line num="98" count="1" type="stmt"/>
        <line num="100" count="1" type="stmt"/>
        <line num="101" count="1" type="cond" truecount="1" falsecount="1"/>
        <line num="102" count="1" type="stmt"/>
        <line num="103" count="1" type="stmt"/>
        <line num="105" count="1" type="stmt"/>
        <line num="106" count="1" type="stmt"/>
        <line num="107" count="1" type="stmt"/>
        <line num="108" count="1" type="stmt"/>
        <line num="119" count="3" type="stmt"/>
        <line num="122" count="3" type="stmt"/>
        <line num="125" count="3" type="stmt"/>
        <line num="128" count="3" type="stmt"/>
        <line num="131" count="3" type="stmt"/>
        <line num="134" count="3" type="stmt"/>
        <line num="137" count="3" type="stmt"/>
        <line num="140" count="3" type="stmt"/>
        <line num="144" count="5" type="cond" truecount="2" falsecount="0"/>
        <line num="145" count="5" type="stmt"/>
      </file>
      <file name="stream-user-link-type-schema.js" path="/Users/admin/Documents/PersonalProjects/twitch-graphql/dist/schema/stream-user-link-type-schema.js">
        <metrics statements="48" coveredstatements="35" conditionals="79" coveredconditionals="39" methods="20" coveredmethods="14"/>
        <line num="2" count="5" type="cond" truecount="3" falsecount="0"/>
        <line num="3" count="5" type="cond" truecount="1" falsecount="1"/>
        <line num="4" count="5" type="stmt"/>
        <line num="6" count="5" type="cond" truecount="3" falsecount="0"/>
        <line num="7" count="4" type="cond" truecount="1" falsecount="1"/>
        <line num="8" count="4" type="cond" truecount="2" falsecount="0"/>
        <line num="9" count="4" type="stmt"/>
        <line num="10" count="0" type="stmt"/>
        <line num="11" count="8" type="cond" truecount="2" falsecount="0"/>
        <line num="12" count="4" type="cond" truecount="2" falsecount="0"/>
        <line num="15" count="5" type="cond" truecount="3" falsecount="0"/>
        <line num="16" count="4" type="cond" truecount="1" falsecount="1"/>
        <line num="17" count="4" type="cond" truecount="2" falsecount="0"/>
        <line num="18" count="12" type="stmt"/>
        <line num="20" count="8" type="cond" truecount="1" falsecount="1"/>
        <line num="21" count="16" type="stmt"/>
        <line num="22" count="16" type="cond" truecount="2" falsecount="11"/>
        <line num="23" count="16" type="cond" truecount="1" falsecount="1"/>
        <line num="24" count="16" type="cond" truecount="4" falsecount="2"/>
        <line num="25" count="8" type="stmt"/>
        <line num="26" count="4" type="stmt"/>
        <line num="27" count="0" type="stmt"/>
        <line num="28" count="0" type="stmt"/>
        <line num="30" count="4" type="cond" truecount="5" falsecount="2"/>
        <line num="31" count="0" type="cond" truecount="0" falsecount="6"/>
        <line num="32" count="0" type="cond" truecount="0" falsecount="4"/>
        <line num="33" count="0" type="cond" truecount="0" falsecount="4"/>
        <line num="34" count="0" type="cond" truecount="0" falsecount="2"/>
        <line num="35" count="0" type="stmt"/>
        <line num="37" count="8" type="stmt"/>
        <line num="38" count="16" type="stmt"/>
        <line num="39" count="4" type="cond" truecount="2" falsecount="2"/>
        <line num="42" count="5" type="stmt"/>
        <line num="43" count="5" type="stmt"/>
        <line num="44" count="5" type="stmt"/>
        <line num="45" count="5" type="stmt"/>
        <line num="48" count="0" type="stmt"/>
        <line num="49" count="0" type="stmt"/>
        <line num="50" count="0" type="cond" truecount="0" falsecount="2"/>
        <line num="51" count="0" type="stmt"/>
        <line num="52" count="0" type="stmt"/>
        <line num="60" count="4" type="stmt"/>
        <line num="61" count="4" type="stmt"/>
        <line num="62" count="8" type="cond" truecount="2" falsecount="0"/>
        <line num="63" count="4" type="stmt"/>
        <line num="64" count="4" type="stmt"/>
        <line num="71" count="5" type="cond" truecount="2" falsecount="0"/>
        <line num="72" count="5" type="stmt"/>
      </file>
      <file name="subscriber-type-schema.js" path="/Users/admin/Documents/PersonalProjects/twitch-graphql/dist/schema/subscriber-type-schema.js">
        <metrics statements="105" coveredstatements="98" conditionals="101" coveredconditionals="63" methods="43" coveredmethods="41"/>
        <line num="2" count="9" type="cond" truecount="3" falsecount="0"/>
        <line num="3" count="9" type="cond" truecount="1" falsecount="1"/>
        <line num="4" count="9" type="stmt"/>
        <line num="6" count="9" type="cond" truecount="3" falsecount="0"/>
        <line num="7" count="42" type="cond" truecount="1" falsecount="1"/>
        <line num="8" count="53" type="cond" truecount="2" falsecount="0"/>
        <line num="9" count="41" type="stmt"/>
        <line num="10" count="1" type="stmt"/>
        <line num="11" count="94" type="cond" truecount="2" falsecount="0"/>
        <line num="12" count="53" type="cond" truecount="2" falsecount="0"/>
        <line num="15" count="9" type="cond" truecount="3" falsecount="0"/>
        <line num="16" count="53" type="cond" truecount="2" falsecount="0"/>
        <line num="17" count="53" type="cond" truecount="2" falsecount="0"/>
        <line num="18" count="159" type="stmt"/>
        <line num="20" count="95" type="cond" truecount="1" falsecount="1"/>
        <line num="21" count="190" type="stmt"/>
        <line num="22" count="190" type="cond" truecount="2" falsecount="11"/>
        <line num="23" count="190" type="cond" truecount="1" falsecount="1"/>
        <line num="24" count="190" type="cond" truecount="4" falsecount="2"/>
        <line num="25" count="95" type="stmt"/>
        <line num="26" count="42" type="stmt"/>
        <line num="27" count="0" type="stmt"/>
        <line num="28" count="0" type="stmt"/>
        <line num="30" count="53" type="cond" truecount="5" falsecount="2"/>
        <line num="31" count="0" type="cond" truecount="0" falsecount="6"/>
        <line num="32" count="0" type="cond" truecount="0" falsecount="4"/>
        <line num="33" count="0" type="cond" truecount="0" falsecount="4"/>
        <line num="34" count="0" type="cond" truecount="0" falsecount="2"/>
        <line num="35" count="0" type="stmt"/>
        <line num="37" count="95" type="stmt"/>
        <line num="38" count="190" type="stmt"/>
        <line num="39" count="53" type="cond" truecount="3" falsecount="1"/>
        <line num="42" count="9" type="cond" truecount="3" falsecount="0"/>
        <line num="43" count="9" type="cond" truecount="3" falsecount="1"/>
        <line num="45" count="9" type="stmt"/>
        <line num="46" count="9" type="stmt"/>
        <line num="47" count="9" type="stmt"/>
        <line num="48" count="9" type="stmt"/>
        <line num="49" count="9" type="stmt"/>
        <line num="50" count="9" type="stmt"/>
        <line num="51" count="9" type="stmt"/>
        <line num="52" count="9" type="stmt"/>
        <line num="53" count="9" type="stmt"/>
        <line num="54" count="9" type="stmt"/>
        <line num="55" count="9" type="stmt"/>
        <line num="58" count="17" type="stmt"/>
        <line num="59" count="17" type="stmt"/>
        <line num="61" count="17" type="stmt"/>
        <line num="62" count="51" type="cond" truecount="3" falsecount="0"/>
        <line num="63" count="17" type="stmt"/>
        <line num="65" count="17" type="stmt"/>
        <line num="66" count="17" type="stmt"/>
        <line num="67" count="17" type="stmt"/>
        <line num="68" count="17" type="stmt"/>
        <line num="74" count="1" type="stmt"/>
        <line num="75" count="1" type="stmt"/>
        <line num="77" count="1" type="stmt"/>
        <line num="78" count="3" type="cond" truecount="3" falsecount="0"/>
        <line num="79" count="1" type="stmt"/>
        <line num="81" count="1" type="stmt"/>
        <line num="82" count="1" type="stmt"/>
        <line num="83" count="1" type="stmt"/>
        <line num="84" count="1" type="stmt"/>
        <line num="90" count="1" type="stmt"/>
        <line num="91" count="1" type="stmt"/>
        <line num="93" count="1" type="stmt"/>
        <line num="94" count="3" type="cond" truecount="3" falsecount="0"/>
        <line num="95" count="1" type="stmt"/>
        <line num="97" count="1" type="stmt"/>
        <line num="98" count="1" type="stmt"/>
        <line num="99" count="1" type="stmt"/>
        <line num="100" count="1" type="stmt"/>
        <line num="106" count="1" type="stmt"/>
        <line num="107" count="1" type="stmt"/>
        <line num="109" count="1" type="stmt"/>
        <line num="110" count="3" type="cond" truecount="3" falsecount="0"/>
        <line num="111" count="1" type="stmt"/>
        <line num="113" count="1" type="stmt"/>
        <line num="114" count="1" type="stmt"/>
        <line num="115" count="1" type="stmt"/>
        <line num="116" count="1" type="stmt"/>
        <line num="122" count="1" type="stmt"/>
        <line num="123" count="1" type="stmt"/>
        <line num="125" count="1" type="stmt"/>
        <line num="126" count="3" type="cond" truecount="3" falsecount="0"/>
        <line num="127" count="1" type="stmt"/>
        <line num="129" count="1" type="stmt"/>
        <line num="130" count="1" type="stmt"/>
        <line num="131" count="1" type="stmt"/>
        <line num="133" count="1" type="stmt"/>
        <line num="134" count="1" type="cond" truecount="3" falsecount="1"/>
        <line num="142" count="8" type="stmt"/>
        <line num="143" count="8" type="stmt"/>
        <line num="144" count="8" type="stmt"/>
        <line num="149" count="8" type="stmt"/>
        <line num="150" count="8" type="stmt"/>
        <line num="151" count="8" type="stmt"/>
        <line num="156" count="8" type="stmt"/>
        <line num="157" count="8" type="stmt"/>
        <line num="158" count="8" type="stmt"/>
        <line num="163" count="8" type="stmt"/>
        <line num="164" count="8" type="stmt"/>
        <line num="165" count="8" type="stmt"/>
        <line num="171" count="9" type="cond" truecount="2" falsecount="0"/>
        <line num="172" count="9" type="stmt"/>
      </file>
      <file name="subscription-pubsub-chat-link-schema.js" path="/Users/admin/Documents/PersonalProjects/twitch-graphql/dist/schema/subscription-pubsub-chat-link-schema.js">
        <metrics statements="8" coveredstatements="8" conditionals="7" coveredconditionals="6" methods="1" coveredmethods="1"/>
        <line num="2" count="1" type="cond" truecount="3" falsecount="0"/>
        <line num="3" count="1" type="cond" truecount="1" falsecount="1"/>
        <line num="4" count="1" type="stmt"/>
        <line num="6" count="1" type="stmt"/>
        <line num="7" count="1" type="stmt"/>
        <line num="8" count="1" type="stmt"/>
        <line num="9" count="1" type="cond" truecount="2" falsecount="0"/>
        <line num="10" count="1" type="stmt"/>
      </file>
      <file name="subscription-pubsub-type-schema.js" path="/Users/admin/Documents/PersonalProjects/twitch-graphql/dist/schema/subscription-pubsub-type-schema.js">
        <metrics statements="62" coveredstatements="17" conditionals="87" coveredconditionals="18" methods="20" coveredmethods="2"/>
        <line num="2" count="1" type="cond" truecount="3" falsecount="0"/>
        <line num="3" count="1" type="cond" truecount="1" falsecount="1"/>
        <line num="4" count="1" type="stmt"/>
        <line num="6" count="1" type="cond" truecount="3" falsecount="0"/>
        <line num="7" count="0" type="cond" truecount="0" falsecount="2"/>
        <line num="8" count="0" type="cond" truecount="0" falsecount="2"/>
        <line num="9" count="0" type="stmt"/>
        <line num="10" count="0" type="stmt"/>
        <line num="11" count="0" type="cond" truecount="0" falsecount="2"/>
        <line num="12" count="0" type="cond" truecount="0" falsecount="2"/>
        <line num="15" count="1" type="cond" truecount="3" falsecount="0"/>
        <line num="16" count="0" type="cond" truecount="0" falsecount="2"/>
        <line num="17" count="0" type="cond" truecount="0" falsecount="2"/>
        <line num="18" count="0" type="stmt"/>
        <line num="20" count="0" type="cond" truecount="0" falsecount="2"/>
        <line num="21" count="0" type="stmt"/>
        <line num="22" count="0" type="cond" truecount="0" falsecount="13"/>
        <line num="23" count="0" type="cond" truecount="0" falsecount="2"/>
        <line num="24" count="0" type="cond" truecount="0" falsecount="6"/>
        <line num="25" count="0" type="stmt"/>
        <line num="26" count="0" type="stmt"/>
        <line num="27" count="0" type="stmt"/>
        <line num="28" count="0" type="stmt"/>
        <line num="30" count="0" type="cond" truecount="0" falsecount="7"/>
        <line num="31" count="0" type="cond" truecount="0" falsecount="6"/>
        <line num="32" count="0" type="cond" truecount="0" falsecount="4"/>
        <line num="33" count="0" type="cond" truecount="0" falsecount="4"/>
        <line num="34" count="0" type="cond" truecount="0" falsecount="2"/>
        <line num="35" count="0" type="stmt"/>
        <line num="37" count="0" type="stmt"/>
        <line num="38" count="0" type="stmt"/>
        <line num="39" count="0" type="cond" truecount="0" falsecount="4"/>
        <line num="42" count="1" type="cond" truecount="3" falsecount="0"/>
        <line num="43" count="2" type="cond" truecount="3" falsecount="1"/>
        <line num="45" count="1" type="stmt"/>
        <line num="46" count="1" type="stmt"/>
        <line num="47" count="1" type="stmt"/>
        <line num="48" count="1" type="stmt"/>
        <line num="49" count="1" type="stmt"/>
        <line num="50" count="1" type="stmt"/>
        <line num="51" count="1" type="stmt"/>
        <line num="52" count="1" type="stmt"/>
        <line num="56" count="0" type="stmt"/>
        <line num="57" count="0" type="stmt"/>
        <line num="59" count="0" type="stmt"/>
        <line num="60" count="0" type="cond" truecount="0" falsecount="5"/>
        <line num="62" count="0" type="stmt"/>
        <line num="63" count="0" type="stmt"/>
        <line num="65" count="0" type="stmt"/>
        <line num="66" count="0" type="stmt"/>
        <line num="68" count="0" type="stmt"/>
        <line num="69" count="0" type="stmt"/>
        <line num="71" count="0" type="stmt"/>
        <line num="72" count="0" type="stmt"/>
        <line num="74" count="0" type="stmt"/>
        <line num="75" count="0" type="stmt"/>
        <line num="76" count="0" type="stmt"/>
        <line num="78" count="0" type="stmt"/>
        <line num="79" count="0" type="stmt"/>
        <line num="85" count="0" type="stmt"/>
        <line num="90" count="1" type="cond" truecount="2" falsecount="0"/>
        <line num="91" count="1" type="stmt"/>
      </file>
      <file name="subscription-pubsub-user-link-schema.js" path="/Users/admin/Documents/PersonalProjects/twitch-graphql/dist/schema/subscription-pubsub-user-link-schema.js">
        <metrics statements="59" coveredstatements="16" conditionals="88" coveredconditionals="18" methods="21" coveredmethods="2"/>
        <line num="2" count="1" type="cond" truecount="3" falsecount="0"/>
        <line num="3" count="1" type="cond" truecount="1" falsecount="1"/>
        <line num="4" count="1" type="stmt"/>
        <line num="6" count="1" type="cond" truecount="3" falsecount="0"/>
        <line num="7" count="0" type="cond" truecount="0" falsecount="2"/>
        <line num="8" count="0" type="cond" truecount="0" falsecount="2"/>
        <line num="9" count="0" type="stmt"/>
        <line num="10" count="0" type="stmt"/>
        <line num="11" count="0" type="cond" truecount="0" falsecount="2"/>
        <line num="12" count="0" type="cond" truecount="0" falsecount="2"/>
        <line num="15" count="1" type="cond" truecount="3" falsecount="0"/>
        <line num="16" count="0" type="cond" truecount="0" falsecount="2"/>
        <line num="17" count="0" type="cond" truecount="0" falsecount="2"/>
        <line num="18" count="0" type="stmt"/>
        <line num="20" count="0" type="cond" truecount="0" falsecount="2"/>
        <line num="21" count="0" type="stmt"/>
        <line num="22" count="0" type="cond" truecount="0" falsecount="13"/>
        <line num="23" count="0" type="cond" truecount="0" falsecount="2"/>
        <line num="24" count="0" type="cond" truecount="0" falsecount="6"/>
        <line num="25" count="0" type="stmt"/>
        <line num="26" count="0" type="stmt"/>
        <line num="27" count="0" type="stmt"/>
        <line num="28" count="0" type="stmt"/>
        <line num="30" count="0" type="cond" truecount="0" falsecount="7"/>
        <line num="31" count="0" type="cond" truecount="0" falsecount="6"/>
        <line num="32" count="0" type="cond" truecount="0" falsecount="4"/>
        <line num="33" count="0" type="cond" truecount="0" falsecount="4"/>
        <line num="34" count="0" type="cond" truecount="0" falsecount="2"/>
        <line num="35" count="0" type="stmt"/>
        <line num="37" count="0" type="stmt"/>
        <line num="38" count="0" type="stmt"/>
        <line num="39" count="0" type="cond" truecount="0" falsecount="4"/>
        <line num="42" count="1" type="cond" truecount="3" falsecount="0"/>
        <line num="43" count="1" type="cond" truecount="3" falsecount="1"/>
        <line num="45" count="1" type="stmt"/>
        <line num="46" count="1" type="stmt"/>
        <line num="47" count="1" type="stmt"/>
        <line num="48" count="1" type="stmt"/>
        <line num="49" count="1" type="stmt"/>
        <line num="50" count="1" type="stmt"/>
        <line num="51" count="1" type="stmt"/>
        <line num="54" count="0" type="stmt"/>
        <line num="55" count="0" type="stmt"/>
        <line num="57" count="0" type="stmt"/>
        <line num="58" count="0" type="cond" truecount="0" falsecount="2"/>
        <line num="60" count="0" type="stmt"/>
        <line num="61" count="0" type="stmt"/>
        <line num="63" count="0" type="stmt"/>
        <line num="64" count="0" type="stmt"/>
        <line num="70" count="0" type="stmt"/>
        <line num="71" count="0" type="stmt"/>
        <line num="73" count="0" type="stmt"/>
        <line num="74" count="0" type="cond" truecount="0" falsecount="2"/>
        <line num="76" count="0" type="stmt"/>
        <line num="77" count="0" type="stmt"/>
        <line num="79" count="0" type="stmt"/>
        <line num="80" count="0" type="cond" truecount="0" falsecount="2"/>
        <line num="87" count="1" type="cond" truecount="2" falsecount="0"/>
        <line num="88" count="1" type="stmt"/>
      </file>
      <file name="user-subscriber-link-type-schema.js" path="/Users/admin/Documents/PersonalProjects/twitch-graphql/dist/schema/user-subscriber-link-type-schema.js">
        <metrics statements="76" coveredstatements="68" conditionals="98" coveredconditionals="59" methods="30" coveredmethods="27"/>
        <line num="2" count="7" type="cond" truecount="3" falsecount="0"/>
        <line num="3" count="7" type="cond" truecount="1" falsecount="1"/>
        <line num="4" count="7" type="stmt"/>
        <line num="6" count="7" type="cond" truecount="3" falsecount="0"/>
        <line num="7" count="20" type="cond" truecount="1" falsecount="1"/>
        <line num="8" count="18" type="cond" truecount="2" falsecount="0"/>
        <line num="9" count="20" type="stmt"/>
        <line num="10" count="0" type="stmt"/>
        <line num="11" count="38" type="cond" truecount="2" falsecount="0"/>
        <line num="12" count="18" type="cond" truecount="2" falsecount="0"/>
        <line num="15" count="7" type="cond" truecount="3" falsecount="0"/>
        <line num="16" count="20" type="cond" truecount="1" falsecount="1"/>
        <line num="17" count="18" type="cond" truecount="2" falsecount="0"/>
        <line num="18" count="54" type="stmt"/>
        <line num="20" count="38" type="cond" truecount="1" falsecount="1"/>
        <line num="21" count="76" type="stmt"/>
        <line num="22" count="76" type="cond" truecount="2" falsecount="11"/>
        <line num="23" count="76" type="cond" truecount="1" falsecount="1"/>
        <line num="24" count="76" type="cond" truecount="4" falsecount="2"/>
        <line num="25" count="38" type="stmt"/>
        <line num="26" count="20" type="stmt"/>
        <line num="27" count="0" type="stmt"/>
        <line num="28" count="0" type="stmt"/>
        <line num="30" count="18" type="cond" truecount="5" falsecount="2"/>
        <line num="31" count="0" type="cond" truecount="0" falsecount="6"/>
        <line num="32" count="0" type="cond" truecount="0" falsecount="4"/>
        <line num="33" count="0" type="cond" truecount="0" falsecount="4"/>
        <line num="34" count="0" type="cond" truecount="0" falsecount="2"/>
        <line num="35" count="0" type="stmt"/>
        <line num="37" count="38" type="stmt"/>
        <line num="38" count="76" type="stmt"/>
        <line num="39" count="18" type="cond" truecount="2" falsecount="2"/>
        <line num="42" count="7" type="cond" truecount="3" falsecount="0"/>
        <line num="43" count="7" type="cond" truecount="3" falsecount="1"/>
        <line num="45" count="7" type="stmt"/>
        <line num="46" count="7" type="stmt"/>
        <line num="47" count="7" type="stmt"/>
        <line num="48" count="7" type="stmt"/>
        <line num="49" count="7" type="stmt"/>
        <line num="50" count="7" type="stmt"/>
        <line num="51" count="7" type="stmt"/>
        <line num="54" count="14" type="stmt"/>
        <line num="55" count="14" type="stmt"/>
        <line num="56" count="28" type="cond" truecount="2" falsecount="0"/>
        <line num="57" count="14" type="stmt"/>
        <line num="58" count="14" type="stmt"/>
        <line num="66" count="1" type="stmt"/>
        <line num="67" count="1" type="stmt"/>
        <line num="68" count="2" type="cond" truecount="2" falsecount="0"/>
        <line num="69" count="1" type="stmt"/>
        <line num="70" count="1" type="stmt"/>
        <line num="76" count="1" type="stmt"/>
        <line num="77" count="1" type="stmt"/>
        <line num="79" count="1" type="stmt"/>
        <line num="80" count="3" type="cond" truecount="3" falsecount="0"/>
        <line num="81" count="1" type="stmt"/>
        <line num="83" count="1" type="stmt"/>
        <line num="84" count="1" type="stmt"/>
        <line num="86" count="1" type="stmt"/>
        <line num="87" count="1" type="cond" truecount="2" falsecount="0"/>
        <line num="93" count="1" type="stmt"/>
        <line num="94" count="1" type="stmt"/>
        <line num="95" count="2" type="cond" truecount="2" falsecount="0"/>
        <line num="96" count="1" type="stmt"/>
        <line num="97" count="1" type="stmt"/>
        <line num="103" count="1" type="stmt"/>
        <line num="104" count="1" type="stmt"/>
        <line num="106" count="1" type="stmt"/>
        <line num="107" count="3" type="cond" truecount="3" falsecount="0"/>
        <line num="108" count="1" type="stmt"/>
        <line num="110" count="1" type="stmt"/>
        <line num="111" count="1" type="stmt"/>
        <line num="113" count="1" type="stmt"/>
        <line num="114" count="1" type="cond" truecount="2" falsecount="0"/>
        <line num="121" count="7" type="cond" truecount="2" falsecount="0"/>
        <line num="122" count="7" type="stmt"/>
      </file>
      <file name="user-type-schema.js" path="/Users/admin/Documents/PersonalProjects/twitch-graphql/dist/schema/user-type-schema.js">
        <metrics statements="132" coveredstatements="114" conditionals="122" coveredconditionals="80" methods="50" coveredmethods="42"/>
        <line num="2" count="7" type="cond" truecount="3" falsecount="0"/>
        <line num="3" count="7" type="cond" truecount="1" falsecount="1"/>
        <line num="4" count="7" type="stmt"/>
        <line num="6" count="7" type="cond" truecount="3" falsecount="0"/>
        <line num="7" count="13" type="cond" truecount="2" falsecount="0"/>
        <line num="8" count="8" type="cond" truecount="2" falsecount="0"/>
        <line num="9" count="13" type="stmt"/>
        <line num="10" count="0" type="stmt"/>
        <line num="11" count="21" type="cond" truecount="2" falsecount="0"/>
        <line num="12" count="8" type="cond" truecount="2" falsecount="0"/>
        <line num="15" count="7" type="cond" truecount="3" falsecount="0"/>
        <line num="16" count="13" type="cond" truecount="1" falsecount="1"/>
        <line num="17" count="8" type="cond" truecount="2" falsecount="0"/>
        <line num="18" count="24" type="stmt"/>
        <line num="20" count="21" type="cond" truecount="1" falsecount="1"/>
        <line num="21" count="44" type="stmt"/>
        <line num="22" count="44" type="cond" truecount="2" falsecount="11"/>
        <line num="23" count="44" type="cond" truecount="1" falsecount="1"/>
        <line num="24" count="44" type="cond" truecount="4" falsecount="2"/>
        <line num="25" count="21" type="stmt"/>
        <line num="26" count="13" type="stmt"/>
        <line num="27" count="0" type="stmt"/>
        <line num="28" count="0" type="stmt"/>
        <line num="30" count="10" type="cond" truecount="6" falsecount="1"/>
        <line num="31" count="2" type="cond" truecount="3" falsecount="3"/>
        <line num="32" count="0" type="cond" truecount="0" falsecount="4"/>
        <line num="33" count="0" type="cond" truecount="0" falsecount="4"/>
        <line num="34" count="0" type="cond" truecount="0" falsecount="2"/>
        <line num="35" count="0" type="stmt"/>
        <line num="37" count="23" type="stmt"/>
        <line num="38" count="44" type="stmt"/>
        <line num="39" count="8" type="cond" truecount="2" falsecount="2"/>
        <line num="42" count="7" type="cond" truecount="3" falsecount="0"/>
        <line num="43" count="7" type="cond" truecount="3" falsecount="1"/>
        <line num="45" count="7" type="stmt"/>
        <line num="46" count="7" type="stmt"/>
        <line num="47" count="7" type="stmt"/>
        <line num="48" count="7" type="stmt"/>
        <line num="49" count="7" type="stmt"/>
        <line num="50" count="7" type="stmt"/>
        <line num="51" count="7" type="stmt"/>
        <line num="52" count="7" type="stmt"/>
        <line num="55" count="2" type="stmt"/>
        <line num="56" count="2" type="stmt"/>
        <line num="58" count="2" type="stmt"/>
        <line num="59" count="4" type="cond" truecount="2" falsecount="0"/>
        <line num="60" count="2" type="stmt"/>
        <line num="62" count="2" type="stmt"/>
        <line num="63" count="2" type="stmt"/>
        <line num="69" count="1" type="stmt"/>
        <line num="70" count="1" type="stmt"/>
        <line num="72" count="1" type="stmt"/>
        <line num="73" count="2" type="cond" truecount="2" falsecount="0"/>
        <line num="74" count="1" type="stmt"/>
        <line num="76" count="1" type="stmt"/>
        <line num="77" count="1" type="stmt"/>
        <line num="85" count="16" type="stmt"/>
        <line num="86" count="16" type="stmt"/>
        <line num="89" count="8" type="stmt"/>
        <line num="92" count="8" type="stmt"/>
        <line num="95" count="8" type="stmt"/>
        <line num="98" count="8" type="stmt"/>
        <line num="101" count="1" type="stmt"/>
        <line num="102" count="1" type="stmt"/>
        <line num="103" count="2" type="cond" truecount="2" falsecount="0"/>
        <line num="104" count="1" type="stmt"/>
        <line num="105" count="1" type="stmt"/>
        <line num="111" count="1" type="stmt"/>
        <line num="112" count="1" type="stmt"/>
        <line num="114" count="1" type="stmt"/>
        <line num="115" count="4" type="cond" truecount="5" falsecount="0"/>
        <line num="116" count="1" type="stmt"/>
        <line num="118" count="1" type="stmt"/>
        <line num="119" count="1" type="stmt"/>
        <line num="121" count="1" type="stmt"/>
        <line num="122" count="1" type="stmt"/>
        <line num="123" count="1" type="cond" truecount="1" falsecount="1"/>
        <line num="124" count="1" type="cond" truecount="3" falsecount="1"/>
        <line num="126" count="1" type="stmt"/>
        <line num="127" count="1" type="stmt"/>
        <line num="128" count="1" type="stmt"/>
        <line num="134" count="1" type="stmt"/>
        <line num="135" count="1" type="stmt"/>
        <line num="136" count="1" type="stmt"/>
        <line num="141" count="1" type="stmt"/>
        <line num="142" count="1" type="stmt"/>
        <line num="144" count="1" type="stmt"/>
        <line num="145" count="3" type="cond" truecount="3" falsecount="0"/>
        <line num="146" count="1" type="stmt"/>
        <line num="148" count="1" type="stmt"/>
        <line num="149" count="1" type="stmt"/>
        <line num="151" count="1" type="stmt"/>
        <line num="152" count="1" type="cond" truecount="2" falsecount="0"/>
        <line num="158" count="1" type="stmt"/>
        <line num="159" count="1" type="stmt"/>
        <line num="162" count="1" type="stmt"/>
        <line num="163" count="7" type="cond" truecount="8" falsecount="0"/>
        <line num="164" count="1" type="stmt"/>
        <line num="166" count="1" type="stmt"/>
        <line num="167" count="1" type="stmt"/>
        <line num="171" count="1" type="stmt"/>
        <line num="172" count="1" type="stmt"/>
        <line num="173" count="1" type="cond" truecount="1" falsecount="1"/>
        <line num="174" count="0" type="stmt"/>
        <line num="175" count="1" type="stmt"/>
        <line num="176" count="1" type="stmt"/>
        <line num="178" count="2" type="cond" truecount="2" falsecount="0"/>
        <line num="179" count="1" type="stmt"/>
        <line num="181" count="1" type="stmt"/>
        <line num="182" count="1" type="cond" truecount="1" falsecount="1"/>
        <line num="183" count="1" type="stmt"/>
        <line num="184" count="1" type="stmt"/>
        <line num="186" count="1" type="stmt"/>
        <line num="187" count="1" type="stmt"/>
        <line num="189" count="1" type="stmt"/>
        <line num="190" count="2" type="stmt"/>
        <line num="193" count="1" type="stmt"/>
        <line num="194" count="1" type="stmt"/>
        <line num="203" count="4" type="stmt"/>
        <line num="206" count="4" type="stmt"/>
        <line num="209" count="0" type="stmt"/>
        <line num="210" count="0" type="stmt"/>
        <line num="211" count="0" type="cond" truecount="0" falsecount="2"/>
[...]
        <metrics statements="7" coveredstatements="7" conditionals="4" coveredconditionals="4" methods="1" coveredmethods="1"/>
        <line num="1" count="3" type="stmt"/>
        <line num="3" count="3" type="stmt"/>
        <line num="4" count="3" type="stmt"/>
        <line num="6" count="3" type="stmt"/>
        <line num="9" count="2" type="cond" truecount="2" falsecount="0"/>
        <line num="14" count="3" type="cond" truecount="2" falsecount="0"/>
        <line num="20" count="3" type="stmt"/>
      </file>
      <file name="game-type-schema.ts" path="/Users/admin/Documents/PersonalProjects/twitch-graphql/src/schema/game-type-schema.ts">
        <metrics statements="13" coveredstatements="13" conditionals="4" coveredconditionals="4" methods="4" coveredmethods="4"/>
        <line num="1" count="3" type="stmt"/>
        <line num="3" count="3" type="stmt"/>
        <line num="4" count="3" type="stmt"/>
        <line num="5" count="3" type="stmt"/>
        <line num="7" count="3" type="stmt"/>
        <line num="12" count="1" type="stmt"/>
        <line num="14" count="1" type="cond" truecount="2" falsecount="0"/>
        <line num="16" count="1" type="stmt"/>
        <line num="21" count="3" type="stmt"/>
        <line num="24" count="3" type="stmt"/>
        <line num="27" count="3" type="stmt"/>
        <line num="32" count="3" type="cond" truecount="2" falsecount="0"/>
        <line num="44" count="3" type="stmt"/>
      </file>
      <file name="query-type-schema.ts" path="/Users/admin/Documents/PersonalProjects/twitch-graphql/src/schema/query-type-schema.ts">
        <metrics statements="5" coveredstatements="4" conditionals="2" coveredconditionals="2" methods="1" coveredmethods="0"/>
        <line num="1" count="9" type="stmt"/>
        <line num="3" count="9" type="stmt"/>
        <line num="5" count="0" type="stmt"/>
        <line num="9" count="9" type="cond" truecount="2" falsecount="0"/>
        <line num="21" count="9" type="stmt"/>
      </file>
      <file name="redemption-pubsub-type-schema.ts" path="/Users/admin/Documents/PersonalProjects/twitch-graphql/src/schema/redemption-pubsub-type-schema.ts">
        <metrics statements="19" coveredstatements="8" conditionals="2" coveredconditionals="2" methods="3" coveredmethods="0"/>
        <line num="1" count="1" type="stmt"/>
        <line num="2" count="1" type="stmt"/>
        <line num="3" count="1" type="stmt"/>
        <line num="4" count="1" type="stmt"/>
        <line num="5" count="1" type="stmt"/>
        <line num="7" count="1" type="stmt"/>
        <line num="13" count="0" type="stmt"/>
        <line num="15" count="0" type="stmt"/>
        <line num="17" count="0" type="stmt"/>
        <line num="18" count="0" type="stmt"/>
        <line num="19" count="0" type="stmt"/>
        <line num="20" count="0" type="stmt"/>
        <line num="21" count="0" type="stmt"/>
        <line num="22" count="0" type="stmt"/>
        <line num="24" count="0" type="stmt"/>
        <line num="26" count="0" type="stmt"/>
        <line num="29" count="0" type="stmt"/>
        <line num="35" count="1" type="cond" truecount="2" falsecount="0"/>
        <line num="58" count="1" type="stmt"/>
      </file>
      <file name="redemption-pubsub-user-link-type-schema.ts" path="/Users/admin/Documents/PersonalProjects/twitch-graphql/src/schema/redemption-pubsub-user-link-type-schema.ts">
        <metrics statements="15" coveredstatements="7" conditionals="2" coveredconditionals="2" methods="2" coveredmethods="0"/>
        <line num="1" count="1" type="stmt"/>
        <line num="3" count="1" type="stmt"/>
        <line num="4" count="1" type="stmt"/>
        <line num="5" count="1" type="stmt"/>
        <line num="7" count="1" type="stmt"/>
        <line num="12" count="0" type="stmt"/>
        <line num="14" count="0" type="stmt"/>
        <line num="15" count="0" type="stmt"/>
        <line num="17" count="0" type="stmt"/>
        <line num="22" count="0" type="stmt"/>
        <line num="24" count="0" type="stmt"/>
        <line num="25" count="0" type="stmt"/>
        <line num="27" count="0" type="stmt"/>
        <line num="32" count="1" type="cond" truecount="2" falsecount="0"/>
        <line num="39" count="1" type="stmt"/>
      </file>
      <file name="stream-type-schema.ts" path="/Users/admin/Documents/PersonalProjects/twitch-graphql/src/schema/stream-type-schema.ts">
        <metrics statements="32" coveredstatements="29" conditionals="46" coveredconditionals="28" methods="11" coveredmethods="10"/>
        <line num="1" count="5" type="stmt"/>
        <line num="2" count="5" type="stmt"/>
        <line num="4" count="5" type="stmt"/>
        <line num="5" count="5" type="stmt"/>
        <line num="6" count="5" type="stmt"/>
        <line num="8" count="5" type="stmt"/>
        <line num="13" count="1" type="stmt"/>
        <line num="15" count="1" type="cond" truecount="2" falsecount="0"/>
        <line num="16" count="1" type="stmt"/>
        <line num="18" count="1" type="cond" truecount="10" falsecount="4"/>
        <line num="19" count="0" type="cond" truecount="0" falsecount="2"/>
        <line num="20" count="0" type="stmt"/>
        <line num="23" count="0" type="cond" truecount="0" falsecount="2"/>
        <line num="26" count="1" type="stmt"/>
        <line num="33" count="1" type="stmt"/>
        <line num="35" count="1" type="stmt"/>
        <line num="36" count="1" type="cond" truecount="1" falsecount="1"/>
        <line num="38" count="2" type="cond" truecount="5" falsecount="1"/>
        <line num="39" count="2" type="stmt"/>
        <line num="40" count="1" type="cond" truecount="1" falsecount="1"/>
        <line num="43" count="1" type="stmt"/>
        <line num="44" count="1" type="stmt"/>
        <line num="52" count="3" type="stmt"/>
        <line num="55" count="3" type="stmt"/>
        <line num="58" count="3" type="stmt"/>
        <line num="61" count="3" type="stmt"/>
        <line num="64" count="3" type="stmt"/>
        <line num="67" count="3" type="stmt"/>
        <line num="70" count="3" type="stmt"/>
        <line num="73" count="3" type="stmt"/>
        <line num="78" count="5" type="cond" truecount="2" falsecount="0"/>
        <line num="115" count="5" type="stmt"/>
      </file>
      <file name="stream-user-link-type-schema.ts" path="/Users/admin/Documents/PersonalProjects/twitch-graphql/src/schema/stream-user-link-type-schema.ts">
        <metrics statements="6" coveredstatements="5" conditionals="6" coveredconditionals="4" methods="2" coveredmethods="1"/>
        <line num="1" count="5" type="stmt"/>
        <line num="4" count="5" type="stmt"/>
        <line num="7" count="0" type="cond" truecount="0" falsecount="2"/>
        <line num="12" count="4" type="cond" truecount="2" falsecount="0"/>
        <line num="17" count="5" type="cond" truecount="2" falsecount="0"/>
        <line num="26" count="5" type="stmt"/>
      </file>
      <file name="subscriber-type-schema.ts" path="/Users/admin/Documents/PersonalProjects/twitch-graphql/src/schema/subscriber-type-schema.ts">
        <metrics statements="36" coveredstatements="36" conditionals="15" coveredconditionals="14" methods="10" coveredmethods="10"/>
        <line num="1" count="9" type="stmt"/>
        <line num="2" count="9" type="stmt"/>
        <line num="3" count="9" type="stmt"/>
        <line num="4" count="9" type="stmt"/>
        <line num="5" count="9" type="stmt"/>
        <line num="7" count="9" type="stmt"/>
        <line num="8" count="9" type="stmt"/>
        <line num="9" count="9" type="stmt"/>
        <line num="11" count="9" type="stmt"/>
        <line num="16" count="17" type="stmt"/>
        <line num="18" count="17" type="cond" truecount="2" falsecount="0"/>
        <line num="19" count="17" type="stmt"/>
        <line num="20" count="17" type="stmt"/>
        <line num="25" count="1" type="stmt"/>
        <line num="27" count="1" type="cond" truecount="2" falsecount="0"/>
        <line num="28" count="1" type="stmt"/>
        <line num="29" count="1" type="stmt"/>
        <line num="34" count="1" type="stmt"/>
        <line num="36" count="1" type="cond" truecount="2" falsecount="0"/>
        <line num="37" count="1" type="stmt"/>
        <line num="39" count="1" type="stmt"/>
        <line num="44" count="1" type="stmt"/>
        <line num="46" count="1" type="cond" truecount="2" falsecount="0"/>
        <line num="47" count="1" type="stmt"/>
        <line num="49" count="1" type="stmt"/>
        <line num="54" count="1" type="stmt"/>
        <line num="56" count="1" type="cond" truecount="1" falsecount="0"/>
        <line num="57" count="1" type="stmt"/>
        <line num="59" count="1" type="stmt"/>
        <line num="61" count="1" type="cond" truecount="3" falsecount="1"/>
        <line num="66" count="8" type="stmt"/>
        <line num="69" count="8" type="stmt"/>
        <line num="72" count="8" type="stmt"/>
        <line num="75" count="8" type="stmt"/>
        <line num="80" count="9" type="cond" truecount="2" falsecount="0"/>
        <line num="98" count="9" type="stmt"/>
      </file>
      <file name="subscription-pubsub-chat-link-schema.ts" path="/Users/admin/Documents/PersonalProjects/twitch-graphql/src/schema/subscription-pubsub-chat-link-schema.ts">
        <metrics statements="3" coveredstatements="3" conditionals="2" coveredconditionals="2" methods="0" coveredmethods="0"/>
        <line num="1" count="1" type="stmt"/>
        <line num="3" count="1" type="cond" truecount="2" falsecount="0"/>
        <line num="9" count="1" type="stmt"/>
      </file>
      <file name="subscription-pubsub-type-schema.ts" path="/Users/admin/Documents/PersonalProjects/twitch-graphql/src/schema/subscription-pubsub-type-schema.ts">
        <metrics statements="19" coveredstatements="8" conditionals="2" coveredconditionals="2" methods="3" coveredmethods="0"/>
        <line num="1" count="1" type="stmt"/>
        <line num="2" count="1" type="stmt"/>
        <line num="3" count="1" type="stmt"/>
        <line num="4" count="1" type="stmt"/>
        <line num="5" count="1" type="stmt"/>
        <line num="7" count="1" type="stmt"/>
        <line num="13" count="0" type="stmt"/>
        <line num="15" count="0" type="stmt"/>
        <line num="17" count="0" type="stmt"/>
        <line num="18" count="0" type="stmt"/>
        <line num="19" count="0" type="stmt"/>
        <line num="20" count="0" type="stmt"/>
        <line num="22" count="0" type="stmt"/>
        <line num="23" count="0" type="stmt"/>
        <line num="25" count="0" type="stmt"/>
        <line num="27" count="0" type="stmt"/>
        <line num="30" count="0" type="stmt"/>
        <line num="36" count="1" type="cond" truecount="2" falsecount="0"/>
        <line num="59" count="1" type="stmt"/>
      </file>
      <file name="subscription-pubsub-user-link-schema.ts" path="/Users/admin/Documents/PersonalProjects/twitch-graphql/src/schema/subscription-pubsub-user-link-schema.ts">
        <metrics statements="15" coveredstatements="7" conditionals="4" coveredconditionals="2" methods="2" coveredmethods="0"/>
        <line num="1" count="1" type="stmt"/>
        <line num="3" count="1" type="stmt"/>
        <line num="4" count="1" type="stmt"/>
        <line num="5" count="1" type="stmt"/>
        <line num="7" count="1" type="stmt"/>
        <line num="12" count="0" type="stmt"/>
        <line num="14" count="0" type="stmt"/>
        <line num="15" count="0" type="stmt"/>
        <line num="17" count="0" type="stmt"/>
        <line num="22" count="0" type="stmt"/>
        <line num="24" count="0" type="stmt"/>
        <line num="25" count="0" type="stmt"/>
        <line num="27" count="0" type="stmt"/>
        <line num="34" count="1" type="cond" truecount="2" falsecount="0"/>
        <line num="41" count="1" type="stmt"/>
      </file>
      <file name="user-subscriber-link-type-schema.ts" path="/Users/admin/Documents/PersonalProjects/twitch-graphql/src/schema/user-subscriber-link-type-schema.ts">
        <metrics statements="18" coveredstatements="18" conditionals="14" coveredconditionals="14" methods="5" coveredmethods="5"/>
        <line num="1" count="7" type="stmt"/>
        <line num="3" count="7" type="stmt"/>
        <line num="4" count="7" type="stmt"/>
        <line num="5" count="7" type="stmt"/>
        <line num="7" count="7" type="stmt"/>
        <line num="10" count="14" type="cond" truecount="2" falsecount="0"/>
        <line num="15" count="1" type="cond" truecount="2" falsecount="0"/>
        <line num="20" count="1" type="stmt"/>
        <line num="22" count="1" type="cond" truecount="1" falsecount="0"/>
        <line num="24" count="1" type="stmt"/>
        <line num="28" count="1" type="cond" truecount="2" falsecount="0"/>
        <line num="31" count="1" type="cond" truecount="2" falsecount="0"/>
        <line num="36" count="1" type="stmt"/>
        <line num="38" count="1" type="cond" truecount="1" falsecount="0"/>
        <line num="40" count="1" type="stmt"/>
        <line num="44" count="1" type="cond" truecount="2" falsecount="0"/>
        <line num="49" count="7" type="cond" truecount="2" falsecount="0"/>
        <line num="62" count="7" type="stmt"/>
      </file>
      <file name="user-type-schema.ts" path="/Users/admin/Documents/PersonalProjects/twitch-graphql/src/schema/user-type-schema.ts">
        <metrics statements="45" coveredstatements="43" conditionals="29" coveredconditionals="21" methods="17" coveredmethods="15"/>
        <line num="1" count="7" type="stmt"/>
        <line num="2" count="7" type="stmt"/>
        <line num="3" count="7" type="stmt"/>
        <line num="4" count="7" type="stmt"/>
        <line num="5" count="7" type="stmt"/>
        <line num="7" count="7" type="stmt"/>
        <line num="12" count="2" type="stmt"/>
        <line num="14" count="2" type="cond" truecount="1" falsecount="0"/>
        <line num="16" count="2" type="stmt"/>
        <line num="21" count="1" type="stmt"/>
        <line num="23" count="1" type="cond" truecount="1" falsecount="0"/>
        <line num="25" count="1" type="stmt"/>
        <line num="30" count="16" type="stmt"/>
        <line num="31" count="16" type="stmt"/>
        <line num="34" count="8" type="stmt"/>
        <line num="37" count="8" type="stmt"/>
        <line num="40" count="8" type="stmt"/>
        <line num="43" count="8" type="stmt"/>
        <line num="46" count="1" type="cond" truecount="2" falsecount="0"/>
        <line num="51" count="1" type="stmt"/>
        <line num="53" count="1" type="cond" truecount="2" falsecount="0"/>
        <line num="55" count="1" type="stmt"/>
        <line num="59" count="1" type="cond" truecount="4" falsecount="2"/>
        <line num="62" count="1" type="stmt"/>
        <line num="67" count="1" type="stmt"/>
        <line num="69" count="1" type="cond" truecount="1" falsecount="0"/>
        <line num="71" count="1" type="stmt"/>
        <line num="75" count="1" type="cond" truecount="2" falsecount="0"/>
        <line num="80" count="1" type="stmt"/>
        <line num="82" count="1" type="cond" truecount="2" falsecount="0"/>
        <line num="83" count="1" type="stmt"/>
        <line num="87" count="1" type="stmt"/>
        <line num="88" count="1" type="cond" truecount="1" falsecount="1"/>
        <line num="89" count="2" type="cond" truecount="2" falsecount="0"/>
        <line num="90" count="2" type="stmt"/>
        <line num="91" count="1" type="cond" truecount="1" falsecount="1"/>
        <line num="94" count="1" type="stmt"/>
        <line num="95" count="2" type="stmt"/>
        <line num="97" count="1" type="stmt"/>
        <line num="103" count="4" type="stmt"/>
        <line num="106" count="4" type="stmt"/>
        <line num="109" count="0" type="cond" truecount="0" falsecount="2"/>
        <line num="112" count="0" type="cond" truecount="0" falsecount="2"/>
        <line num="117" count="7" type="cond" truecount="2" falsecount="0"/>
        <line num="153" count="7" type="stmt"/>
      </file>
    </package>
    <package name="src.subscriptions">
      <metrics statements="22" coveredstatements="22" conditionals="18" coveredconditionals="15" methods="8" coveredmethods="8"/>
      <file name="GetLatestSub.ts" path="/Users/admin/Documents/PersonalProjects/twitch-graphql/src/subscriptions/GetLatestSub.ts">
        <metrics statements="8" coveredstatements="8" conditionals="15" coveredconditionals="12" methods="3" coveredmethods="3"/>
        <line num="1" count="9" type="stmt"/>
        <line num="30" count="9" type="stmt"/>
        <line num="32" count="17" type="stmt"/>
        <line num="34" count="17" type="cond" truecount="1" falsecount="0"/>
        <line num="39" count="17" type="stmt"/>
        <line num="43" count="16" type="stmt"/>
        <line num="44" count="32" type="cond" truecount="9" falsecount="3"/>
        <line num="47" count="16" type="cond" truecount="2" falsecount="0"/>
      </file>
      <file name="GetRandomSub.ts" path="/Users/admin/Documents/PersonalProjects/twitch-graphql/src/subscriptions/GetRandomSub.ts">
        <metrics statements="6" coveredstatements="6" conditionals="1" coveredconditionals="1" methods="2" coveredmethods="2"/>
        <line num="3" count="9" type="stmt"/>
        <line num="5" count="1" type="stmt"/>
        <line num="7" count="1" type="cond" truecount="1" falsecount="0"/>
        <line num="10" count="1" type="stmt"/>
        <line num="11" count="1" type="stmt"/>
        <line num="12" count="1" type="stmt"/>
      </file>
      <file name="GetSubs.ts" path="/Users/admin/Documents/PersonalProjects/twitch-graphql/src/subscriptions/GetSubs.ts">
        <metrics statements="4" coveredstatements="4" conditionals="1" coveredconditionals="1" methods="2" coveredmethods="2"/>
        <line num="3" count="9" type="stmt"/>
        <line num="5" count="2" type="stmt"/>
        <line num="7" count="2" type="cond" truecount="1" falsecount="0"/>
        <line num="11" count="2" type="stmt"/>
      </file>
      <file name="SubCount.ts" path="/Users/admin/Documents/PersonalProjects/twitch-graphql/src/subscriptions/SubCount.ts">
        <metrics statements="4" coveredstatements="4" conditionals="1" coveredconditionals="1" methods="1" coveredmethods="1"/>
        <line num="3" count="9" type="stmt"/>
        <line num="7" count="1" type="cond" truecount="1" falsecount="0"/>
        <line num="10" count="1" type="stmt"/>
        <line num="12" count="1" type="stmt"/>
      </file>
    </package>
    <package name="src.tests">
      <metrics statements="19" coveredstatements="19" conditionals="0" coveredconditionals="0" methods="0" coveredmethods="0"/>
      <file name="mocks.ts" path="/Users/admin/Documents/PersonalProjects/twitch-graphql/src/tests/mocks.ts">
        <metrics statements="19" coveredstatements="19" conditionals="0" coveredconditionals="0" methods="0" coveredmethods="0"/>
        <line num="1" count="9" type="stmt"/>
        <line num="6" count="9" type="stmt"/>
        <line num="56" count="9" type="stmt"/>
        <line num="120" count="9" type="stmt"/>
        <line num="144" count="9" type="stmt"/>
        <line num="169" count="9" type="stmt"/>
        <line num="193" count="9" type="stmt"/>
        <line num="224" count="9" type="stmt"/>
        <line num="251" count="9" type="stmt"/>
        <line num="273" count="9" type="stmt"/>
        <line num="295" count="9" type="stmt"/>
        <line num="308" count="9" type="stmt"/>
        <line num="314" count="9" type="stmt"/>
        <line num="325" count="9" type="stmt"/>
        <line num="340" count="9" type="stmt"/>
        <line num="365" count="9" type="stmt"/>
        <line num="380" count="9" type="stmt"/>
        <line num="409" count="9" type="stmt"/>
        <line num="424" count="9" type="stmt"/>
      </file>
    </package>
  </project>
</coverage>
