{"/Users/admin/Documents/PersonalProjects/twitch-graphql/dist/index.js": {"path":"/Users/admin/Documents/PersonalProjects/twitch-graphql/dist/index.js","statementMap":{"0":{"start":{"line":2,"column":0},"end":{"line":2,"column":62}},"1":{"start":{"line":3,"column":0},"end":{"line":3,"column":1542}},"2":{"start":{"line":4,"column":25},"end":{"line":4,"column":61}},"3":{"start":{"line":5,"column":0},"end":{"line":5,"column":127}},"4":{"start":{"line":5,"column":84},"end":{"line":5,"column":121}},"5":{"start":{"line":6,"column":0},"end":{"line":6,"column":133}},"6":{"start":{"line":6,"column":87},"end":{"line":6,"column":127}},"7":{"start":{"line":7,"column":0},"end":{"line":7,"column":127}},"8":{"start":{"line":7,"column":84},"end":{"line":7,"column":121}},"9":{"start":{"line":8,"column":31},"end":{"line":8,"column":73}},"10":{"start":{"line":9,"column":0},"end":{"line":9,"column":145}},"11":{"start":{"line":9,"column":90},"end":{"line":9,"column":139}},"12":{"start":{"line":10,"column":0},"end":{"line":10,"column":151}},"13":{"start":{"line":10,"column":93},"end":{"line":10,"column":145}},"14":{"start":{"line":11,"column":0},"end":{"line":11,"column":145}},"15":{"start":{"line":11,"column":90},"end":{"line":11,"column":139}},"16":{"start":{"line":12,"column":27},"end":{"line":12,"column":65}},"17":{"start":{"line":13,"column":0},"end":{"line":13,"column":133}},"18":{"start":{"line":13,"column":86},"end":{"line":13,"column":127}},"19":{"start":{"line":14,"column":0},"end":{"line":14,"column":139}},"20":{"start":{"line":14,"column":89},"end":{"line":14,"column":133}},"21":{"start":{"line":15,"column":0},"end":{"line":15,"column":133}},"22":{"start":{"line":15,"column":86},"end":{"line":15,"column":127}},"23":{"start":{"line":16,"column":25},"end":{"line":16,"column":61}},"24":{"start":{"line":17,"column":0},"end":{"line":17,"column":127}},"25":{"start":{"line":17,"column":84},"end":{"line":17,"column":121}},"26":{"start":{"line":18,"column":0},"end":{"line":18,"column":133}},"27":{"start":{"line":18,"column":87},"end":{"line":18,"column":127}},"28":{"start":{"line":19,"column":0},"end":{"line":19,"column":127}},"29":{"start":{"line":19,"column":84},"end":{"line":19,"column":121}},"30":{"start":{"line":20,"column":26},"end":{"line":20,"column":63}},"31":{"start":{"line":21,"column":0},"end":{"line":21,"column":130}},"32":{"start":{"line":21,"column":85},"end":{"line":21,"column":124}},"33":{"start":{"line":22,"column":0},"end":{"line":22,"column":136}},"34":{"start":{"line":22,"column":88},"end":{"line":22,"column":130}},"35":{"start":{"line":23,"column":0},"end":{"line":23,"column":130}},"36":{"start":{"line":23,"column":85},"end":{"line":23,"column":124}},"37":{"start":{"line":24,"column":41},"end":{"line":24,"column":93}},"38":{"start":{"line":25,"column":0},"end":{"line":25,"column":171}},"39":{"start":{"line":25,"column":98},"end":{"line":25,"column":165}},"40":{"start":{"line":26,"column":0},"end":{"line":26,"column":177}},"41":{"start":{"line":26,"column":101},"end":{"line":26,"column":171}},"42":{"start":{"line":27,"column":0},"end":{"line":27,"column":171}},"43":{"start":{"line":27,"column":98},"end":{"line":27,"column":165}},"44":{"start":{"line":28,"column":37},"end":{"line":28,"column":85}},"45":{"start":{"line":29,"column":0},"end":{"line":29,"column":159}},"46":{"start":{"line":29,"column":94},"end":{"line":29,"column":153}},"47":{"start":{"line":30,"column":0},"end":{"line":30,"column":165}},"48":{"start":{"line":30,"column":97},"end":{"line":30,"column":159}},"49":{"start":{"line":31,"column":0},"end":{"line":31,"column":159}},"50":{"start":{"line":31,"column":94},"end":{"line":31,"column":153}},"51":{"start":{"line":32,"column":37},"end":{"line":32,"column":85}},"52":{"start":{"line":33,"column":0},"end":{"line":33,"column":159}},"53":{"start":{"line":33,"column":94},"end":{"line":33,"column":153}},"54":{"start":{"line":34,"column":0},"end":{"line":34,"column":165}},"55":{"start":{"line":34,"column":97},"end":{"line":34,"column":159}},"56":{"start":{"line":35,"column":0},"end":{"line":35,"column":159}},"57":{"start":{"line":35,"column":94},"end":{"line":35,"column":153}},"58":{"start":{"line":36,"column":38},"end":{"line":36,"column":87}},"59":{"start":{"line":37,"column":0},"end":{"line":37,"column":164}},"60":{"start":{"line":37,"column":96},"end":{"line":37,"column":158}},"61":{"start":{"line":38,"column":0},"end":{"line":38,"column":170}},"62":{"start":{"line":38,"column":99},"end":{"line":38,"column":164}},"63":{"start":{"line":39,"column":0},"end":{"line":39,"column":164}},"64":{"start":{"line":39,"column":96},"end":{"line":39,"column":158}},"65":{"start":{"line":40,"column":48},"end":{"line":40,"column":107}},"66":{"start":{"line":41,"column":0},"end":{"line":41,"column":178}},"67":{"start":{"line":41,"column":98},"end":{"line":41,"column":172}},"68":{"start":{"line":42,"column":0},"end":{"line":42,"column":184}},"69":{"start":{"line":42,"column":101},"end":{"line":42,"column":178}},"70":{"start":{"line":43,"column":0},"end":{"line":43,"column":178}},"71":{"start":{"line":43,"column":98},"end":{"line":43,"column":172}},"72":{"start":{"line":44,"column":32},"end":{"line":44,"column":75}},"73":{"start":{"line":45,"column":0},"end":{"line":45,"column":146}},"74":{"start":{"line":45,"column":90},"end":{"line":45,"column":140}},"75":{"start":{"line":46,"column":0},"end":{"line":46,"column":152}},"76":{"start":{"line":46,"column":93},"end":{"line":46,"column":146}},"77":{"start":{"line":47,"column":0},"end":{"line":47,"column":146}},"78":{"start":{"line":47,"column":90},"end":{"line":47,"column":140}},"79":{"start":{"line":48,"column":37},"end":{"line":48,"column":85}},"80":{"start":{"line":49,"column":0},"end":{"line":49,"column":155}},"81":{"start":{"line":49,"column":92},"end":{"line":49,"column":149}},"82":{"start":{"line":50,"column":0},"end":{"line":50,"column":161}},"83":{"start":{"line":50,"column":95},"end":{"line":50,"column":155}},"84":{"start":{"line":51,"column":0},"end":{"line":51,"column":155}},"85":{"start":{"line":51,"column":92},"end":{"line":51,"column":149}},"86":{"start":{"line":52,"column":31},"end":{"line":52,"column":73}},"87":{"start":{"line":53,"column":0},"end":{"line":53,"column":143}},"88":{"start":{"line":53,"column":89},"end":{"line":53,"column":137}},"89":{"start":{"line":54,"column":0},"end":{"line":54,"column":149}},"90":{"start":{"line":54,"column":92},"end":{"line":54,"column":143}},"91":{"start":{"line":55,"column":0},"end":{"line":55,"column":143}},"92":{"start":{"line":55,"column":89},"end":{"line":55,"column":137}},"93":{"start":{"line":56,"column":36},"end":{"line":56,"column":83}},"94":{"start":{"line":57,"column":0},"end":{"line":57,"column":152}},"95":{"start":{"line":57,"column":91},"end":{"line":57,"column":146}},"96":{"start":{"line":58,"column":0},"end":{"line":58,"column":158}},"97":{"start":{"line":58,"column":94},"end":{"line":58,"column":152}},"98":{"start":{"line":59,"column":0},"end":{"line":59,"column":152}},"99":{"start":{"line":59,"column":91},"end":{"line":59,"column":146}},"100":{"start":{"line":60,"column":40},"end":{"line":60,"column":91}},"101":{"start":{"line":61,"column":0},"end":{"line":61,"column":170}},"102":{"start":{"line":61,"column":98},"end":{"line":61,"column":164}},"103":{"start":{"line":62,"column":0},"end":{"line":62,"column":176}},"104":{"start":{"line":62,"column":101},"end":{"line":62,"column":170}},"105":{"start":{"line":63,"column":0},"end":{"line":63,"column":170}},"106":{"start":{"line":63,"column":98},"end":{"line":63,"column":164}},"107":{"start":{"line":64,"column":45},"end":{"line":64,"column":101}},"108":{"start":{"line":65,"column":0},"end":{"line":65,"column":191}},"109":{"start":{"line":65,"column":106},"end":{"line":65,"column":185}},"110":{"start":{"line":66,"column":0},"end":{"line":66,"column":197}},"111":{"start":{"line":66,"column":109},"end":{"line":66,"column":191}},"112":{"start":{"line":67,"column":0},"end":{"line":67,"column":191}},"113":{"start":{"line":67,"column":106},"end":{"line":67,"column":185}},"114":{"start":{"line":68,"column":45},"end":{"line":68,"column":101}},"115":{"start":{"line":69,"column":0},"end":{"line":69,"column":191}},"116":{"start":{"line":69,"column":106},"end":{"line":69,"column":185}},"117":{"start":{"line":70,"column":0},"end":{"line":70,"column":191}},"118":{"start":{"line":70,"column":106},"end":{"line":70,"column":185}}},"fnMap":{"0":{"name":"(anonymous_0)","decl":{"start":{"line":5,"column":70},"end":{"line":5,"column":71}},"loc":{"start":{"line":5,"column":82},"end":{"line":5,"column":123}},"line":5},"1":{"name":"(anonymous_1)","decl":{"start":{"line":6,"column":73},"end":{"line":6,"column":74}},"loc":{"start":{"line":6,"column":85},"end":{"line":6,"column":129}},"line":6},"2":{"name":"(anonymous_2)","decl":{"start":{"line":7,"column":70},"end":{"line":7,"column":71}},"loc":{"start":{"line":7,"column":82},"end":{"line":7,"column":123}},"line":7},"3":{"name":"(anonymous_3)","decl":{"start":{"line":9,"column":76},"end":{"line":9,"column":77}},"loc":{"start":{"line":9,"column":88},"end":{"line":9,"column":141}},"line":9},"4":{"name":"(anonymous_4)","decl":{"start":{"line":10,"column":79},"end":{"line":10,"column":80}},"loc":{"start":{"line":10,"column":91},"end":{"line":10,"column":147}},"line":10},"5":{"name":"(anonymous_5)","decl":{"start":{"line":11,"column":76},"end":{"line":11,"column":77}},"loc":{"start":{"line":11,"column":88},"end":{"line":11,"column":141}},"line":11},"6":{"name":"(anonymous_6)","decl":{"start":{"line":13,"column":72},"end":{"line":13,"column":73}},"loc":{"start":{"line":13,"column":84},"end":{"line":13,"column":129}},"line":13},"7":{"name":"(anonymous_7)","decl":{"start":{"line":14,"column":75},"end":{"line":14,"column":76}},"loc":{"start":{"line":14,"column":87},"end":{"line":14,"column":135}},"line":14},"8":{"name":"(anonymous_8)","decl":{"start":{"line":15,"column":72},"end":{"line":15,"column":73}},"loc":{"start":{"line":15,"column":84},"end":{"line":15,"column":129}},"line":15},"9":{"name":"(anonymous_9)","decl":{"start":{"line":17,"column":70},"end":{"line":17,"column":71}},"loc":{"start":{"line":17,"column":82},"end":{"line":17,"column":123}},"line":17},"10":{"name":"(anonymous_10)","decl":{"start":{"line":18,"column":73},"end":{"line":18,"column":74}},"loc":{"start":{"line":18,"column":85},"end":{"line":18,"column":129}},"line":18},"11":{"name":"(anonymous_11)","decl":{"start":{"line":19,"column":70},"end":{"line":19,"column":71}},"loc":{"start":{"line":19,"column":82},"end":{"line":19,"column":123}},"line":19},"12":{"name":"(anonymous_12)","decl":{"start":{"line":21,"column":71},"end":{"line":21,"column":72}},"loc":{"start":{"line":21,"column":83},"end":{"line":21,"column":126}},"line":21},"13":{"name":"(anonymous_13)","decl":{"start":{"line":22,"column":74},"end":{"line":22,"column":75}},"loc":{"start":{"line":22,"column":86},"end":{"line":22,"column":132}},"line":22},"14":{"name":"(anonymous_14)","decl":{"start":{"line":23,"column":71},"end":{"line":23,"column":72}},"loc":{"start":{"line":23,"column":83},"end":{"line":23,"column":126}},"line":23},"15":{"name":"(anonymous_15)","decl":{"start":{"line":25,"column":84},"end":{"line":25,"column":85}},"loc":{"start":{"line":25,"column":96},"end":{"line":25,"column":167}},"line":25},"16":{"name":"(anonymous_16)","decl":{"start":{"line":26,"column":87},"end":{"line":26,"column":88}},"loc":{"start":{"line":26,"column":99},"end":{"line":26,"column":173}},"line":26},"17":{"name":"(anonymous_17)","decl":{"start":{"line":27,"column":84},"end":{"line":27,"column":85}},"loc":{"start":{"line":27,"column":96},"end":{"line":27,"column":167}},"line":27},"18":{"name":"(anonymous_18)","decl":{"start":{"line":29,"column":80},"end":{"line":29,"column":81}},"loc":{"start":{"line":29,"column":92},"end":{"line":29,"column":155}},"line":29},"19":{"name":"(anonymous_19)","decl":{"start":{"line":30,"column":83},"end":{"line":30,"column":84}},"loc":{"start":{"line":30,"column":95},"end":{"line":30,"column":161}},"line":30},"20":{"name":"(anonymous_20)","decl":{"start":{"line":31,"column":80},"end":{"line":31,"column":81}},"loc":{"start":{"line":31,"column":92},"end":{"line":31,"column":155}},"line":31},"21":{"name":"(anonymous_21)","decl":{"start":{"line":33,"column":80},"end":{"line":33,"column":81}},"loc":{"start":{"line":33,"column":92},"end":{"line":33,"column":155}},"line":33},"22":{"name":"(anonymous_22)","decl":{"start":{"line":34,"column":83},"end":{"line":34,"column":84}},"loc":{"start":{"line":34,"column":95},"end":{"line":34,"column":161}},"line":34},"23":{"name":"(anonymous_23)","decl":{"start":{"line":35,"column":80},"end":{"line":35,"column":81}},"loc":{"start":{"line":35,"column":92},"end":{"line":35,"column":155}},"line":35},"24":{"name":"(anonymous_24)","decl":{"start":{"line":37,"column":82},"end":{"line":37,"column":83}},"loc":{"start":{"line":37,"column":94},"end":{"line":37,"column":160}},"line":37},"25":{"name":"(anonymous_25)","decl":{"start":{"line":38,"column":85},"end":{"line":38,"column":86}},"loc":{"start":{"line":38,"column":97},"end":{"line":38,"column":166}},"line":38},"26":{"name":"(anonymous_26)","decl":{"start":{"line":39,"column":82},"end":{"line":39,"column":83}},"loc":{"start":{"line":39,"column":94},"end":{"line":39,"column":160}},"line":39},"27":{"name":"(anonymous_27)","decl":{"start":{"line":41,"column":84},"end":{"line":41,"column":85}},"loc":{"start":{"line":41,"column":96},"end":{"line":41,"column":174}},"line":41},"28":{"name":"(anonymous_28)","decl":{"start":{"line":42,"column":87},"end":{"line":42,"column":88}},"loc":{"start":{"line":42,"column":99},"end":{"line":42,"column":180}},"line":42},"29":{"name":"(anonymous_29)","decl":{"start":{"line":43,"column":84},"end":{"line":43,"column":85}},"loc":{"start":{"line":43,"column":96},"end":{"line":43,"column":174}},"line":43},"30":{"name":"(anonymous_30)","decl":{"start":{"line":45,"column":76},"end":{"line":45,"column":77}},"loc":{"start":{"line":45,"column":88},"end":{"line":45,"column":142}},"line":45},"31":{"name":"(anonymous_31)","decl":{"start":{"line":46,"column":79},"end":{"line":46,"column":80}},"loc":{"start":{"line":46,"column":91},"end":{"line":46,"column":148}},"line":46},"32":{"name":"(anonymous_32)","decl":{"start":{"line":47,"column":76},"end":{"line":47,"column":77}},"loc":{"start":{"line":47,"column":88},"end":{"line":47,"column":142}},"line":47},"33":{"name":"(anonymous_33)","decl":{"start":{"line":49,"column":78},"end":{"line":49,"column":79}},"loc":{"start":{"line":49,"column":90},"end":{"line":49,"column":151}},"line":49},"34":{"name":"(anonymous_34)","decl":{"start":{"line":50,"column":81},"end":{"line":50,"column":82}},"loc":{"start":{"line":50,"column":93},"end":{"line":50,"column":157}},"line":50},"35":{"name":"(anonymous_35)","decl":{"start":{"line":51,"column":78},"end":{"line":51,"column":79}},"loc":{"start":{"line":51,"column":90},"end":{"line":51,"column":151}},"line":51},"36":{"name":"(anonymous_36)","decl":{"start":{"line":53,"column":75},"end":{"line":53,"column":76}},"loc":{"start":{"line":53,"column":87},"end":{"line":53,"column":139}},"line":53},"37":{"name":"(anonymous_37)","decl":{"start":{"line":54,"column":78},"end":{"line":54,"column":79}},"loc":{"start":{"line":54,"column":90},"end":{"line":54,"column":145}},"line":54},"38":{"name":"(anonymous_38)","decl":{"start":{"line":55,"column":75},"end":{"line":55,"column":76}},"loc":{"start":{"line":55,"column":87},"end":{"line":55,"column":139}},"line":55},"39":{"name":"(anonymous_39)","decl":{"start":{"line":57,"column":77},"end":{"line":57,"column":78}},"loc":{"start":{"line":57,"column":89},"end":{"line":57,"column":148}},"line":57},"40":{"name":"(anonymous_40)","decl":{"start":{"line":58,"column":80},"end":{"line":58,"column":81}},"loc":{"start":{"line":58,"column":92},"end":{"line":58,"column":154}},"line":58},"41":{"name":"(anonymous_41)","decl":{"start":{"line":59,"column":77},"end":{"line":59,"column":78}},"loc":{"start":{"line":59,"column":89},"end":{"line":59,"column":148}},"line":59},"42":{"name":"(anonymous_42)","decl":{"start":{"line":61,"column":84},"end":{"line":61,"column":85}},"loc":{"start":{"line":61,"column":96},"end":{"line":61,"column":166}},"line":61},"43":{"name":"(anonymous_43)","decl":{"start":{"line":62,"column":87},"end":{"line":62,"column":88}},"loc":{"start":{"line":62,"column":99},"end":{"line":62,"column":172}},"line":62},"44":{"name":"(anonymous_44)","decl":{"start":{"line":63,"column":84},"end":{"line":63,"column":85}},"loc":{"start":{"line":63,"column":96},"end":{"line":63,"column":166}},"line":63},"45":{"name":"(anonymous_45)","decl":{"start":{"line":65,"column":92},"end":{"line":65,"column":93}},"loc":{"start":{"line":65,"column":104},"end":{"line":65,"column":187}},"line":65},"46":{"name":"(anonymous_46)","decl":{"start":{"line":66,"column":95},"end":{"line":66,"column":96}},"loc":{"start":{"line":66,"column":107},"end":{"line":66,"column":193}},"line":66},"47":{"name":"(anonymous_47)","decl":{"start":{"line":67,"column":92},"end":{"line":67,"column":93}},"loc":{"start":{"line":67,"column":104},"end":{"line":67,"column":187}},"line":67},"48":{"name":"(anonymous_48)","decl":{"start":{"line":69,"column":92},"end":{"line":69,"column":93}},"loc":{"start":{"line":69,"column":104},"end":{"line":69,"column":187}},"line":69},"49":{"name":"(anonymous_49)","decl":{"start":{"line":70,"column":92},"end":{"line":70,"column":93}},"loc":{"start":{"line":70,"column":104},"end":{"line":70,"column":187}},"line":70}},"branchMap":{},"s":{"0":1,"1":1,"2":1,"3":1,"4":2,"5":1,"6":1,"7":1,"8":1,"9":1,"10":1,"11":2,"12":1,"13":1,"14":1,"15":1,"16":1,"17":1,"18":2,"19":1,"20":1,"21":1,"22":1,"23":1,"24":1,"25":2,"26":1,"27":1,"28":1,"29":1,"30":1,"31":1,"32":2,"33":1,"34":1,"35":1,"36":1,"37":1,"38":1,"39":2,"40":1,"41":1,"42":1,"43":1,"44":1,"45":1,"46":2,"47":1,"48":1,"49":1,"50":1,"51":1,"52":1,"53":2,"54":1,"55":1,"56":1,"57":1,"58":1,"59":1,"60":2,"61":1,"62":1,"63":1,"64":1,"65":1,"66":1,"67":2,"68":1,"69":1,"70":1,"71":1,"72":1,"73":1,"74":2,"75":1,"76":1,"77":1,"78":1,"79":1,"80":1,"81":2,"82":1,"83":1,"84":1,"85":1,"86":1,"87":1,"88":2,"89":1,"90":1,"91":1,"92":1,"93":1,"94":1,"95":2,"96":1,"97":1,"98":1,"99":1,"100":1,"101":1,"102":2,"103":1,"104":1,"105":1,"106":1,"107":1,"108":1,"109":2,"110":1,"111":1,"112":1,"113":1,"114":1,"115":1,"116":2,"117":1,"118":1},"f":{"0":2,"1":1,"2":1,"3":2,"4":1,"5":1,"6":2,"7":1,"8":1,"9":2,"10":1,"11":1,"12":2,"13":1,"14":1,"15":2,"16":1,"17":1,"18":2,"19":1,"20":1,"21":2,"22":1,"23":1,"24":2,"25":1,"26":1,"27":2,"28":1,"29":1,"30":2,"31":1,"32":1,"33":2,"34":1,"35":1,"36":2,"37":1,"38":1,"39":2,"40":1,"41":1,"42":2,"43":1,"44":1,"45":2,"46":1,"47":1,"48":2,"49":1},"b":{},"inputSourceMap":null,"_coverageSchema":"1a1c01bbd47fc00a2c39e90264f33305004495a9","hash":"b7873e50a451bb35b61264bc7f2bba6aaa6c1f7d"}
,"/Users/admin/Documents/PersonalProjects/twitch-graphql/dist/helpers/RefreshToken.js": {"path":"/Users/admin/Documents/PersonalProjects/twitch-graphql/dist/helpers/RefreshToken.js","statementMap":{"0":{"start":{"line":2,"column":16},"end":{"line":10,"column":1}},"1":{"start":{"line":3,"column":28},"end":{"line":3,"column":110}},"2":{"start":{"line":3,"column":91},"end":{"line":3,"column":106}},"3":{"start":{"line":4,"column":4},"end":{"line":9,"column":7}},"4":{"start":{"line":5,"column":36},"end":{"line":5,"column":97}},"5":{"start":{"line":5,"column":42},"end":{"line":5,"column":70}},"6":{"start":{"line":5,"column":85},"end":{"line":5,"column":95}},"7":{"start":{"line":6,"column":35},"end":{"line":6,"column":100}},"8":{"start":{"line":6,"column":41},"end":{"line":6,"column":73}},"9":{"start":{"line":6,"column":88},"end":{"line":6,"column":98}},"10":{"start":{"line":7,"column":32},"end":{"line":7,"column":116}},"11":{"start":{"line":8,"column":8},"end":{"line":8,"column":78}},"12":{"start":{"line":11,"column":18},"end":{"line":37,"column":1}},"13":{"start":{"line":12,"column":12},"end":{"line":12,"column":104}},"14":{"start":{"line":12,"column":43},"end":{"line":12,"column":68}},"15":{"start":{"line":12,"column":57},"end":{"line":12,"column":68}},"16":{"start":{"line":12,"column":69},"end":{"line":12,"column":81}},"17":{"start":{"line":13,"column":4},"end":{"line":13,"column":157}},"18":{"start":{"line":13,"column":138},"end":{"line":13,"column":150}},"19":{"start":{"line":14,"column":23},"end":{"line":14,"column":68}},"20":{"start":{"line":14,"column":45},"end":{"line":14,"column":65}},"21":{"start":{"line":16,"column":8},"end":{"line":16,"column":70}},"22":{"start":{"line":16,"column":15},"end":{"line":16,"column":70}},"23":{"start":{"line":17,"column":8},"end":{"line":34,"column":66}},"24":{"start":{"line":17,"column":18},"end":{"line":34,"column":66}},"25":{"start":{"line":18,"column":12},"end":{"line":18,"column":169}},"26":{"start":{"line":18,"column":160},"end":{"line":18,"column":169}},"27":{"start":{"line":19,"column":12},"end":{"line":19,"column":52}},"28":{"start":{"line":19,"column":26},"end":{"line":19,"column":52}},"29":{"start":{"line":20,"column":12},"end":{"line":32,"column":13}},"30":{"start":{"line":21,"column":32},"end":{"line":21,"column":39}},"31":{"start":{"line":21,"column":40},"end":{"line":21,"column":46}},"32":{"start":{"line":22,"column":24},"end":{"line":22,"column":34}},"33":{"start":{"line":22,"column":35},"end":{"line":22,"column":72}},"34":{"start":{"line":23,"column":24},"end":{"line":23,"column":34}},"35":{"start":{"line":23,"column":35},"end":{"line":23,"column":45}},"36":{"start":{"line":23,"column":46},"end":{"line":23,"column":55}},"37":{"start":{"line":23,"column":56},"end":{"line":23,"column":65}},"38":{"start":{"line":24,"column":24},"end":{"line":24,"column":41}},"39":{"start":{"line":24,"column":42},"end":{"line":24,"column":55}},"40":{"start":{"line":24,"column":56},"end":{"line":24,"column":65}},"41":{"start":{"line":26,"column":20},"end":{"line":26,"column":128}},"42":{"start":{"line":26,"column":110},"end":{"line":26,"column":116}},"43":{"start":{"line":26,"column":117},"end":{"line":26,"column":126}},"44":{"start":{"line":27,"column":20},"end":{"line":27,"column":106}},"45":{"start":{"line":27,"column":81},"end":{"line":27,"column":97}},"46":{"start":{"line":27,"column":98},"end":{"line":27,"column":104}},"47":{"start":{"line":28,"column":20},"end":{"line":28,"column":89}},"48":{"start":{"line":28,"column":57},"end":{"line":28,"column":72}},"49":{"start":{"line":28,"column":73},"end":{"line":28,"column":80}},"50":{"start":{"line":28,"column":81},"end":{"line":28,"column":87}},"51":{"start":{"line":29,"column":20},"end":{"line":29,"column":87}},"52":{"start":{"line":29,"column":47},"end":{"line":29,"column":62}},"53":{"start":{"line":29,"column":63},"end":{"line":29,"column":78}},"54":{"start":{"line":29,"column":79},"end":{"line":29,"column":85}},"55":{"start":{"line":30,"column":20},"end":{"line":30,"column":42}},"56":{"start":{"line":30,"column":30},"end":{"line":30,"column":42}},"57":{"start":{"line":31,"column":20},"end":{"line":31,"column":33}},"58":{"start":{"line":31,"column":34},"end":{"line":31,"column":43}},"59":{"start":{"line":33,"column":12},"end":{"line":33,"column":39}},"60":{"start":{"line":34,"column":22},"end":{"line":34,"column":34}},"61":{"start":{"line":34,"column":35},"end":{"line":34,"column":41}},"62":{"start":{"line":34,"column":54},"end":{"line":34,"column":64}},"63":{"start":{"line":35,"column":8},"end":{"line":35,"column":35}},"64":{"start":{"line":35,"column":23},"end":{"line":35,"column":35}},"65":{"start":{"line":35,"column":36},"end":{"line":35,"column":89}},"66":{"start":{"line":38,"column":22},"end":{"line":40,"column":1}},"67":{"start":{"line":39,"column":4},"end":{"line":39,"column":62}},"68":{"start":{"line":41,"column":0},"end":{"line":41,"column":62}},"69":{"start":{"line":42,"column":14},"end":{"line":42,"column":47}},"70":{"start":{"line":43,"column":12},"end":{"line":43,"column":33}},"71":{"start":{"line":44,"column":0},"end":{"line":44,"column":27}},"72":{"start":{"line":45,"column":0},"end":{"line":63,"column":7}},"73":{"start":{"line":45,"column":69},"end":{"line":63,"column":3}},"74":{"start":{"line":47,"column":4},"end":{"line":62,"column":7}},"75":{"start":{"line":48,"column":8},"end":{"line":61,"column":9}},"76":{"start":{"line":50,"column":16},"end":{"line":54,"column":17}},"77":{"start":{"line":51,"column":20},"end":{"line":51,"column":57}},"78":{"start":{"line":52,"column":20},"end":{"line":52,"column":60}},"79":{"start":{"line":53,"column":20},"end":{"line":53,"column":67}},"80":{"start":{"line":55,"column":16},"end":{"line":55,"column":203}},"81":{"start":{"line":57,"column":16},"end":{"line":57,"column":32}},"82":{"start":{"line":58,"column":16},"end":{"line":58,"column":52}},"83":{"start":{"line":59,"column":16},"end":{"line":59,"column":83}},"84":{"start":{"line":60,"column":16},"end":{"line":60,"column":41}}},"fnMap":{"0":{"name":"(anonymous_0)","decl":{"start":{"line":2,"column":44},"end":{"line":2,"column":45}},"loc":{"start":{"line":2,"column":89},"end":{"line":10,"column":1}},"line":2},"1":{"name":"adopt","decl":{"start":{"line":3,"column":13},"end":{"line":3,"column":18}},"loc":{"start":{"line":3,"column":26},"end":{"line":3,"column":112}},"line":3},"2":{"name":"(anonymous_2)","decl":{"start":{"line":3,"column":70},"end":{"line":3,"column":71}},"loc":{"start":{"line":3,"column":89},"end":{"line":3,"column":108}},"line":3},"3":{"name":"(anonymous_3)","decl":{"start":{"line":4,"column":36},"end":{"line":4,"column":37}},"loc":{"start":{"line":4,"column":63},"end":{"line":9,"column":5}},"line":4},"4":{"name":"fulfilled","decl":{"start":{"line":5,"column":17},"end":{"line":5,"column":26}},"loc":{"start":{"line":5,"column":34},"end":{"line":5,"column":99}},"line":5},"5":{"name":"rejected","decl":{"start":{"line":6,"column":17},"end":{"line":6,"column":25}},"loc":{"start":{"line":6,"column":33},"end":{"line":6,"column":102}},"line":6},"6":{"name":"step","decl":{"start":{"line":7,"column":17},"end":{"line":7,"column":21}},"loc":{"start":{"line":7,"column":30},"end":{"line":7,"column":118}},"line":7},"7":{"name":"(anonymous_7)","decl":{"start":{"line":11,"column":48},"end":{"line":11,"column":49}},"loc":{"start":{"line":11,"column":73},"end":{"line":37,"column":1}},"line":11},"8":{"name":"(anonymous_8)","decl":{"start":{"line":12,"column":30},"end":{"line":12,"column":31}},"loc":{"start":{"line":12,"column":41},"end":{"line":12,"column":83}},"line":12},"9":{"name":"(anonymous_9)","decl":{"start":{"line":13,"column":125},"end":{"line":13,"column":126}},"loc":{"start":{"line":13,"column":136},"end":{"line":13,"column":152}},"line":13},"10":{"name":"verb","decl":{"start":{"line":14,"column":13},"end":{"line":14,"column":17}},"loc":{"start":{"line":14,"column":21},"end":{"line":14,"column":70}},"line":14},"11":{"name":"(anonymous_11)","decl":{"start":{"line":14,"column":30},"end":{"line":14,"column":31}},"loc":{"start":{"line":14,"column":43},"end":{"line":14,"column":67}},"line":14},"12":{"name":"step","decl":{"start":{"line":15,"column":13},"end":{"line":15,"column":17}},"loc":{"start":{"line":15,"column":22},"end":{"line":36,"column":5}},"line":15},"13":{"name":"(anonymous_13)","decl":{"start":{"line":38,"column":56},"end":{"line":38,"column":57}},"loc":{"start":{"line":38,"column":71},"end":{"line":40,"column":1}},"line":38},"14":{"name":"(anonymous_14)","decl":{"start":{"line":45,"column":19},"end":{"line":45,"column":20}},"loc":{"start":{"line":45,"column":67},"end":{"line":63,"column":5}},"line":45},"15":{"name":"(anonymous_15)","decl":{"start":{"line":45,"column":110},"end":{"line":45,"column":111}},"loc":{"start":{"line":45,"column":122},"end":{"line":63,"column":1}},"line":45},"16":{"name":"(anonymous_16)","decl":{"start":{"line":47,"column":29},"end":{"line":47,"column":30}},"loc":{"start":{"line":47,"column":43},"end":{"line":62,"column":5}},"line":47}},"branchMap":{"0":{"loc":{"start":{"line":2,"column":16},"end":{"line":10,"column":1}},"type":"binary-expr","locations":[{"start":{"line":2,"column":17},"end":{"line":2,"column":21}},{"start":{"line":2,"column":25},"end":{"line":2,"column":39}},{"start":{"line":2,"column":44},"end":{"line":10,"column":1}}],"line":2},"1":{"loc":{"start":{"line":3,"column":35},"end":{"line":3,"column":109}},"type":"cond-expr","locations":[{"start":{"line":3,"column":56},"end":{"line":3,"column":61}},{"start":{"line":3,"column":64},"end":{"line":3,"column":109}}],"line":3},"2":{"loc":{"start":{"line":4,"column":16},"end":{"line":4,"column":34}},"type":"binary-expr","locations":[{"start":{"line":4,"column":16},"end":{"line":4,"column":17}},{"start":{"line":4,"column":22},"end":{"line":4,"column":33}}],"line":4},"3":{"loc":{"start":{"line":7,"column":32},"end":{"line":7,"column":115}},"type":"cond-expr","locations":[{"start":{"line":7,"column":46},"end":{"line":7,"column":67}},{"start":{"line":7,"column":70},"end":{"line":7,"column":115}}],"line":7},"4":{"loc":{"start":{"line":8,"column":51},"end":{"line":8,"column":67}},"type":"binary-expr","locations":[{"start":{"line":8,"column":51},"end":{"line":8,"column":61}},{"start":{"line":8,"column":65},"end":{"line":8,"column":67}}],"line":8},"5":{"loc":{"start":{"line":11,"column":18},"end":{"line":37,"column":1}},"type":"binary-expr","locations":[{"start":{"line":11,"column":19},"end":{"line":11,"column":23}},{"start":{"line":11,"column":27},"end":{"line":11,"column":43}},{"start":{"line":11,"column":48},"end":{"line":37,"column":1}}],"line":11},"6":{"loc":{"start":{"line":12,"column":43},"end":{"line":12,"column":68}},"type":"if","locations":[{"start":{"line":12,"column":43},"end":{"line":12,"column":68}},{"start":{"line":12,"column":43},"end":{"line":12,"column":68}}],"line":12},"7":{"loc":{"start":{"line":13,"column":71},"end":{"line":13,"column":153}},"type":"binary-expr","locations":[{"start":{"line":13,"column":71},"end":{"line":13,"column":99}},{"start":{"line":13,"column":104},"end":{"line":13,"column":152}}],"line":13},"8":{"loc":{"start":{"line":16,"column":8},"end":{"line":16,"column":70}},"type":"if","locations":[{"start":{"line":16,"column":8},"end":{"line":16,"column":70}},{"start":{"line":16,"column":8},"end":{"line":16,"column":70}}],"line":16},"9":{"loc":{"start":{"line":18,"column":12},"end":{"line":18,"column":169}},"type":"if","locations":[{"start":{"line":18,"column":12},"end":{"line":18,"column":169}},{"start":{"line":18,"column":12},"end":{"line":18,"column":169}}],"line":18},"10":{"loc":{"start":{"line":18,"column":23},"end":{"line":18,"column":158}},"type":"binary-expr","locations":[{"start":{"line":18,"column":23},"end":{"line":18,"column":24}},{"start":{"line":18,"column":29},"end":{"line":18,"column":125}},{"start":{"line":18,"column":130},"end":{"line":18,"column":158}}],"line":18},"11":{"loc":{"start":{"line":18,"column":33},"end":{"line":18,"column":125}},"type":"cond-expr","locations":[{"start":{"line":18,"column":45},"end":{"line":18,"column":56}},{"start":{"line":18,"column":59},"end":{"line":18,"column":125}}],"line":18},"12":{"loc":{"start":{"line":18,"column":59},"end":{"line":18,"column":125}},"type":"cond-expr","locations":[{"start":{"line":18,"column":67},"end":{"line":18,"column":116}},{"start":{"line":18,"column":119},"end":{"line":18,"column":125}}],"line":18},"13":{"loc":{"start":{"line":18,"column":67},"end":{"line":18,"column":116}},"type":"binary-expr","locations":[{"start":{"line":18,"column":67},"end":{"line":18,"column":77}},{"start":{"line":18,"column":82},"end":{"line":18,"column":115}}],"line":18},"14":{"loc":{"start":{"line":18,"column":82},"end":{"line":18,"column":112}},"type":"binary-expr","locations":[{"start":{"line":18,"column":83},"end":{"line":18,"column":98}},{"start":{"line":18,"column":103},"end":{"line":18,"column":112}}],"line":18},"15":{"loc":{"start":{"line":19,"column":12},"end":{"line":19,"column":52}},"type":"if","locations":[{"start":{"line":19,"column":12},"end":{"line":19,"column":52}},{"start":{"line":19,"column":12},"end":{"line":19,"column":52}}],"line":19},"16":{"loc":{"start":{"line":20,"column":12},"end":{"line":32,"column":13}},"type":"switch","locations":[{"start":{"line":21,"column":16},"end":{"line":21,"column":23}},{"start":{"line":21,"column":24},"end":{"line":21,"column":46}},{"start":{"line":22,"column":16},"end":{"line":22,"column":72}},{"start":{"line":23,"column":16},"end":{"line":23,"column":65}},{"start":{"line":24,"column":16},"end":{"line":24,"column":65}},{"start":{"line":25,"column":16},"end":{"line":31,"column":43}}],"line":20},"17":{"loc":{"start":{"line":26,"column":20},"end":{"line":26,"column":128}},"type":"if","locations":[{"start":{"line":26,"column":20},"end":{"line":26,"column":128}},{"start":{"line":26,"column":20},"end":{"line":26,"column":128}}],"line":26},"18":{"loc":{"start":{"line":26,"column":24},"end":{"line":26,"column":106}},"type":"binary-expr","locations":[{"start":{"line":26,"column":24},"end":{"line":26,"column":74}},{"start":{"line":26,"column":79},"end":{"line":26,"column":90}},{"start":{"line":26,"column":94},"end":{"line":26,"column":105}}],"line":26},"19":{"loc":{"start":{"line":26,"column":42},"end":{"line":26,"column":73}},"type":"binary-expr","locations":[{"start":{"line":26,"column":42},"end":{"line":26,"column":54}},{"start":{"line":26,"column":58},"end":{"line":26,"column":73}}],"line":26},"20":{"loc":{"start":{"line":27,"column":20},"end":{"line":27,"column":106}},"type":"if","locations":[{"start":{"line":27,"column":20},"end":{"line":27,"column":106}},{"start":{"line":27,"column":20},"end":{"line":27,"column":106}}],"line":27},"21":{"loc":{"start":{"line":27,"column":24},"end":{"line":27,"column":77}},"type":"binary-expr","locations":[{"start":{"line":27,"column":24},"end":{"line":27,"column":35}},{"start":{"line":27,"column":40},"end":{"line":27,"column":42}},{"start":{"line":27,"column":47},"end":{"line":27,"column":59}},{"start":{"line":27,"column":63},"end":{"line":27,"column":75}}],"line":27},"22":{"loc":{"start":{"line":28,"column":20},"end":{"line":28,"column":89}},"type":"if","locations":[{"start":{"line":28,"column":20},"end":{"line":28,"column":89}},{"start":{"line":28,"column":20},"end":{"line":28,"column":89}}],"line":28},"23":{"loc":{"start":{"line":28,"column":24},"end":{"line":28,"column":53}},"type":"binary-expr","locations":[{"start":{"line":28,"column":24},"end":{"line":28,"column":35}},{"start":{"line":28,"column":39},"end":{"line":28,"column":53}}],"line":28},"24":{"loc":{"start":{"line":29,"column":20},"end":{"line":29,"column":87}},"type":"if","locations":[{"start":{"line":29,"column":20},"end":{"line":29,"column":87}},{"start":{"line":29,"column":20},"end":{"line":29,"column":87}}],"line":29},"25":{"loc":{"start":{"line":29,"column":24},"end":{"line":29,"column":43}},"type":"binary-expr","locations":[{"start":{"line":29,"column":24},"end":{"line":29,"column":25}},{"start":{"line":29,"column":29},"end":{"line":29,"column":43}}],"line":29},"26":{"loc":{"start":{"line":30,"column":20},"end":{"line":30,"column":42}},"type":"if","locations":[{"start":{"line":30,"column":20},"end":{"line":30,"column":42}},{"start":{"line":30,"column":20},"end":{"line":30,"column":42}}],"line":30},"27":{"loc":{"start":{"line":35,"column":8},"end":{"line":35,"column":35}},"type":"if","locations":[{"start":{"line":35,"column":8},"end":{"line":35,"column":35}},{"start":{"line":35,"column":8},"end":{"line":35,"column":35}}],"line":35},"28":{"loc":{"start":{"line":35,"column":52},"end":{"line":35,"column":74}},"type":"cond-expr","locations":[{"start":{"line":35,"column":60},"end":{"line":35,"column":65}},{"start":{"line":35,"column":68},"end":{"line":35,"column":74}}],"line":35},"29":{"loc":{"start":{"line":38,"column":22},"end":{"line":40,"column":1}},"type":"binary-expr","locations":[{"start":{"line":38,"column":23},"end":{"line":38,"column":27}},{"start":{"line":38,"column":31},"end":{"line":38,"column":51}},{"start":{"line":38,"column":56},"end":{"line":40,"column":1}}],"line":38},"30":{"loc":{"start":{"line":39,"column":11},"end":{"line":39,"column":61}},"type":"cond-expr","locations":[{"start":{"line":39,"column":37},"end":{"line":39,"column":40}},{"start":{"line":39,"column":43},"end":{"line":39,"column":61}}],"line":39},"31":{"loc":{"start":{"line":39,"column":12},"end":{"line":39,"column":33}},"type":"binary-expr","locations":[{"start":{"line":39,"column":12},"end":{"line":39,"column":15}},{"start":{"line":39,"column":19},"end":{"line":39,"column":33}}],"line":39},"32":{"loc":{"start":{"line":48,"column":8},"end":{"line":61,"column":9}},"type":"switch","locations":[{"start":{"line":49,"column":12},"end":{"line":55,"column":203}},{"start":{"line":56,"column":12},"end":{"line":60,"column":41}}],"line":48},"33":{"loc":{"start":{"line":50,"column":16},"end":{"line":54,"column":17}},"type":"if","locations":[{"start":{"line":50,"column":16},"end":{"line":54,"column":17}},{"start":{"line":50,"column":16},"end":{"line":54,"column":17}}],"line":50},"34":{"loc":{"start":{"line":50,"column":20},"end":{"line":50,"column":262}},"type":"binary-expr","locations":[{"start":{"line":50,"column":20},"end":{"line":50,"column":90}},{"start":{"line":50,"column":94},"end":{"line":50,"column":176}},{"start":{"line":50,"column":180},"end":{"line":50,"column":262}}],"line":50},"35":{"loc":{"start":{"line":50,"column":22},"end":{"line":50,"column":89}},"type":"cond-expr","locations":[{"start":{"line":50,"column":65},"end":{"line":50,"column":71}},{"start":{"line":50,"column":74},"end":{"line":50,"column":89}}],"line":50},"36":{"loc":{"start":{"line":50,"column":22},"end":{"line":50,"column":62}},"type":"binary-expr","locations":[{"start":{"line":50,"column":22},"end":{"line":50,"column":39}},{"start":{"line":50,"column":43},"end":{"line":50,"column":62}}],"line":50},"37":{"loc":{"start":{"line":50,"column":96},"end":{"line":50,"column":175}},"type":"cond-expr","locations":[{"start":{"line":50,"column":147},"end":{"line":50,"column":153}},{"start":{"line":50,"column":156},"end":{"line":50,"column":175}}],"line":50},"38":{"loc":{"start":{"line":50,"column":96},"end":{"line":50,"column":144}},"type":"binary-expr","locations":[{"start":{"line":50,"column":96},"end":{"line":50,"column":117}},{"start":{"line":50,"column":121},"end":{"line":50,"column":144}}],"line":50},"39":{"loc":{"start":{"line":50,"column":182},"end":{"line":50,"column":261}},"type":"cond-expr","locations":[{"start":{"line":50,"column":233},"end":{"line":50,"column":239}},{"start":{"line":50,"column":242},"end":{"line":50,"column":261}}],"line":50},"40":{"loc":{"start":{"line":50,"column":182},"end":{"line":50,"column":230}},"type":"binary-expr","locations":[{"start":{"line":50,"column":182},"end":{"line":50,"column":203}},{"start":{"line":50,"column":207},"end":{"line":50,"column":230}}],"line":50},"41":{"loc":{"start":{"line":51,"column":31},"end":{"line":51,"column":56}},"type":"binary-expr","locations":[{"start":{"line":51,"column":31},"end":{"line":51,"column":50}},{"start":{"line":51,"column":54},"end":{"line":51,"column":56}}],"line":51},"42":{"loc":{"start":{"line":52,"column":35},"end":{"line":52,"column":59}},"type":"binary-expr","locations":[{"start":{"line":52,"column":35},"end":{"line":52,"column":53}},{"start":{"line":52,"column":57},"end":{"line":52,"column":59}}],"line":52},"43":{"loc":{"start":{"line":53,"column":35},"end":{"line":53,"column":66}},"type":"binary-expr","locations":[{"start":{"line":53,"column":35},"end":{"line":53,"column":60}},{"start":{"line":53,"column":64},"end":{"line":53,"column":66}}],"line":53}},"s":{"0":10,"1":32,"2":0,"3":32,"4":32,"5":32,"6":0,"7":0,"8":0,"9":0,"10":64,"11":32,"12":10,"13":32,"14":32,"15":0,"16":32,"17":32,"18":0,"19":96,"20":64,"21":64,"22":0,"23":64,"24":128,"25":128,"26":0,"27":128,"28":0,"29":128,"30":64,"31":64,"32":32,"33":32,"34":0,"35":0,"36":0,"37":0,"38":0,"39":0,"40":0,"41":32,"42":32,"43":32,"44":0,"45":0,"46":0,"47":0,"48":0,"49":0,"50":0,"51":0,"52":0,"53":0,"54":0,"55":0,"56":0,"57":0,"58":0,"59":64,"60":0,"61":0,"62":128,"63":32,"64":0,"65":32,"66":10,"67":10,"68":10,"69":10,"70":10,"71":10,"72":10,"73":32,"74":32,"75":64,"76":32,"77":0,"78":0,"79":0,"80":32,"81":32,"82":32,"83":32,"84":32},"f":{"0":32,"1":32,"2":0,"3":32,"4":32,"5":0,"6":64,"7":32,"8":32,"9":0,"10":96,"11":64,"12":64,"13":10,"14":32,"15":32,"16":64},"b":{"0":[10,10,10],"1":[32,0],"2":[32,32],"3":[32,32],"4":[32,32],"5":[10,10,10],"6":[0,32],"7":[32,32],"8":[0,64],"9":[0,128],"10":[128,0,0],"11":[0,0],"12":[0,0],"13":[0,0],"14":[0,0],"15":[0,128],"16":[64,64,32,0,0,32],"17":[32,0],"18":[32,32,32],"19":[32,0],"20":[0,0],"21":[0,0,0,0],"22":[0,0],"23":[0,0],"24":[0,0],"25":[0,0],"26":[0,0],"27":[0,32],"28":[32,0],"29":[10,10,10],"30":[0,10],"31":[10,10],"32":[32,32],"33":[0,32],"34":[32,32,32],"35":[0,32],"36":[32,32],"37":[0,32],"38":[32,32],"39":[0,32],"40":[32,32],"41":[0,0],"42":[0,0],"43":[0,0]},"inputSourceMap":null,"_coverageSchema":"1a1c01bbd47fc00a2c39e90264f33305004495a9","hash":"1cbb0fba773f302132478158da0ebb0de09b0963"}
,"/Users/admin/Documents/PersonalProjects/twitch-graphql/dist/injections/Twitch-Clients.js": {"path":"/Users/admin/Documents/PersonalProjects/twitch-graphql/dist/injections/Twitch-Clients.js","statementMap":{"0":{"start":{"line":2,"column":17},"end":{"line":7,"column":1}},"1":{"start":{"line":3,"column":12},"end":{"line":3,"column":28}},"2":{"start":{"line":3,"column":34},"end":{"line":3,"column":125}},"3":{"start":{"line":4,"column":4},"end":{"line":5,"column":150}},"4":{"start":{"line":4,"column":79},"end":{"line":4,"column":131}},"5":{"start":{"line":5,"column":9},"end":{"line":5,"column":150}},"6":{"start":{"line":5,"column":22},"end":{"line":5,"column":43}},"7":{"start":{"line":5,"column":58},"end":{"line":5,"column":150}},"8":{"start":{"line":5,"column":81},"end":{"line":5,"column":150}},"9":{"start":{"line":6,"column":4},"end":{"line":6,"column":66}},"10":{"start":{"line":8,"column":16},"end":{"line":16,"column":1}},"11":{"start":{"line":9,"column":28},"end":{"line":9,"column":110}},"12":{"start":{"line":9,"column":91},"end":{"line":9,"column":106}},"13":{"start":{"line":10,"column":4},"end":{"line":15,"column":7}},"14":{"start":{"line":11,"column":36},"end":{"line":11,"column":97}},"15":{"start":{"line":11,"column":42},"end":{"line":11,"column":70}},"16":{"start":{"line":11,"column":85},"end":{"line":11,"column":95}},"17":{"start":{"line":12,"column":35},"end":{"line":12,"column":100}},"18":{"start":{"line":12,"column":41},"end":{"line":12,"column":73}},"19":{"start":{"line":12,"column":88},"end":{"line":12,"column":98}},"20":{"start":{"line":13,"column":32},"end":{"line":13,"column":116}},"21":{"start":{"line":14,"column":8},"end":{"line":14,"column":78}},"22":{"start":{"line":17,"column":18},"end":{"line":43,"column":1}},"23":{"start":{"line":18,"column":12},"end":{"line":18,"column":104}},"24":{"start":{"line":18,"column":43},"end":{"line":18,"column":68}},"25":{"start":{"line":18,"column":57},"end":{"line":18,"column":68}},"26":{"start":{"line":18,"column":69},"end":{"line":18,"column":81}},"27":{"start":{"line":19,"column":4},"end":{"line":19,"column":157}},"28":{"start":{"line":19,"column":138},"end":{"line":19,"column":150}},"29":{"start":{"line":20,"column":23},"end":{"line":20,"column":68}},"30":{"start":{"line":20,"column":45},"end":{"line":20,"column":65}},"31":{"start":{"line":22,"column":8},"end":{"line":22,"column":70}},"32":{"start":{"line":22,"column":15},"end":{"line":22,"column":70}},"33":{"start":{"line":23,"column":8},"end":{"line":40,"column":66}},"34":{"start":{"line":23,"column":18},"end":{"line":40,"column":66}},"35":{"start":{"line":24,"column":12},"end":{"line":24,"column":169}},"36":{"start":{"line":24,"column":160},"end":{"line":24,"column":169}},"37":{"start":{"line":25,"column":12},"end":{"line":25,"column":52}},"38":{"start":{"line":25,"column":26},"end":{"line":25,"column":52}},"39":{"start":{"line":26,"column":12},"end":{"line":38,"column":13}},"40":{"start":{"line":27,"column":32},"end":{"line":27,"column":39}},"41":{"start":{"line":27,"column":40},"end":{"line":27,"column":46}},"42":{"start":{"line":28,"column":24},"end":{"line":28,"column":34}},"43":{"start":{"line":28,"column":35},"end":{"line":28,"column":72}},"44":{"start":{"line":29,"column":24},"end":{"line":29,"column":34}},"45":{"start":{"line":29,"column":35},"end":{"line":29,"column":45}},"46":{"start":{"line":29,"column":46},"end":{"line":29,"column":55}},"47":{"start":{"line":29,"column":56},"end":{"line":29,"column":65}},"48":{"start":{"line":30,"column":24},"end":{"line":30,"column":41}},"49":{"start":{"line":30,"column":42},"end":{"line":30,"column":55}},"50":{"start":{"line":30,"column":56},"end":{"line":30,"column":65}},"51":{"start":{"line":32,"column":20},"end":{"line":32,"column":128}},"52":{"start":{"line":32,"column":110},"end":{"line":32,"column":116}},"53":{"start":{"line":32,"column":117},"end":{"line":32,"column":126}},"54":{"start":{"line":33,"column":20},"end":{"line":33,"column":106}},"55":{"start":{"line":33,"column":81},"end":{"line":33,"column":97}},"56":{"start":{"line":33,"column":98},"end":{"line":33,"column":104}},"57":{"start":{"line":34,"column":20},"end":{"line":34,"column":89}},"58":{"start":{"line":34,"column":57},"end":{"line":34,"column":72}},"59":{"start":{"line":34,"column":73},"end":{"line":34,"column":80}},"60":{"start":{"line":34,"column":81},"end":{"line":34,"column":87}},"61":{"start":{"line":35,"column":20},"end":{"line":35,"column":87}},"62":{"start":{"line":35,"column":47},"end":{"line":35,"column":62}},"63":{"start":{"line":35,"column":63},"end":{"line":35,"column":78}},"64":{"start":{"line":35,"column":79},"end":{"line":35,"column":85}},"65":{"start":{"line":36,"column":20},"end":{"line":36,"column":42}},"66":{"start":{"line":36,"column":30},"end":{"line":36,"column":42}},"67":{"start":{"line":37,"column":20},"end":{"line":37,"column":33}},"68":{"start":{"line":37,"column":34},"end":{"line":37,"column":43}},"69":{"start":{"line":39,"column":12},"end":{"line":39,"column":39}},"70":{"start":{"line":40,"column":22},"end":{"line":40,"column":34}},"71":{"start":{"line":40,"column":35},"end":{"line":40,"column":41}},"72":{"start":{"line":40,"column":54},"end":{"line":40,"column":64}},"73":{"start":{"line":41,"column":8},"end":{"line":41,"column":35}},"74":{"start":{"line":41,"column":23},"end":{"line":41,"column":35}},"75":{"start":{"line":41,"column":36},"end":{"line":41,"column":89}},"76":{"start":{"line":44,"column":22},"end":{"line":46,"column":1}},"77":{"start":{"line":45,"column":4},"end":{"line":45,"column":62}},"78":{"start":{"line":47,"column":0},"end":{"line":47,"column":62}},"79":{"start":{"line":48,"column":0},"end":{"line":48,"column":28}},"80":{"start":{"line":49,"column":15},"end":{"line":49,"column":32}},"81":{"start":{"line":50,"column":29},"end":{"line":50,"column":60}},"82":{"start":{"line":51,"column":21},"end":{"line":51,"column":72}},"83":{"start":{"line":52,"column":24},"end":{"line":52,"column":50}},"84":{"start":{"line":53,"column":0},"end":{"line":53,"column":27}},"85":{"start":{"line":54,"column":21},"end":{"line":98,"column":3}},"86":{"start":{"line":56,"column":8},"end":{"line":58,"column":9}},"87":{"start":{"line":57,"column":12},"end":{"line":57,"column":44}},"88":{"start":{"line":59,"column":8},"end":{"line":59,"column":40}},"89":{"start":{"line":61,"column":4},"end":{"line":61,"column":36}},"90":{"start":{"line":62,"column":4},"end":{"line":78,"column":6}},"91":{"start":{"line":63,"column":8},"end":{"line":77,"column":11}},"92":{"start":{"line":65,"column":12},"end":{"line":76,"column":15}},"93":{"start":{"line":66,"column":16},"end":{"line":75,"column":17}},"94":{"start":{"line":68,"column":24},"end":{"line":68,"column":62}},"95":{"start":{"line":69,"column":24},"end":{"line":69,"column":65}},"96":{"start":{"line":70,"column":24},"end":{"line":70,"column":72}},"97":{"start":{"line":71,"column":24},"end":{"line":71,"column":100}},"98":{"start":{"line":73,"column":24},"end":{"line":73,"column":49}},"99":{"start":{"line":74,"column":24},"end":{"line":74,"column":106}},"100":{"start":{"line":79,"column":4},"end":{"line":85,"column":6}},"101":{"start":{"line":80,"column":8},"end":{"line":84,"column":11}},"102":{"start":{"line":81,"column":12},"end":{"line":83,"column":15}},"103":{"start":{"line":82,"column":16},"end":{"line":82,"column":70}},"104":{"start":{"line":86,"column":4},"end":{"line":92,"column":6}},"105":{"start":{"line":87,"column":8},"end":{"line":91,"column":11}},"106":{"start":{"line":88,"column":12},"end":{"line":90,"column":15}},"107":{"start":{"line":89,"column":16},"end":{"line":89,"column":53}},"108":{"start":{"line":94,"column":4},"end":{"line":96,"column":22}},"109":{"start":{"line":97,"column":4},"end":{"line":97,"column":25}},"110":{"start":{"line":99,"column":15},"end":{"line":99,"column":34}},"111":{"start":{"line":100,"column":0},"end":{"line":100,"column":24}},"112":{"start":{"line":101,"column":0},"end":{"line":101,"column":27}}},"fnMap":{"0":{"name":"(anonymous_0)","decl":{"start":{"line":2,"column":46},"end":{"line":2,"column":47}},"loc":{"start":{"line":2,"column":87},"end":{"line":7,"column":1}},"line":2},"1":{"name":"(anonymous_1)","decl":{"start":{"line":8,"column":44},"end":{"line":8,"column":45}},"loc":{"start":{"line":8,"column":89},"end":{"line":16,"column":1}},"line":8},"2":{"name":"adopt","decl":{"start":{"line":9,"column":13},"end":{"line":9,"column":18}},"loc":{"start":{"line":9,"column":26},"end":{"line":9,"column":112}},"line":9},"3":{"name":"(anonymous_3)","decl":{"start":{"line":9,"column":70},"end":{"line":9,"column":71}},"loc":{"start":{"line":9,"column":89},"end":{"line":9,"column":108}},"line":9},"4":{"name":"(anonymous_4)","decl":{"start":{"line":10,"column":36},"end":{"line":10,"column":37}},"loc":{"start":{"line":10,"column":63},"end":{"line":15,"column":5}},"line":10},"5":{"name":"fulfilled","decl":{"start":{"line":11,"column":17},"end":{"line":11,"column":26}},"loc":{"start":{"line":11,"column":34},"end":{"line":11,"column":99}},"line":11},"6":{"name":"rejected","decl":{"start":{"line":12,"column":17},"end":{"line":12,"column":25}},"loc":{"start":{"line":12,"column":33},"end":{"line":12,"column":102}},"line":12},"7":{"name":"step","decl":{"start":{"line":13,"column":17},"end":{"line":13,"column":21}},"loc":{"start":{"line":13,"column":30},"end":{"line":13,"column":118}},"line":13},"8":{"name":"(anonymous_8)","decl":{"start":{"line":17,"column":48},"end":{"line":17,"column":49}},"loc":{"start":{"line":17,"column":73},"end":{"line":43,"column":1}},"line":17},"9":{"name":"(anonymous_9)","decl":{"start":{"line":18,"column":30},"end":{"line":18,"column":31}},"loc":{"start":{"line":18,"column":41},"end":{"line":18,"column":83}},"line":18},"10":{"name":"(anonymous_10)","decl":{"start":{"line":19,"column":125},"end":{"line":19,"column":126}},"loc":{"start":{"line":19,"column":136},"end":{"line":19,"column":152}},"line":19},"11":{"name":"verb","decl":{"start":{"line":20,"column":13},"end":{"line":20,"column":17}},"loc":{"start":{"line":20,"column":21},"end":{"line":20,"column":70}},"line":20},"12":{"name":"(anonymous_12)","decl":{"start":{"line":20,"column":30},"end":{"line":20,"column":31}},"loc":{"start":{"line":20,"column":43},"end":{"line":20,"column":67}},"line":20},"13":{"name":"step","decl":{"start":{"line":21,"column":13},"end":{"line":21,"column":17}},"loc":{"start":{"line":21,"column":22},"end":{"line":42,"column":5}},"line":21},"14":{"name":"(anonymous_14)","decl":{"start":{"line":44,"column":56},"end":{"line":44,"column":57}},"loc":{"start":{"line":44,"column":71},"end":{"line":46,"column":1}},"line":44},"15":{"name":"(anonymous_15)","decl":{"start":{"line":54,"column":21},"end":{"line":54,"column":22}},"loc":{"start":{"line":54,"column":33},"end":{"line":98,"column":1}},"line":54},"16":{"name":"TwitchClients","decl":{"start":{"line":55,"column":13},"end":{"line":55,"column":26}},"loc":{"start":{"line":55,"column":29},"end":{"line":60,"column":5}},"line":55},"17":{"name":"(anonymous_17)","decl":{"start":{"line":62,"column":40},"end":{"line":62,"column":41}},"loc":{"start":{"line":62,"column":52},"end":{"line":78,"column":5}},"line":62},"18":{"name":"(anonymous_18)","decl":{"start":{"line":63,"column":47},"end":{"line":63,"column":48}},"loc":{"start":{"line":63,"column":59},"end":{"line":77,"column":9}},"line":63},"19":{"name":"(anonymous_19)","decl":{"start":{"line":65,"column":37},"end":{"line":65,"column":38}},"loc":{"start":{"line":65,"column":51},"end":{"line":76,"column":13}},"line":65},"20":{"name":"(anonymous_20)","decl":{"start":{"line":79,"column":43},"end":{"line":79,"column":44}},"loc":{"start":{"line":79,"column":55},"end":{"line":85,"column":5}},"line":79},"21":{"name":"(anonymous_21)","decl":{"start":{"line":80,"column":47},"end":{"line":80,"column":48}},"loc":{"start":{"line":80,"column":59},"end":{"line":84,"column":9}},"line":80},"22":{"name":"(anonymous_22)","decl":{"start":{"line":81,"column":37},"end":{"line":81,"column":38}},"loc":{"start":{"line":81,"column":51},"end":{"line":83,"column":13}},"line":81},"23":{"name":"(anonymous_23)","decl":{"start":{"line":86,"column":43},"end":{"line":86,"column":44}},"loc":{"start":{"line":86,"column":55},"end":{"line":92,"column":5}},"line":86},"24":{"name":"(anonymous_24)","decl":{"start":{"line":87,"column":47},"end":{"line":87,"column":48}},"loc":{"start":{"line":87,"column":59},"end":{"line":91,"column":9}},"line":87},"25":{"name":"(anonymous_25)","decl":{"start":{"line":88,"column":37},"end":{"line":88,"column":38}},"loc":{"start":{"line":88,"column":51},"end":{"line":90,"column":13}},"line":88}},"branchMap":{"0":{"loc":{"start":{"line":2,"column":17},"end":{"line":7,"column":1}},"type":"binary-expr","locations":[{"start":{"line":2,"column":18},"end":{"line":2,"column":22}},{"start":{"line":2,"column":26},"end":{"line":2,"column":41}},{"start":{"line":2,"column":46},"end":{"line":7,"column":1}}],"line":2},"1":{"loc":{"start":{"line":3,"column":34},"end":{"line":3,"column":125}},"type":"cond-expr","locations":[{"start":{"line":3,"column":42},"end":{"line":3,"column":48}},{"start":{"line":3,"column":51},"end":{"line":3,"column":125}}],"line":3},"2":{"loc":{"start":{"line":3,"column":51},"end":{"line":3,"column":125}},"type":"cond-expr","locations":[{"start":{"line":3,"column":67},"end":{"line":3,"column":118}},{"start":{"line":3,"column":121},"end":{"line":3,"column":125}}],"line":3},"3":{"loc":{"start":{"line":4,"column":4},"end":{"line":5,"column":150}},"type":"if","locations":[{"start":{"line":4,"column":4},"end":{"line":5,"column":150}},{"start":{"line":4,"column":4},"end":{"line":5,"column":150}}],"line":4},"4":{"loc":{"start":{"line":4,"column":8},"end":{"line":4,"column":77}},"type":"binary-expr","locations":[{"start":{"line":4,"column":8},"end":{"line":4,"column":35}},{"start":{"line":4,"column":39},"end":{"line":4,"column":77}}],"line":4},"5":{"loc":{"start":{"line":5,"column":58},"end":{"line":5,"column":150}},"type":"if","locations":[{"start":{"line":5,"column":58},"end":{"line":5,"column":150}},{"start":{"line":5,"column":58},"end":{"line":5,"column":150}}],"line":5},"6":{"loc":{"start":{"line":5,"column":85},"end":{"line":5,"column":149}},"type":"binary-expr","locations":[{"start":{"line":5,"column":86},"end":{"line":5,"column":143}},{"start":{"line":5,"column":148},"end":{"line":5,"column":149}}],"line":5},"7":{"loc":{"start":{"line":5,"column":86},"end":{"line":5,"column":143}},"type":"cond-expr","locations":[{"start":{"line":5,"column":94},"end":{"line":5,"column":98}},{"start":{"line":5,"column":101},"end":{"line":5,"column":143}}],"line":5},"8":{"loc":{"start":{"line":5,"column":101},"end":{"line":5,"column":143}},"type":"cond-expr","locations":[{"start":{"line":5,"column":109},"end":{"line":5,"column":126}},{"start":{"line":5,"column":129},"end":{"line":5,"column":143}}],"line":5},"9":{"loc":{"start":{"line":6,"column":11},"end":{"line":6,"column":62}},"type":"binary-expr","locations":[{"start":{"line":6,"column":11},"end":{"line":6,"column":16}},{"start":{"line":6,"column":20},"end":{"line":6,"column":21}},{"start":{"line":6,"column":25},"end":{"line":6,"column":62}}],"line":6},"10":{"loc":{"start":{"line":8,"column":16},"end":{"line":16,"column":1}},"type":"binary-expr","locations":[{"start":{"line":8,"column":17},"end":{"line":8,"column":21}},{"start":{"line":8,"column":25},"end":{"line":8,"column":39}},{"start":{"line":8,"column":44},"end":{"line":16,"column":1}}],"line":8},"11":{"loc":{"start":{"line":9,"column":35},"end":{"line":9,"column":109}},"type":"cond-expr","locations":[{"start":{"line":9,"column":56},"end":{"line":9,"column":61}},{"start":{"line":9,"column":64},"end":{"line":9,"column":109}}],"line":9},"12":{"loc":{"start":{"line":10,"column":16},"end":{"line":10,"column":34}},"type":"binary-expr","locations":[{"start":{"line":10,"column":16},"end":{"line":10,"column":17}},{"start":{"line":10,"column":22},"end":{"line":10,"column":33}}],"line":10},"13":{"loc":{"start":{"line":13,"column":32},"end":{"line":13,"column":115}},"type":"cond-expr","locations":[{"start":{"line":13,"column":46},"end":{"line":13,"column":67}},{"start":{"line":13,"column":70},"end":{"line":13,"column":115}}],"line":13},"14":{"loc":{"start":{"line":14,"column":51},"end":{"line":14,"column":67}},"type":"binary-expr","locations":[{"start":{"line":14,"column":51},"end":{"line":14,"column":61}},{"start":{"line":14,"column":65},"end":{"line":14,"column":67}}],"line":14},"15":{"loc":{"start":{"line":17,"column":18},"end":{"line":43,"column":1}},"type":"binary-expr","locations":[{"start":{"line":17,"column":19},"end":{"line":17,"column":23}},{"start":{"line":17,"column":27},"end":{"line":17,"column":43}},{"start":{"line":17,"column":48},"end":{"line":43,"column":1}}],"line":17},"16":{"loc":{"start":{"line":18,"column":43},"end":{"line":18,"column":68}},"type":"if","locations":[{"start":{"line":18,"column":43},"end":{"line":18,"column":68}},{"start":{"line":18,"column":43},"end":{"line":18,"column":68}}],"line":18},"17":{"loc":{"start":{"line":19,"column":71},"end":{"line":19,"column":153}},"type":"binary-expr","locations":[{"start":{"line":19,"column":71},"end":{"line":19,"column":99}},{"start":{"line":19,"column":104},"end":{"line":19,"column":152}}],"line":19},"18":{"loc":{"start":{"line":22,"column":8},"end":{"line":22,"column":70}},"type":"if","locations":[{"start":{"line":22,"column":8},"end":{"line":22,"column":70}},{"start":{"line":22,"column":8},"end":{"line":22,"column":70}}],"line":22},"19":{"loc":{"start":{"line":24,"column":12},"end":{"line":24,"column":169}},"type":"if","locations":[{"start":{"line":24,"column":12},"end":{"line":24,"column":169}},{"start":{"line":24,"column":12},"end":{"line":24,"column":169}}],"line":24},"20":{"loc":{"start":{"line":24,"column":23},"end":{"line":24,"column":158}},"type":"binary-expr","locations":[{"start":{"line":24,"column":23},"end":{"line":24,"column":24}},{"start":{"line":24,"column":29},"end":{"line":24,"column":125}},{"start":{"line":24,"column":130},"end":{"line":24,"column":158}}],"line":24},"21":{"loc":{"start":{"line":24,"column":33},"end":{"line":24,"column":125}},"type":"cond-expr","locations":[{"start":{"line":24,"column":45},"end":{"line":24,"column":56}},{"start":{"line":24,"column":59},"end":{"line":24,"column":125}}],"line":24},"22":{"loc":{"start":{"line":24,"column":59},"end":{"line":24,"column":125}},"type":"cond-expr","locations":[{"start":{"line":24,"column":67},"end":{"line":24,"column":116}},{"start":{"line":24,"column":119},"end":{"line":24,"column":125}}],"line":24},"23":{"loc":{"start":{"line":24,"column":67},"end":{"line":24,"column":116}},"type":"binary-expr","locations":[{"start":{"line":24,"column":67},"end":{"line":24,"column":77}},{"start":{"line":24,"column":82},"end":{"line":24,"column":115}}],"line":24},"24":{"loc":{"start":{"line":24,"column":82},"end":{"line":24,"column":112}},"type":"binary-expr","locations":[{"start":{"line":24,"column":83},"end":{"line":24,"column":98}},{"start":{"line":24,"column":103},"end":{"line":24,"column":112}}],"line":24},"25":{"loc":{"start":{"line":25,"column":12},"end":{"line":25,"column":52}},"type":"if","locations":[{"start":{"line":25,"column":12},"end":{"line":25,"column":52}},{"start":{"line":25,"column":12},"end":{"line":25,"column":52}}],"line":25},"26":{"loc":{"start":{"line":26,"column":12},"end":{"line":38,"column":13}},"type":"switch","locations":[{"start":{"line":27,"column":16},"end":{"line":27,"column":23}},{"start":{"line":27,"column":24},"end":{"line":27,"column":46}},{"start":{"line":28,"column":16},"end":{"line":28,"column":72}},{"start":{"line":29,"column":16},"end":{"line":29,"column":65}},{"start":{"line":30,"column":16},"end":{"line":30,"column":65}},{"start":{"line":31,"column":16},"end":{"line":37,"column":43}}],"line":26},"27":{"loc":{"start":{"line":32,"column":20},"end":{"line":32,"column":128}},"type":"if","locations":[{"start":{"line":32,"column":20},"end":{"line":32,"column":128}},{"start":{"line":32,"column":20},"end":{"line":32,"column":128}}],"line":32},"28":{"loc":{"start":{"line":32,"column":24},"end":{"line":32,"column":106}},"type":"binary-expr","locations":[{"start":{"line":32,"column":24},"end":{"line":32,"column":74}},{"start":{"line":32,"column":79},"end":{"line":32,"column":90}},{"start":{"line":32,"column":94},"end":{"line":32,"column":105}}],"line":32},"29":{"loc":{"start":{"line":32,"column":42},"end":{"line":32,"column":73}},"type":"binary-expr","locations":[{"start":{"line":32,"column":42},"end":{"line":32,"column":54}},{"start":{"line":32,"column":58},"end":{"line":32,"column":73}}],"line":32},"30":{"loc":{"start":{"line":33,"column":20},"end":{"line":33,"column":106}},"type":"if","locations":[{"start":{"line":33,"column":20},"end":{"line":33,"column":106}},{"start":{"line":33,"column":20},"end":{"line":33,"column":106}}],"line":33},"31":{"loc":{"start":{"line":33,"column":24},"end":{"line":33,"column":77}},"type":"binary-expr","locations":[{"start":{"line":33,"column":24},"end":{"line":33,"column":35}},{"start":{"line":33,"column":40},"end":{"line":33,"column":42}},{"start":{"line":33,"column":47},"end":{"line":33,"column":59}},{"start":{"line":33,"column":63},"end":{"line":33,"column":75}}],"line":33},"32":{"loc":{"start":{"line":34,"column":20},"end":{"line":34,"column":89}},"type":"if","locations":[{"start":{"line":34,"column":20},"end":{"line":34,"column":89}},{"start":{"line":34,"column":20},"end":{"line":34,"column":89}}],"line":34},"33":{"loc":{"start":{"line":34,"column":24},"end":{"line":34,"column":53}},"type":"binary-expr","locations":[{"start":{"line":34,"column":24},"end":{"line":34,"column":35}},{"start":{"line":34,"column":39},"end":{"line":34,"column":53}}],"line":34},"34":{"loc":{"start":{"line":35,"column":20},"end":{"line":35,"column":87}},"type":"if","locations":[{"start":{"line":35,"column":20},"end":{"line":35,"column":87}},{"start":{"line":35,"column":20},"end":{"line":35,"column":87}}],"line":35},"35":{"loc":{"start":{"line":35,"column":24},"end":{"line":35,"column":43}},"type":"binary-expr","locations":[{"start":{"line":35,"column":24},"end":{"line":35,"column":25}},{"start":{"line":35,"column":29},"end":{"line":35,"column":43}}],"line":35},"36":{"loc":{"start":{"line":36,"column":20},"end":{"line":36,"column":42}},"type":"if","locations":[{"start":{"line":36,"column":20},"end":{"line":36,"column":42}},{"start":{"line":36,"column":20},"end":{"line":36,"column":42}}],"line":36},"37":{"loc":{"start":{"line":41,"column":8},"end":{"line":41,"column":35}},"type":"if","locations":[{"start":{"line":41,"column":8},"end":{"line":41,"column":35}},{"start":{"line":41,"column":8},"end":{"line":41,"column":35}}],"line":41},"38":{"loc":{"start":{"line":41,"column":52},"end":{"line":41,"column":74}},"type":"cond-expr","locations":[{"start":{"line":41,"column":60},"end":{"line":41,"column":65}},{"start":{"line":41,"column":68},"end":{"line":41,"column":74}}],"line":41},"39":{"loc":{"start":{"line":44,"column":22},"end":{"line":46,"column":1}},"type":"binary-expr","locations":[{"start":{"line":44,"column":23},"end":{"line":44,"column":27}},{"start":{"line":44,"column":31},"end":{"line":44,"column":51}},{"start":{"line":44,"column":56},"end":{"line":46,"column":1}}],"line":44},"40":{"loc":{"start":{"line":45,"column":11},"end":{"line":45,"column":61}},"type":"cond-expr","locations":[{"start":{"line":45,"column":37},"end":{"line":45,"column":40}},{"start":{"line":45,"column":43},"end":{"line":45,"column":61}}],"line":45},"41":{"loc":{"start":{"line":45,"column":12},"end":{"line":45,"column":33}},"type":"binary-expr","locations":[{"start":{"line":45,"column":12},"end":{"line":45,"column":15}},{"start":{"line":45,"column":19},"end":{"line":45,"column":33}}],"line":45},"42":{"loc":{"start":{"line":56,"column":8},"end":{"line":58,"column":9}},"type":"if","locations":[{"start":{"line":56,"column":8},"end":{"line":58,"column":9}},{"start":{"line":56,"column":8},"end":{"line":58,"column":9}}],"line":56},"43":{"loc":{"start":{"line":66,"column":16},"end":{"line":75,"column":17}},"type":"switch","locations":[{"start":{"line":67,"column":20},"end":{"line":71,"column":100}},{"start":{"line":72,"column":20},"end":{"line":74,"column":106}}],"line":66},"44":{"loc":{"start":{"line":68,"column":36},"end":{"line":68,"column":61}},"type":"binary-expr","locations":[{"start":{"line":68,"column":36},"end":{"line":68,"column":55}},{"start":{"line":68,"column":59},"end":{"line":68,"column":61}}],"line":68},"45":{"loc":{"start":{"line":69,"column":40},"end":{"line":69,"column":64}},"type":"binary-expr","locations":[{"start":{"line":69,"column":40},"end":{"line":69,"column":58}},{"start":{"line":69,"column":62},"end":{"line":69,"column":64}}],"line":69},"46":{"loc":{"start":{"line":70,"column":40},"end":{"line":70,"column":71}},"type":"binary-expr","locations":[{"start":{"line":70,"column":40},"end":{"line":70,"column":65}},{"start":{"line":70,"column":69},"end":{"line":70,"column":71}}],"line":70}},"s":{"0":9,"1":9,"2":9,"3":9,"4":9,"5":0,"6":0,"7":0,"8":0,"9":9,"10":9,"11":31,"12":0,"13":31,"14":31,"15":31,"16":0,"17":0,"18":0,"19":0,"20":62,"21":31,"22":9,"23":31,"24":31,"25":0,"26":31,"27":31,"28":0,"29":93,"30":62,"31":62,"32":0,"33":62,"34":124,"35":124,"36":0,"37":124,"38":0,"39":124,"40":62,"41":62,"42":31,"43":31,"44":0,"45":0,"46":0,"47":0,"48":0,"49":0,"50":0,"51":31,"52":31,"53":31,"54":0,"55":0,"56":0,"57":0,"58":0,"59":0,"60":0,"61":0,"62":0,"63":0,"64":0,"65":0,"66":0,"67":0,"68":0,"69":62,"70":0,"71":0,"72":124,"73":31,"74":0,"75":31,"76":9,"77":9,"78":9,"79":9,"80":9,"81":9,"82":9,"83":9,"84":9,"85":9,"86":9,"87":9,"88":9,"89":9,"90":9,"91":31,"92":31,"93":62,"94":31,"95":31,"96":31,"97":31,"98":31,"99":31,"100":9,"101":0,"102":0,"103":0,"104":9,"105":0,"106":0,"107":0,"108":9,"109":9,"110":9,"111":9,"112":9},"f":{"0":9,"1":31,"2":31,"3":0,"4":31,"5":31,"6":0,"7":62,"8":31,"9":31,"10":0,"11":93,"12":62,"13":62,"14":9,"15":9,"16":9,"17":31,"18":31,"19":62,"20":0,"21":0,"22":0,"23":0,"24":0,"25":0},"b":{"0":[9,9,9],"1":[9,0],"2":[0,0],"3":[9,0],"4":[9,9],"5":[0,0],"6":[0,0],"7":[0,0],"8":[0,0],"9":[9,0,0],"10":[9,9,9],"11":[31,0],"12":[31,31],"13":[31,31],"14":[31,31],"15":[9,9,9],"16":[0,31],"17":[31,31],"18":[0,62],"19":[0,124],"20":[124,0,0],"21":[0,0],"22":[0,0],"23":[0,0],"24":[0,0],"25":[0,124],"26":[62,62,31,0,0,31],"27":[31,0],"28":[31,31,31],"29":[31,0],"30":[0,0],"31":[0,0,0,0],"32":[0,0],"33":[0,0],"34":[0,0],"35":[0,0],"36":[0,0],"37":[0,31],"38":[31,0],"39":[9,9,9],"40":[9,0],"41":[9,9],"42":[9,0],"43":[31,31],"44":[31,0],"45":[31,0],"46":[31,0]},"inputSourceMap":null,"_coverageSchema":"1a1c01bbd47fc00a2c39e90264f33305004495a9","hash":"16e2ad9b7c93c919138f0f9251a261ba08ba7521"}
,"/Users/admin/Documents/PersonalProjects/twitch-graphql/dist/injections/Twitch-Id.js": {"path":"/Users/admin/Documents/PersonalProjects/twitch-graphql/dist/injections/Twitch-Id.js","statementMap":{"0":{"start":{"line":2,"column":17},"end":{"line":7,"column":1}},"1":{"start":{"line":3,"column":12},"end":{"line":3,"column":28}},"2":{"start":{"line":3,"column":34},"end":{"line":3,"column":125}},"3":{"start":{"line":4,"column":4},"end":{"line":5,"column":150}},"4":{"start":{"line":4,"column":79},"end":{"line":4,"column":131}},"5":{"start":{"line":5,"column":9},"end":{"line":5,"column":150}},"6":{"start":{"line":5,"column":22},"end":{"line":5,"column":43}},"7":{"start":{"line":5,"column":58},"end":{"line":5,"column":150}},"8":{"start":{"line":5,"column":81},"end":{"line":5,"column":150}},"9":{"start":{"line":6,"column":4},"end":{"line":6,"column":66}},"10":{"start":{"line":8,"column":0},"end":{"line":8,"column":62}},"11":{"start":{"line":9,"column":0},"end":{"line":9,"column":26}},"12":{"start":{"line":10,"column":0},"end":{"line":10,"column":28}},"13":{"start":{"line":11,"column":24},"end":{"line":11,"column":50}},"14":{"start":{"line":12,"column":0},"end":{"line":12,"column":27}},"15":{"start":{"line":13,"column":16},"end":{"line":23,"column":3}},"16":{"start":{"line":16,"column":4},"end":{"line":18,"column":6}},"17":{"start":{"line":17,"column":8},"end":{"line":17,"column":43}},"18":{"start":{"line":19,"column":4},"end":{"line":21,"column":17}},"19":{"start":{"line":22,"column":4},"end":{"line":22,"column":20}},"20":{"start":{"line":24,"column":0},"end":{"line":24,"column":28}}},"fnMap":{"0":{"name":"(anonymous_0)","decl":{"start":{"line":2,"column":46},"end":{"line":2,"column":47}},"loc":{"start":{"line":2,"column":87},"end":{"line":7,"column":1}},"line":2},"1":{"name":"(anonymous_1)","decl":{"start":{"line":13,"column":16},"end":{"line":13,"column":17}},"loc":{"start":{"line":13,"column":28},"end":{"line":23,"column":1}},"line":13},"2":{"name":"TwitchId","decl":{"start":{"line":14,"column":13},"end":{"line":14,"column":21}},"loc":{"start":{"line":14,"column":24},"end":{"line":15,"column":5}},"line":14},"3":{"name":"(anonymous_3)","decl":{"start":{"line":16,"column":28},"end":{"line":16,"column":29}},"loc":{"start":{"line":16,"column":40},"end":{"line":18,"column":5}},"line":16}},"branchMap":{"0":{"loc":{"start":{"line":2,"column":17},"end":{"line":7,"column":1}},"type":"binary-expr","locations":[{"start":{"line":2,"column":18},"end":{"line":2,"column":22}},{"start":{"line":2,"column":26},"end":{"line":2,"column":41}},{"start":{"line":2,"column":46},"end":{"line":7,"column":1}}],"line":2},"1":{"loc":{"start":{"line":3,"column":34},"end":{"line":3,"column":125}},"type":"cond-expr","locations":[{"start":{"line":3,"column":42},"end":{"line":3,"column":48}},{"start":{"line":3,"column":51},"end":{"line":3,"column":125}}],"line":3},"2":{"loc":{"start":{"line":3,"column":51},"end":{"line":3,"column":125}},"type":"cond-expr","locations":[{"start":{"line":3,"column":67},"end":{"line":3,"column":118}},{"start":{"line":3,"column":121},"end":{"line":3,"column":125}}],"line":3},"3":{"loc":{"start":{"line":4,"column":4},"end":{"line":5,"column":150}},"type":"if","locations":[{"start":{"line":4,"column":4},"end":{"line":5,"column":150}},{"start":{"line":4,"column":4},"end":{"line":5,"column":150}}],"line":4},"4":{"loc":{"start":{"line":4,"column":8},"end":{"line":4,"column":77}},"type":"binary-expr","locations":[{"start":{"line":4,"column":8},"end":{"line":4,"column":35}},{"start":{"line":4,"column":39},"end":{"line":4,"column":77}}],"line":4},"5":{"loc":{"start":{"line":5,"column":58},"end":{"line":5,"column":150}},"type":"if","locations":[{"start":{"line":5,"column":58},"end":{"line":5,"column":150}},{"start":{"line":5,"column":58},"end":{"line":5,"column":150}}],"line":5},"6":{"loc":{"start":{"line":5,"column":85},"end":{"line":5,"column":149}},"type":"binary-expr","locations":[{"start":{"line":5,"column":86},"end":{"line":5,"column":143}},{"start":{"line":5,"column":148},"end":{"line":5,"column":149}}],"line":5},"7":{"loc":{"start":{"line":5,"column":86},"end":{"line":5,"column":143}},"type":"cond-expr","locations":[{"start":{"line":5,"column":94},"end":{"line":5,"column":98}},{"start":{"line":5,"column":101},"end":{"line":5,"column":143}}],"line":5},"8":{"loc":{"start":{"line":5,"column":101},"end":{"line":5,"column":143}},"type":"cond-expr","locations":[{"start":{"line":5,"column":109},"end":{"line":5,"column":126}},{"start":{"line":5,"column":129},"end":{"line":5,"column":143}}],"line":5},"9":{"loc":{"start":{"line":6,"column":11},"end":{"line":6,"column":62}},"type":"binary-expr","locations":[{"start":{"line":6,"column":11},"end":{"line":6,"column":16}},{"start":{"line":6,"column":20},"end":{"line":6,"column":21}},{"start":{"line":6,"column":25},"end":{"line":6,"column":62}}],"line":6},"10":{"loc":{"start":{"line":17,"column":15},"end":{"line":17,"column":42}},"type":"binary-expr","locations":[{"start":{"line":17,"column":15},"end":{"line":17,"column":36}},{"start":{"line":17,"column":40},"end":{"line":17,"column":42}}],"line":17}},"s":{"0":9,"1":9,"2":9,"3":9,"4":9,"5":0,"6":0,"7":0,"8":0,"9":9,"10":9,"11":9,"12":9,"13":9,"14":9,"15":9,"16":9,"17":21,"18":9,"19":9,"20":9},"f":{"0":9,"1":9,"2":88,"3":21},"b":{"0":[9,9,9],"1":[9,0],"2":[0,0],"3":[9,0],"4":[9,9],"5":[0,0],"6":[0,0],"7":[0,0],"8":[0,0],"9":[9,0,0],"10":[21,21]},"inputSourceMap":null,"_coverageSchema":"1a1c01bbd47fc00a2c39e90264f33305004495a9","hash":"0ac634758c57a574ffa453202a36872d50e3f851"}
,"/Users/admin/Documents/PersonalProjects/twitch-graphql/dist/injections/User-Id.js": {"path":"/Users/admin/Documents/PersonalProjects/twitch-graphql/dist/injections/User-Id.js","statementMap":{"0":{"start":{"line":2,"column":17},"end":{"line":7,"column":1}},"1":{"start":{"line":3,"column":12},"end":{"line":3,"column":28}},"2":{"start":{"line":3,"column":34},"end":{"line":3,"column":125}},"3":{"start":{"line":4,"column":4},"end":{"line":5,"column":150}},"4":{"start":{"line":4,"column":79},"end":{"line":4,"column":131}},"5":{"start":{"line":5,"column":9},"end":{"line":5,"column":150}},"6":{"start":{"line":5,"column":22},"end":{"line":5,"column":43}},"7":{"start":{"line":5,"column":58},"end":{"line":5,"column":150}},"8":{"start":{"line":5,"column":81},"end":{"line":5,"column":150}},"9":{"start":{"line":6,"column":4},"end":{"line":6,"column":66}},"10":{"start":{"line":8,"column":0},"end":{"line":8,"column":62}},"11":{"start":{"line":9,"column":0},"end":{"line":9,"column":24}},"12":{"start":{"line":10,"column":0},"end":{"line":10,"column":28}},"13":{"start":{"line":11,"column":24},"end":{"line":11,"column":50}},"14":{"start":{"line":12,"column":0},"end":{"line":12,"column":27}},"15":{"start":{"line":13,"column":14},"end":{"line":23,"column":3}},"16":{"start":{"line":16,"column":4},"end":{"line":18,"column":6}},"17":{"start":{"line":17,"column":8},"end":{"line":17,"column":41}},"18":{"start":{"line":19,"column":4},"end":{"line":21,"column":15}},"19":{"start":{"line":22,"column":4},"end":{"line":22,"column":18}},"20":{"start":{"line":24,"column":0},"end":{"line":24,"column":24}}},"fnMap":{"0":{"name":"(anonymous_0)","decl":{"start":{"line":2,"column":46},"end":{"line":2,"column":47}},"loc":{"start":{"line":2,"column":87},"end":{"line":7,"column":1}},"line":2},"1":{"name":"(anonymous_1)","decl":{"start":{"line":13,"column":14},"end":{"line":13,"column":15}},"loc":{"start":{"line":13,"column":26},"end":{"line":23,"column":1}},"line":13},"2":{"name":"UserId","decl":{"start":{"line":14,"column":13},"end":{"line":14,"column":19}},"loc":{"start":{"line":14,"column":22},"end":{"line":15,"column":5}},"line":14},"3":{"name":"(anonymous_3)","decl":{"start":{"line":16,"column":26},"end":{"line":16,"column":27}},"loc":{"start":{"line":16,"column":38},"end":{"line":18,"column":5}},"line":16}},"branchMap":{"0":{"loc":{"start":{"line":2,"column":17},"end":{"line":7,"column":1}},"type":"binary-expr","locations":[{"start":{"line":2,"column":18},"end":{"line":2,"column":22}},{"start":{"line":2,"column":26},"end":{"line":2,"column":41}},{"start":{"line":2,"column":46},"end":{"line":7,"column":1}}],"line":2},"1":{"loc":{"start":{"line":3,"column":34},"end":{"line":3,"column":125}},"type":"cond-expr","locations":[{"start":{"line":3,"column":42},"end":{"line":3,"column":48}},{"start":{"line":3,"column":51},"end":{"line":3,"column":125}}],"line":3},"2":{"loc":{"start":{"line":3,"column":51},"end":{"line":3,"column":125}},"type":"cond-expr","locations":[{"start":{"line":3,"column":67},"end":{"line":3,"column":118}},{"start":{"line":3,"column":121},"end":{"line":3,"column":125}}],"line":3},"3":{"loc":{"start":{"line":4,"column":4},"end":{"line":5,"column":150}},"type":"if","locations":[{"start":{"line":4,"column":4},"end":{"line":5,"column":150}},{"start":{"line":4,"column":4},"end":{"line":5,"column":150}}],"line":4},"4":{"loc":{"start":{"line":4,"column":8},"end":{"line":4,"column":77}},"type":"binary-expr","locations":[{"start":{"line":4,"column":8},"end":{"line":4,"column":35}},{"start":{"line":4,"column":39},"end":{"line":4,"column":77}}],"line":4},"5":{"loc":{"start":{"line":5,"column":58},"end":{"line":5,"column":150}},"type":"if","locations":[{"start":{"line":5,"column":58},"end":{"line":5,"column":150}},{"start":{"line":5,"column":58},"end":{"line":5,"column":150}}],"line":5},"6":{"loc":{"start":{"line":5,"column":85},"end":{"line":5,"column":149}},"type":"binary-expr","locations":[{"start":{"line":5,"column":86},"end":{"line":5,"column":143}},{"start":{"line":5,"column":148},"end":{"line":5,"column":149}}],"line":5},"7":{"loc":{"start":{"line":5,"column":86},"end":{"line":5,"column":143}},"type":"cond-expr","locations":[{"start":{"line":5,"column":94},"end":{"line":5,"column":98}},{"start":{"line":5,"column":101},"end":{"line":5,"column":143}}],"line":5},"8":{"loc":{"start":{"line":5,"column":101},"end":{"line":5,"column":143}},"type":"cond-expr","locations":[{"start":{"line":5,"column":109},"end":{"line":5,"column":126}},{"start":{"line":5,"column":129},"end":{"line":5,"column":143}}],"line":5},"9":{"loc":{"start":{"line":6,"column":11},"end":{"line":6,"column":62}},"type":"binary-expr","locations":[{"start":{"line":6,"column":11},"end":{"line":6,"column":16}},{"start":{"line":6,"column":20},"end":{"line":6,"column":21}},{"start":{"line":6,"column":25},"end":{"line":6,"column":62}}],"line":6},"10":{"loc":{"start":{"line":17,"column":15},"end":{"line":17,"column":40}},"type":"binary-expr","locations":[{"start":{"line":17,"column":15},"end":{"line":17,"column":34}},{"start":{"line":17,"column":38},"end":{"line":17,"column":40}}],"line":17}},"s":{"0":9,"1":9,"2":9,"3":9,"4":9,"5":0,"6":0,"7":0,"8":0,"9":9,"10":9,"11":9,"12":9,"13":9,"14":9,"15":9,"16":9,"17":0,"18":9,"19":9,"20":9},"f":{"0":9,"1":9,"2":88,"3":0},"b":{"0":[9,9,9],"1":[9,0],"2":[0,0],"3":[9,0],"4":[9,9],"5":[0,0],"6":[0,0],"7":[0,0],"8":[0,0],"9":[9,0,0],"10":[0,0]},"inputSourceMap":null,"_coverageSchema":"1a1c01bbd47fc00a2c39e90264f33305004495a9","hash":"fa3740b53b256c338601c107ddb6f0298d1914c8"}
[...]
,"7":{"start":{"line":14,"column":24},"end":{"line":14,"column":null}},"8":{"start":{"line":14,"column":12},"end":{"line":14,"column":null}},"9":{"start":{"line":16,"column":6},"end":{"line":16,"column":null}},"10":{"start":{"line":21,"column":16},"end":{"line":21,"column":48}},"11":{"start":{"line":23,"column":24},"end":{"line":23,"column":null}},"12":{"start":{"line":23,"column":12},"end":{"line":23,"column":null}},"13":{"start":{"line":25,"column":6},"end":{"line":25,"column":null}},"14":{"start":{"line":30,"column":6},"end":{"line":30,"column":null}},"15":{"start":{"line":31,"column":6},"end":{"line":31,"column":null}},"16":{"start":{"line":34,"column":6},"end":{"line":34,"column":null}},"17":{"start":{"line":37,"column":6},"end":{"line":37,"column":null}},"18":{"start":{"line":40,"column":6},"end":{"line":40,"column":null}},"19":{"start":{"line":43,"column":6},"end":{"line":43,"column":null}},"20":{"start":{"line":46,"column":13},"end":{"line":46,"column":null}},"21":{"start":{"line":46,"column":6},"end":{"line":46,"column":null}},"22":{"start":{"line":51,"column":16},"end":{"line":51,"column":48}},"23":{"start":{"line":53,"column":24},"end":{"line":53,"column":null}},"24":{"start":{"line":53,"column":12},"end":{"line":53,"column":null}},"25":{"start":{"line":55,"column":23},"end":{"line":57,"column":null}},"26":{"start":{"line":55,"column":12},"end":{"line":57,"column":null}},"27":{"start":{"line":59,"column":13},"end":{"line":59,"column":25}},"28":{"start":{"line":59,"column":13},"end":{"line":59,"column":21}},"29":{"start":{"line":59,"column":26},"end":{"line":59,"column":62}},"30":{"start":{"line":59,"column":25},"end":{"line":59,"column":null}},"31":{"start":{"line":59,"column":6},"end":{"line":59,"column":13}},"32":{"start":{"line":62,"column":6},"end":{"line":62,"column":null}},"33":{"start":{"line":67,"column":16},"end":{"line":67,"column":48}},"34":{"start":{"line":69,"column":24},"end":{"line":69,"column":null}},"35":{"start":{"line":69,"column":12},"end":{"line":69,"column":null}},"36":{"start":{"line":71,"column":23},"end":{"line":73,"column":null}},"37":{"start":{"line":71,"column":12},"end":{"line":73,"column":null}},"38":{"start":{"line":75,"column":6},"end":{"line":75,"column":null}},"39":{"start":{"line":80,"column":16},"end":{"line":80,"column":48}},"40":{"start":{"line":82,"column":24},"end":{"line":82,"column":null}},"41":{"start":{"line":82,"column":12},"end":{"line":82,"column":null}},"42":{"start":{"line":83,"column":19},"end":{"line":85,"column":null}},"43":{"start":{"line":83,"column":12},"end":{"line":85,"column":null}},"44":{"start":{"line":87,"column":10},"end":{"line":87,"column":null}},"45":{"start":{"line":88,"column":6},"end":{"line":88,"column":51}},"46":{"start":{"line":88,"column":24},"end":{"line":88,"column":51}},"47":{"start":{"line":89,"column":15},"end":{"line":89,"column":22}},"48":{"start":{"line":89,"column":22},"end":{"line":89,"column":42}},"49":{"start":{"line":89,"column":40},"end":{"line":89,"column":42}},"50":{"start":{"line":90,"column":8},"end":{"line":90,"column":null}},"51":{"start":{"line":91,"column":8},"end":{"line":91,"column":53}},"52":{"start":{"line":91,"column":26},"end":{"line":91,"column":53}},"53":{"start":{"line":89,"column":42},"end":{"line":89,"column":null}},"54":{"start":{"line":95,"column":33},"end":{"line":95,"column":64}},"55":{"start":{"line":97,"column":15},"end":{"line":97,"column":null}},"56":{"start":{"line":94,"column":6},"end":{"line":98,"column":null}},"57":{"start":{"line":103,"column":6},"end":{"line":103,"column":null}},"58":{"start":{"line":106,"column":6},"end":{"line":106,"column":null}},"59":{"start":{"line":109,"column":13},"end":{"line":109,"column":null}},"60":{"start":{"line":109,"column":6},"end":{"line":109,"column":null}},"61":{"start":{"line":112,"column":13},"end":{"line":112,"column":null}},"62":{"start":{"line":112,"column":6},"end":{"line":112,"column":null}},"63":{"start":{"line":117,"column":13},"end":{"line":151,"column":null}},"64":{"start":{"line":153,"column":13},"end":{"line":159,"column":null}}},"fnMap":{"0":{"name":"(anonymous_15)","decl":{"start":{"line":9,"column":4},"end":{"line":9,"column":10}},"loc":{"start":{"line":12,"column":48},"end":{"line":17,"column":null}}},"1":{"name":"(anonymous_18)","decl":{"start":{"line":18,"column":4},"end":{"line":18,"column":10}},"loc":{"start":{"line":21,"column":48},"end":{"line":26,"column":null}}},"2":{"name":"(anonymous_21)","decl":{"start":{"line":29,"column":4},"end":{"line":29,"column":15}},"loc":{"start":{"line":29,"column":31},"end":{"line":32,"column":5}}},"3":{"name":"(anonymous_22)","decl":{"start":{"line":33,"column":4},"end":{"line":33,"column":15}},"loc":{"start":{"line":33,"column":31},"end":{"line":35,"column":5}}},"4":{"name":"(anonymous_23)","decl":{"start":{"line":36,"column":4},"end":{"line":36,"column":6}},"loc":{"start":{"line":36,"column":22},"end":{"line":38,"column":5}}},"5":{"name":"(anonymous_24)","decl":{"start":{"line":39,"column":4},"end":{"line":39,"column":21}},"loc":{"start":{"line":39,"column":37},"end":{"line":41,"column":5}}},"6":{"name":"(anonymous_25)","decl":{"start":{"line":42,"column":4},"end":{"line":42,"column":9}},"loc":{"start":{"line":42,"column":25},"end":{"line":44,"column":5}}},"7":{"name":"(anonymous_26)","decl":{"start":{"line":45,"column":4},"end":{"line":45,"column":10}},"loc":{"start":{"line":45,"column":65},"end":{"line":47,"column":null}}},"8":{"name":"(anonymous_29)","decl":{"start":{"line":48,"column":4},"end":{"line":48,"column":10}},"loc":{"start":{"line":51,"column":48},"end":{"line":60,"column":null}}},"9":{"name":"(anonymous_32)","decl":{"start":{"line":61,"column":4},"end":{"line":61,"column":10}},"loc":{"start":{"line":61,"column":61},"end":{"line":63,"column":null}}},"10":{"name":"(anonymous_35)","decl":{"start":{"line":64,"column":4},"end":{"line":64,"column":10}},"loc":{"start":{"line":67,"column":48},"end":{"line":76,"column":null}}},"11":{"name":"(anonymous_38)","decl":{"start":{"line":77,"column":4},"end":{"line":77,"column":10}},"loc":{"start":{"line":80,"column":48},"end":{"line":99,"column":null}}},"12":{"name":"(anonymous_41)","decl":{"start":{"line":95,"column":25},"end":{"line":95,"column":26}},"loc":{"start":{"line":95,"column":28},"end":{"line":95,"column":37}}},"13":{"name":"(anonymous_42)","decl":{"start":{"line":102,"column":4},"end":{"line":102,"column":14}},"loc":{"start":{"line":102,"column":34},"end":{"line":104,"column":5}}},"14":{"name":"(anonymous_43)","decl":{"start":{"line":105,"column":4},"end":{"line":105,"column":17}},"loc":{"start":{"line":105,"column":37},"end":{"line":107,"column":5}}},"15":{"name":"(anonymous_44)","decl":{"start":{"line":108,"column":4},"end":{"line":108,"column":10}},"loc":{"start":{"line":108,"column":42},"end":{"line":110,"column":null}}},"16":{"name":"(anonymous_47)","decl":{"start":{"line":111,"column":4},"end":{"line":111,"column":10}},"loc":{"start":{"line":111,"column":42},"end":{"line":113,"column":null}}}},"branchMap":{"0":{"loc":{"start":{"line":14,"column":24},"end":{"line":14,"column":null}},"type":"switch","locations":[{"start":{"line":14,"column":24},"end":{"line":14,"column":null}}]},"1":{"loc":{"start":{"line":23,"column":24},"end":{"line":23,"column":null}},"type":"switch","locations":[{"start":{"line":23,"column":24},"end":{"line":23,"column":null}}]},"2":{"loc":{"start":{"line":46,"column":13},"end":{"line":46,"column":null}},"type":"switch","locations":[{"start":{"line":46,"column":13},"end":{"line":46,"column":null}},{"start":{"line":46,"column":6},"end":{"line":46,"column":null}}]},"3":{"loc":{"start":{"line":53,"column":24},"end":{"line":53,"column":null}},"type":"switch","locations":[{"start":{"line":53,"column":24},"end":{"line":53,"column":null}},{"start":{"line":59,"column":6},"end":{"line":59,"column":13}}]},"4":{"loc":{"start":{"line":59,"column":13},"end":{"line":59,"column":21}},"type":"if","locations":[{"start":{"line":59,"column":13},"end":{"line":59,"column":21}},{"start":{"line":59,"column":13},"end":{"line":59,"column":21}}]},"5":{"loc":{"start":{"line":59,"column":36},"end":{"line":59,"column":38}},"type":"cond-expr","locations":[{"start":{"line":59,"column":36},"end":{"line":59,"column":38}},{"start":{"line":59,"column":32},"end":{"line":59,"column":62}}]},"6":{"loc":{"start":{"line":59,"column":32},"end":{"line":59,"column":38}},"type":"binary-expr","locations":[{"start":{"line":59,"column":32},"end":{"line":59,"column":38}},{"start":{"line":59,"column":32},"end":{"line":59,"column":38}}]},"7":{"loc":{"start":{"line":69,"column":24},"end":{"line":69,"column":null}},"type":"switch","locations":[{"start":{"line":69,"column":24},"end":{"line":69,"column":null}}]},"8":{"loc":{"start":{"line":75,"column":13},"end":{"line":75,"column":23}},"type":"binary-expr","locations":[{"start":{"line":75,"column":13},"end":{"line":75,"column":23}},{"start":{"line":75,"column":27},"end":{"line":75,"column":52}}]},"9":{"loc":{"start":{"line":82,"column":24},"end":{"line":82,"column":null}},"type":"switch","locations":[{"start":{"line":82,"column":24},"end":{"line":82,"column":null}},{"start":{"line":94,"column":6},"end":{"line":98,"column":null}}]},"10":{"loc":{"start":{"line":88,"column":6},"end":{"line":88,"column":51}},"type":"if","locations":[{"start":{"line":88,"column":6},"end":{"line":88,"column":51}},{"start":{"line":88,"column":6},"end":{"line":88,"column":51}}]},"11":{"loc":{"start":{"line":89,"column":22},"end":{"line":89,"column":42}},"type":"if","locations":[{"start":{"line":89,"column":22},"end":{"line":89,"column":42}},{"start":{"line":89,"column":22},"end":{"line":89,"column":42}}]},"12":{"loc":{"start":{"line":91,"column":8},"end":{"line":91,"column":53}},"type":"if","locations":[{"start":{"line":91,"column":8},"end":{"line":91,"column":53}},{"start":{"line":91,"column":8},"end":{"line":91,"column":53}}]},"13":{"loc":{"start":{"line":109,"column":13},"end":{"line":109,"column":null}},"type":"switch","locations":[{"start":{"line":109,"column":13},"end":{"line":109,"column":null}},{"start":{"line":109,"column":6},"end":{"line":109,"column":null}}]},"14":{"loc":{"start":{"line":112,"column":13},"end":{"line":112,"column":null}},"type":"switch","locations":[{"start":{"line":112,"column":13},"end":{"line":112,"column":null}},{"start":{"line":112,"column":6},"end":{"line":112,"column":null}}]},"15":{"loc":{"start":{"line":117,"column":29},"end":{"line":117,"column":null}},"type":"binary-expr","locations":[{"start":{"line":117,"column":29},"end":{"line":117,"column":null}},{"start":{"line":117,"column":29},"end":{"line":151,"column":null}}]}},"s":{"0":7,"1":7,"2":7,"3":7,"4":7,"5":7,"6":2,"7":2,"8":2,"9":2,"10":1,"11":1,"12":1,"13":1,"14":16,"15":16,"16":8,"17":8,"18":8,"19":8,"20":1,"21":1,"22":1,"23":1,"24":1,"25":1,"26":1,"27":1,"28":1,"29":1,"30":1,"31":1,"32":1,"33":1,"34":1,"35":1,"36":1,"37":1,"38":1,"39":1,"40":1,"41":1,"42":1,"43":1,"44":1,"45":1,"46":0,"47":1,"48":2,"49":1,"50":2,"51":1,"52":1,"53":1,"54":2,"55":1,"56":1,"57":4,"58":4,"59":0,"60":0,"61":0,"62":0,"63":7,"64":7},"f":{"0":2,"1":1,"2":16,"3":8,"4":8,"5":8,"6":8,"7":1,"8":1,"9":1,"10":1,"11":1,"12":2,"13":4,"14":4,"15":0,"16":0},"b":{"0":[2],"1":[1],"2":[1,1],"3":[1,1],"4":[0,1],"5":[0,1],"6":[1,1],"7":[1],"8":[1,1],"9":[1,1],"10":[0,1],"11":[1,1],"12":[1,0],"13":[0,0],"14":[0,0],"15":[7,7]}}
,"/Users/admin/Documents/PersonalProjects/twitch-graphql/src/subscriptions/GetLatestSub.ts": {"path":"/Users/admin/Documents/PersonalProjects/twitch-graphql/src/subscriptions/GetLatestSub.ts","statementMap":{"0":{"start":{"line":1,"column":0},"end":{"line":1,"column":72}},"1":{"start":{"line":30,"column":13},"end":{"line":48,"column":null}},"2":{"start":{"line":32,"column":25},"end":{"line":48,"column":null}},"3":{"start":{"line":34,"column":45},"end":{"line":37,"column":null}},"4":{"start":{"line":34,"column":8},"end":{"line":37,"column":null}},"5":{"start":{"line":39,"column":20},"end":{"line":41,"column":null}},"6":{"start":{"line":39,"column":8},"end":{"line":41,"column":null}},"7":{"start":{"line":43,"column":8},"end":{"line":45,"column":null}},"8":{"start":{"line":44,"column":11},"end":{"line":44,"column":null}},"9":{"start":{"line":47,"column":2},"end":{"line":47,"column":null}}},"fnMap":{"0":{"name":"(anonymous_13)","decl":{"start":{"line":30,"column":28},"end":{"line":30,"column":null}},"loc":{"start":{"line":32,"column":25},"end":{"line":48,"column":null}}},"1":{"name":"(anonymous_14)","decl":{"start":{"line":32,"column":25},"end":{"line":32,"column":null}},"loc":{"start":{"line":32,"column":25},"end":{"line":48,"column":null}}},"2":{"name":"(anonymous_16)","decl":{"start":{"line":44,"column":4},"end":{"line":44,"column":5}},"loc":{"start":{"line":44,"column":6},"end":{"line":44,"column":null}}}},"branchMap":{"0":{"loc":{"start":{"line":34,"column":45},"end":{"line":37,"column":null}},"type":"switch","locations":[{"start":{"line":34,"column":45},"end":{"line":37,"column":null}}]},"1":{"loc":{"start":{"line":44,"column":62},"end":{"line":44,"column":64}},"type":"cond-expr","locations":[{"start":{"line":44,"column":62},"end":{"line":44,"column":64}},{"start":{"line":44,"column":62},"end":{"line":44,"column":67}}]},"2":{"loc":{"start":{"line":44,"column":19},"end":{"line":44,"column":64}},"type":"binary-expr","locations":[{"start":{"line":44,"column":19},"end":{"line":44,"column":64}},{"start":{"line":44,"column":62},"end":{"line":44,"column":64}}]},"3":{"loc":{"start":{"line":44,"column":55},"end":{"line":44,"column":58}},"type":"cond-expr","locations":[{"start":{"line":44,"column":55},"end":{"line":44,"column":58}},{"start":{"line":44,"column":55},"end":{"line":44,"column":62}}]},"4":{"loc":{"start":{"line":44,"column":19},"end":{"line":44,"column":58}},"type":"binary-expr","locations":[{"start":{"line":44,"column":19},"end":{"line":44,"column":58}},{"start":{"line":44,"column":55},"end":{"line":44,"column":58}}]},"5":{"loc":{"start":{"line":44,"column":51},"end":{"line":44,"column":54}},"type":"cond-expr","locations":[{"start":{"line":44,"column":51},"end":{"line":44,"column":54}},{"start":{"line":44,"column":51},"end":{"line":44,"column":58}}]},"6":{"loc":{"start":{"line":44,"column":19},"end":{"line":44,"column":54}},"type":"binary-expr","locations":[{"start":{"line":44,"column":19},"end":{"line":44,"column":54}},{"start":{"line":44,"column":51},"end":{"line":44,"column":54}}]},"7":{"loc":{"start":{"line":47,"column":9},"end":{"line":47,"column":12}},"type":"binary-expr","locations":[{"start":{"line":47,"column":9},"end":{"line":47,"column":12}},{"start":{"line":47,"column":16},"end":{"line":47,"column":57}}]}},"s":{"0":9,"1":9,"2":17,"3":17,"4":17,"5":17,"6":17,"7":16,"8":32,"9":16},"f":{"0":17,"1":17,"2":32},"b":{"0":[17],"1":[32,0],"2":[32,32],"3":[32,0],"4":[32,32],"5":[32,0],"6":[32,32],"7":[16,16]}}
,"/Users/admin/Documents/PersonalProjects/twitch-graphql/src/subscriptions/GetRandomSub.ts": {"path":"/Users/admin/Documents/PersonalProjects/twitch-graphql/src/subscriptions/GetRandomSub.ts","statementMap":{"0":{"start":{"line":3,"column":13},"end":{"line":13,"column":null}},"1":{"start":{"line":5,"column":25},"end":{"line":13,"column":null}},"2":{"start":{"line":7,"column":24},"end":{"line":9,"column":null}},"3":{"start":{"line":7,"column":8},"end":{"line":9,"column":null}},"4":{"start":{"line":10,"column":8},"end":{"line":10,"column":null}},"5":{"start":{"line":11,"column":8},"end":{"line":11,"column":null}},"6":{"start":{"line":12,"column":2},"end":{"line":12,"column":null}}},"fnMap":{"0":{"name":"(anonymous_13)","decl":{"start":{"line":3,"column":28},"end":{"line":3,"column":null}},"loc":{"start":{"line":5,"column":25},"end":{"line":13,"column":null}}},"1":{"name":"(anonymous_14)","decl":{"start":{"line":5,"column":25},"end":{"line":5,"column":null}},"loc":{"start":{"line":5,"column":25},"end":{"line":13,"column":null}}}},"branchMap":{"0":{"loc":{"start":{"line":7,"column":24},"end":{"line":9,"column":null}},"type":"switch","locations":[{"start":{"line":7,"column":24},"end":{"line":9,"column":null}}]}},"s":{"0":9,"1":1,"2":1,"3":1,"4":1,"5":1,"6":1},"f":{"0":1,"1":1},"b":{"0":[1]}}
,"/Users/admin/Documents/PersonalProjects/twitch-graphql/src/subscriptions/GetSubs.ts": {"path":"/Users/admin/Documents/PersonalProjects/twitch-graphql/src/subscriptions/GetSubs.ts","statementMap":{"0":{"start":{"line":3,"column":13},"end":{"line":12,"column":null}},"1":{"start":{"line":5,"column":25},"end":{"line":12,"column":null}},"2":{"start":{"line":7,"column":24},"end":{"line":9,"column":null}},"3":{"start":{"line":7,"column":8},"end":{"line":9,"column":null}},"4":{"start":{"line":11,"column":2},"end":{"line":11,"column":32}}},"fnMap":{"0":{"name":"(anonymous_14)","decl":{"start":{"line":3,"column":23},"end":{"line":3,"column":null}},"loc":{"start":{"line":5,"column":25},"end":{"line":12,"column":null}}},"1":{"name":"(anonymous_15)","decl":{"start":{"line":5,"column":25},"end":{"line":5,"column":null}},"loc":{"start":{"line":5,"column":25},"end":{"line":12,"column":null}}}},"branchMap":{"0":{"loc":{"start":{"line":7,"column":24},"end":{"line":9,"column":null}},"type":"switch","locations":[{"start":{"line":7,"column":24},"end":{"line":9,"column":null}}]}},"s":{"0":9,"1":2,"2":2,"3":2,"4":2},"f":{"0":2,"1":2},"b":{"0":[2]}}
,"/Users/admin/Documents/PersonalProjects/twitch-graphql/src/subscriptions/SubCount.ts": {"path":"/Users/admin/Documents/PersonalProjects/twitch-graphql/src/subscriptions/SubCount.ts","statementMap":{"0":{"start":{"line":7,"column":24},"end":{"line":9,"column":null}},"1":{"start":{"line":7,"column":8},"end":{"line":9,"column":null}},"2":{"start":{"line":10,"column":8},"end":{"line":10,"column":null}},"3":{"start":{"line":12,"column":2},"end":{"line":12,"column":null}},"4":{"start":{"line":3,"column":0},"end":{"line":3,"column":22}}},"fnMap":{"0":{"name":"getCurrentSubCount","decl":{"start":{"line":3,"column":22},"end":{"line":3,"column":40}},"loc":{"start":{"line":5,"column":25},"end":{"line":13,"column":null}}}},"branchMap":{"0":{"loc":{"start":{"line":7,"column":24},"end":{"line":9,"column":null}},"type":"switch","locations":[{"start":{"line":7,"column":24},"end":{"line":9,"column":null}}]}},"s":{"0":1,"1":1,"2":1,"3":1,"4":9},"f":{"0":1},"b":{"0":[1]}}
,"/Users/admin/Documents/PersonalProjects/twitch-graphql/src/tests/mocks.ts": {"path":"/Users/admin/Documents/PersonalProjects/twitch-graphql/src/tests/mocks.ts","statementMap":{"0":{"start":{"line":1,"column":13},"end":{"line":4,"column":null}},"1":{"start":{"line":6,"column":13},"end":{"line":54,"column":null}},"2":{"start":{"line":56,"column":13},"end":{"line":118,"column":null}},"3":{"start":{"line":120,"column":13},"end":{"line":142,"column":null}},"4":{"start":{"line":144,"column":13},"end":{"line":167,"column":null}},"5":{"start":{"line":169,"column":13},"end":{"line":191,"column":null}},"6":{"start":{"line":193,"column":13},"end":{"line":222,"column":null}},"7":{"start":{"line":224,"column":13},"end":{"line":249,"column":null}},"8":{"start":{"line":251,"column":13},"end":{"line":272,"column":null}},"9":{"start":{"line":273,"column":13},"end":{"line":293,"column":null}},"10":{"start":{"line":295,"column":13},"end":{"line":306,"column":null}},"11":{"start":{"line":308,"column":13},"end":{"line":312,"column":null}},"12":{"start":{"line":314,"column":13},"end":{"line":324,"column":null}},"13":{"start":{"line":325,"column":13},"end":{"line":338,"column":null}},"14":{"start":{"line":340,"column":13},"end":{"line":364,"column":null}},"15":{"start":{"line":365,"column":13},"end":{"line":378,"column":null}},"16":{"start":{"line":380,"column":13},"end":{"line":407,"column":null}},"17":{"start":{"line":409,"column":13},"end":{"line":422,"column":null}},"18":{"start":{"line":424,"column":13},"end":{"line":431,"column":null}}},"fnMap":{},"branchMap":{},"s":{"0":9,"1":9,"2":9,"3":9,"4":9,"5":9,"6":9,"7":9,"8":9,"9":9,"10":9,"11":9,"12":9,"13":9,"14":9,"15":9,"16":9,"17":9,"18":9},"f":{},"b":{}}
}
