TN:
SF:dist/index.js
FN:5,(anonymous_0)
FN:6,(anonymous_1)
FN:7,(anonymous_2)
FN:9,(anonymous_3)
FN:10,(anonymous_4)
FN:11,(anonymous_5)
FN:13,(anonymous_6)
FN:14,(anonymous_7)
FN:15,(anonymous_8)
FN:17,(anonymous_9)
FN:18,(anonymous_10)
FN:19,(anonymous_11)
FN:21,(anonymous_12)
FN:22,(anonymous_13)
FN:23,(anonymous_14)
FN:25,(anonymous_15)
FN:26,(anonymous_16)
FN:27,(anonymous_17)
FN:29,(anonymous_18)
FN:30,(anonymous_19)
FN:31,(anonymous_20)
FN:33,(anonymous_21)
FN:34,(anonymous_22)
FN:35,(anonymous_23)
FN:37,(anonymous_24)
FN:38,(anonymous_25)
FN:39,(anonymous_26)
FN:41,(anonymous_27)
FN:42,(anonymous_28)
FN:43,(anonymous_29)
FN:45,(anonymous_30)
FN:46,(anonymous_31)
FN:47,(anonymous_32)
FN:49,(anonymous_33)
FN:50,(anonymous_34)
FN:51,(anonymous_35)
FN:53,(anonymous_36)
FN:54,(anonymous_37)
FN:55,(anonymous_38)
FN:57,(anonymous_39)
FN:58,(anonymous_40)
FN:59,(anonymous_41)
FN:61,(anonymous_42)
FN:62,(anonymous_43)
FN:63,(anonymous_44)
FN:65,(anonymous_45)
FN:66,(anonymous_46)
FN:67,(anonymous_47)
FN:69,(anonymous_48)
FN:70,(anonymous_49)
FNF:50
FNH:50
FNDA:2,(anonymous_0)
FNDA:1,(anonymous_1)
FNDA:1,(anonymous_2)
FNDA:2,(anonymous_3)
FNDA:1,(anonymous_4)
FNDA:1,(anonymous_5)
FNDA:2,(anonymous_6)
FNDA:1,(anonymous_7)
FNDA:1,(anonymous_8)
FNDA:2,(anonymous_9)
FNDA:1,(anonymous_10)
FNDA:1,(anonymous_11)
FNDA:2,(anonymous_12)
FNDA:1,(anonymous_13)
FNDA:1,(anonymous_14)
FNDA:2,(anonymous_15)
FNDA:1,(anonymous_16)
FNDA:1,(anonymous_17)
FNDA:2,(anonymous_18)
FNDA:1,(anonymous_19)
FNDA:1,(anonymous_20)
FNDA:2,(anonymous_21)
FNDA:1,(anonymous_22)
FNDA:1,(anonymous_23)
FNDA:2,(anonymous_24)
FNDA:1,(anonymous_25)
FNDA:1,(anonymous_26)
FNDA:2,(anonymous_27)
FNDA:1,(anonymous_28)
FNDA:1,(anonymous_29)
FNDA:2,(anonymous_30)
FNDA:1,(anonymous_31)
FNDA:1,(anonymous_32)
FNDA:2,(anonymous_33)
FNDA:1,(anonymous_34)
FNDA:1,(anonymous_35)
FNDA:2,(anonymous_36)
FNDA:1,(anonymous_37)
FNDA:1,(anonymous_38)
FNDA:2,(anonymous_39)
FNDA:1,(anonymous_40)
FNDA:1,(anonymous_41)
FNDA:2,(anonymous_42)
FNDA:1,(anonymous_43)
FNDA:1,(anonymous_44)
FNDA:2,(anonymous_45)
FNDA:1,(anonymous_46)
FNDA:1,(anonymous_47)
FNDA:2,(anonymous_48)
FNDA:1,(anonymous_49)
DA:2,1
DA:3,1
DA:4,1
DA:5,2
DA:6,1
DA:7,1
DA:8,1
DA:9,2
DA:10,1
DA:11,1
DA:12,1
DA:13,2
DA:14,1
DA:15,1
DA:16,1
DA:17,2
DA:18,1
DA:19,1
DA:20,1
DA:21,2
DA:22,1
DA:23,1
DA:24,1
DA:25,2
DA:26,1
DA:27,1
DA:28,1
DA:29,2
DA:30,1
DA:31,1
DA:32,1
DA:33,2
DA:34,1
DA:35,1
DA:36,1
DA:37,2
DA:38,1
DA:39,1
DA:40,1
DA:41,2
DA:42,1
DA:43,1
DA:44,1
DA:45,2
DA:46,1
DA:47,1
DA:48,1
DA:49,2
DA:50,1
DA:51,1
DA:52,1
DA:53,2
DA:54,1
DA:55,1
DA:56,1
DA:57,2
DA:58,1
DA:59,1
DA:60,1
DA:61,2
DA:62,1
DA:63,1
DA:64,1
DA:65,2
DA:66,1
DA:67,1
DA:68,1
DA:69,2
DA:70,1
LF:69
LH:69
BRF:0
BRH:0
end_of_record
TN:
SF:dist/helpers/RefreshToken.js
FN:2,(anonymous_0)
FN:3,adopt
FN:3,(anonymous_2)
FN:4,(anonymous_3)
FN:5,fulfilled
FN:6,rejected
FN:7,step
FN:11,(anonymous_7)
FN:12,(anonymous_8)
FN:13,(anonymous_9)
FN:14,verb
FN:14,(anonymous_11)
FN:15,step
FN:38,(anonymous_13)
FN:45,(anonymous_14)
FN:45,(anonymous_15)
FN:47,(anonymous_16)
FNF:17
FNH:14
FNDA:32,(anonymous_0)
FNDA:32,adopt
FNDA:0,(anonymous_2)
FNDA:32,(anonymous_3)
FNDA:32,fulfilled
FNDA:0,rejected
FNDA:64,step
FNDA:32,(anonymous_7)
FNDA:32,(anonymous_8)
FNDA:0,(anonymous_9)
FNDA:96,verb
FNDA:64,(anonymous_11)
FNDA:64,step
FNDA:10,(anonymous_13)
FNDA:32,(anonymous_14)
FNDA:32,(anonymous_15)
FNDA:64,(anonymous_16)
DA:2,10
DA:3,32
DA:4,32
DA:5,32
DA:6,0
DA:7,64
DA:8,32
DA:11,10
DA:12,32
DA:13,32
DA:14,96
DA:16,64
DA:17,128
DA:18,128
DA:19,128
DA:20,128
DA:21,64
DA:22,32
DA:23,0
DA:24,0
DA:26,32
DA:27,0
DA:28,0
DA:29,0
DA:30,0
DA:31,0
DA:33,64
DA:34,128
DA:35,32
DA:38,10
DA:39,10
DA:41,10
DA:42,10
DA:43,10
DA:44,10
DA:45,32
DA:47,32
DA:48,64
DA:50,32
DA:51,0
DA:52,0
DA:53,0
DA:55,32
DA:57,32
DA:58,32
DA:59,32
DA:60,32
LF:47
LH:36
BRDA:2,0,0,10
BRDA:2,0,1,10
BRDA:2,0,2,10
BRDA:3,1,0,32
BRDA:3,1,1,0
BRDA:4,2,0,32
BRDA:4,2,1,32
BRDA:7,3,0,32
BRDA:7,3,1,32
BRDA:8,4,0,32
BRDA:8,4,1,32
BRDA:11,5,0,10
BRDA:11,5,1,10
BRDA:11,5,2,10
BRDA:12,6,0,0
BRDA:12,6,1,32
BRDA:13,7,0,32
BRDA:13,7,1,32
BRDA:16,8,0,0
BRDA:16,8,1,64
BRDA:18,9,0,0
BRDA:18,9,1,128
BRDA:18,10,0,128
BRDA:18,10,1,0
BRDA:18,10,2,0
BRDA:18,11,0,0
BRDA:18,11,1,0
BRDA:18,12,0,0
BRDA:18,12,1,0
BRDA:18,13,0,0
BRDA:18,13,1,0
BRDA:18,14,0,0
BRDA:18,14,1,0
BRDA:19,15,0,0
BRDA:19,15,1,128
BRDA:20,16,0,64
BRDA:20,16,1,64
BRDA:20,16,2,32
BRDA:20,16,3,0
BRDA:20,16,4,0
BRDA:20,16,5,32
BRDA:26,17,0,32
BRDA:26,17,1,0
BRDA:26,18,0,32
BRDA:26,18,1,32
BRDA:26,18,2,32
BRDA:26,19,0,32
BRDA:26,19,1,0
BRDA:27,20,0,0
BRDA:27,20,1,0
BRDA:27,21,0,0
BRDA:27,21,1,0
BRDA:27,21,2,0
BRDA:27,21,3,0
BRDA:28,22,0,0
BRDA:28,22,1,0
BRDA:28,23,0,0
BRDA:28,23,1,0
BRDA:29,24,0,0
BRDA:29,24,1,0
BRDA:29,25,0,0
BRDA:29,25,1,0
BRDA:30,26,0,0
BRDA:30,26,1,0
BRDA:35,27,0,0
BRDA:35,27,1,32
BRDA:35,28,0,32
BRDA:35,28,1,0
BRDA:38,29,0,10
BRDA:38,29,1,10
BRDA:38,29,2,10
BRDA:39,30,0,0
BRDA:39,30,1,10
BRDA:39,31,0,10
BRDA:39,31,1,10
BRDA:48,32,0,32
BRDA:48,32,1,32
BRDA:50,33,0,0
BRDA:50,33,1,32
BRDA:50,34,0,32
BRDA:50,34,1,32
BRDA:50,34,2,32
BRDA:50,35,0,0
BRDA:50,35,1,32
BRDA:50,36,0,32
BRDA:50,36,1,32
BRDA:50,37,0,0
BRDA:50,37,1,32
BRDA:50,38,0,32
BRDA:50,38,1,32
BRDA:50,39,0,0
BRDA:50,39,1,32
BRDA:50,40,0,32
BRDA:50,40,1,32
BRDA:51,41,0,0
BRDA:51,41,1,0
BRDA:52,42,0,0
BRDA:52,42,1,0
BRDA:53,43,0,0
BRDA:53,43,1,0
BRF:100
BRH:52
end_of_record
TN:
SF:dist/injections/Twitch-Clients.js
FN:2,(anonymous_0)
FN:8,(anonymous_1)
FN:9,adopt
FN:9,(anonymous_3)
FN:10,(anonymous_4)
FN:11,fulfilled
FN:12,rejected
FN:13,step
FN:17,(anonymous_8)
FN:18,(anonymous_9)
FN:19,(anonymous_10)
FN:20,verb
FN:20,(anonymous_12)
FN:21,step
FN:44,(anonymous_14)
FN:54,(anonymous_15)
FN:55,TwitchClients
FN:62,(anonymous_17)
FN:63,(anonymous_18)
FN:65,(anonymous_19)
FN:79,(anonymous_20)
FN:80,(anonymous_21)
FN:81,(anonymous_22)
FN:86,(anonymous_23)
FN:87,(anonymous_24)
FN:88,(anonymous_25)
FNF:26
FNH:17
FNDA:9,(anonymous_0)
FNDA:31,(anonymous_1)
FNDA:31,adopt
FNDA:0,(anonymous_3)
FNDA:31,(anonymous_4)
FNDA:31,fulfilled
FNDA:0,rejected
FNDA:62,step
FNDA:31,(anonymous_8)
FNDA:31,(anonymous_9)
FNDA:0,(anonymous_10)
FNDA:93,verb
FNDA:62,(anonymous_12)
FNDA:62,step
FNDA:9,(anonymous_14)
FNDA:9,(anonymous_15)
FNDA:9,TwitchClients
FNDA:31,(anonymous_17)
FNDA:31,(anonymous_18)
FNDA:62,(anonymous_19)
FNDA:0,(anonymous_20)
FNDA:0,(anonymous_21)
FNDA:0,(anonymous_22)
FNDA:0,(anonymous_23)
FNDA:0,(anonymous_24)
FNDA:0,(anonymous_25)
DA:2,9
DA:3,9
DA:4,9
DA:5,0
DA:6,9
DA:8,9
DA:9,31
DA:10,31
DA:11,31
DA:12,0
DA:13,62
DA:14,31
DA:17,9
DA:18,31
DA:19,31
DA:20,93
DA:22,62
DA:23,124
DA:24,124
DA:25,124
DA:26,124
DA:27,62
DA:28,31
DA:29,0
DA:30,0
DA:32,31
DA:33,0
DA:34,0
DA:35,0
DA:36,0
DA:37,0
DA:39,62
DA:40,124
DA:41,31
DA:44,9
DA:45,9
DA:47,9
DA:48,9
DA:49,9
DA:50,9
DA:51,9
DA:52,9
DA:53,9
DA:54,9
DA:56,9
DA:57,9
DA:59,9
DA:61,9
DA:62,9
DA:63,31
DA:65,31
DA:66,62
DA:68,31
DA:69,31
DA:70,31
DA:71,31
DA:73,31
DA:74,31
DA:79,9
DA:80,0
DA:81,0
DA:82,0
DA:86,9
DA:87,0
DA:88,0
DA:89,0
DA:94,9
DA:97,9
DA:99,9
DA:100,9
DA:101,9
LF:71
LH:56
BRDA:2,0,0,9
BRDA:2,0,1,9
BRDA:2,0,2,9
BRDA:3,1,0,9
BRDA:3,1,1,0
BRDA:3,2,0,0
BRDA:3,2,1,0
BRDA:4,3,0,9
BRDA:4,3,1,0
BRDA:4,4,0,9
BRDA:4,4,1,9
BRDA:5,5,0,0
BRDA:5,5,1,0
BRDA:5,6,0,0
BRDA:5,6,1,0
BRDA:5,7,0,0
BRDA:5,7,1,0
BRDA:5,8,0,0
BRDA:5,8,1,0
BRDA:6,9,0,9
BRDA:6,9,1,0
BRDA:6,9,2,0
BRDA:8,10,0,9
BRDA:8,10,1,9
BRDA:8,10,2,9
BRDA:9,11,0,31
BRDA:9,11,1,0
BRDA:10,12,0,31
BRDA:10,12,1,31
BRDA:13,13,0,31
BRDA:13,13,1,31
BRDA:14,14,0,31
BRDA:14,14,1,31
BRDA:17,15,0,9
BRDA:17,15,1,9
BRDA:17,15,2,9
BRDA:18,16,0,0
BRDA:18,16,1,31
BRDA:19,17,0,31
BRDA:19,17,1,31
BRDA:22,18,0,0
BRDA:22,18,1,62
BRDA:24,19,0,0
BRDA:24,19,1,124
BRDA:24,20,0,124
BRDA:24,20,1,0
BRDA:24,20,2,0
BRDA:24,21,0,0
BRDA:24,21,1,0
BRDA:24,22,0,0
BRDA:24,22,1,0
BRDA:24,23,0,0
BRDA:24,23,1,0
BRDA:24,24,0,0
BRDA:24,24,1,0
BRDA:25,25,0,0
BRDA:25,25,1,124
BRDA:26,26,0,62
BRDA:26,26,1,62
BRDA:26,26,2,31
BRDA:26,26,3,0
BRDA:26,26,4,0
BRDA:26,26,5,31
BRDA:32,27,0,31
BRDA:32,27,1,0
BRDA:32,28,0,31
BRDA:32,28,1,31
BRDA:32,28,2,31
BRDA:32,29,0,31
BRDA:32,29,1,0
BRDA:33,30,0,0
BRDA:33,30,1,0
BRDA:33,31,0,0
BRDA:33,31,1,0
BRDA:33,31,2,0
BRDA:33,31,3,0
BRDA:34,32,0,0
BRDA:34,32,1,0
BRDA:34,33,0,0
BRDA:34,33,1,0
BRDA:35,34,0,0
BRDA:35,34,1,0
BRDA:35,35,0,0
BRDA:35,35,1,0
BRDA:36,36,0,0
BRDA:36,36,1,0
BRDA:41,37,0,0
BRDA:41,37,1,31
BRDA:41,38,0,31
BRDA:41,38,1,0
BRDA:44,39,0,9
BRDA:44,39,1,9
BRDA:44,39,2,9
BRDA:45,40,0,9
BRDA:45,40,1,0
BRDA:45,41,0,9
BRDA:45,41,1,9
BRDA:56,42,0,9
BRDA:56,42,1,0
BRDA:66,43,0,31
BRDA:66,43,1,31
BRDA:68,44,0,31
BRDA:68,44,1,0
BRDA:69,45,0,31
BRDA:69,45,1,0
BRDA:70,46,0,31
BRDA:70,46,1,0
BRF:107
BRH:51
end_of_record
TN:
SF:dist/injections/Twitch-Id.js
FN:2,(anonymous_0)
FN:13,(anonymous_1)
FN:14,TwitchId
FN:16,(anonymous_3)
FNF:4
FNH:4
FNDA:9,(anonymous_0)
FNDA:9,(anonymous_1)
FNDA:88,TwitchId
FNDA:21,(anonymous_3)
DA:2,9
DA:3,9
DA:4,9
DA:5,0
DA:6,9
DA:8,9
DA:9,9
DA:10,9
DA:11,9
DA:12,9
DA:13,9
DA:16,9
DA:17,21
DA:19,9
DA:22,9
DA:24,9
LF:16
LH:15
BRDA:2,0,0,9
BRDA:2,0,1,9
BRDA:2,0,2,9
BRDA:3,1,0,9
BRDA:3,1,1,0
BRDA:3,2,0,0
BRDA:3,2,1,0
BRDA:4,3,0,9
BRDA:4,3,1,0
BRDA:4,4,0,9
BRDA:4,4,1,9
BRDA:5,5,0,0
BRDA:5,5,1,0
BRDA:5,6,0,0
BRDA:5,6,1,0
BRDA:5,7,0,0
BRDA:5,7,1,0
BRDA:5,8,0,0
BRDA:5,8,1,0
BRDA:6,9,0,9
BRDA:6,9,1,0
BRDA:6,9,2,0
BRDA:17,10,0,21
BRDA:17,10,1,21
BRF:24
BRH:10
end_of_record
TN:
SF:dist/injections/User-Id.js
FN:2,(anonymous_0)
FN:13,(anonymous_1)
FN:14,UserId
FN:16,(anonymous_3)
FNF:4
FNH:3
FNDA:9,(anonymous_0)
FNDA:9,(anonymous_1)
FNDA:88,UserId
FNDA:0,(anonymous_3)
DA:2,9
DA:3,9
DA:4,9
DA:5,0
DA:6,9
DA:8,9
DA:9,9
DA:10,9
DA:11,9
DA:12,9
DA:13,9
DA:16,9
DA:17,0
DA:19,9
DA:22,9
DA:24,9
LF:16
LH:14
BRDA:2,0,0,9
BRDA:2,0,1,9
BRDA:2,0,2,9
BRDA:3,1,0,9
BRDA:3,1,1,0
BRDA:3,2,0,0
BRDA:3,2,1,0
BRDA:4,3,0,9
BRDA:4,3,1,0
BRDA:4,4,0,9
BRDA:4,4,1,9
BRDA:5,5,0,0
BRDA:5,5,1,0
BRDA:5,6,0,0
BRDA:5,6,1,0
BRDA:5,7,0,0
BRDA:5,7,1,0
BRDA:5,8,0,0
BRDA:5,8,1,0
BRDA:6,9,0,9
BRDA:6,9,1,0
BRDA:6,9,2,0
BRDA:17,10,0,0
BRDA:17,10,1,0
BRF:24
BRH:8
end_of_record
TN:
SF:dist/schema/bit-pubsub-type-schema.js
FN:2,(anonymous_0)
FN:6,(anonymous_1)
FN:7,adopt
FN:7,(anonymous_3)
FN:8,(anonymous_4)
FN:9,fulfilled
FN:10,rejected
FN:11,step
FN:15,(anonymous_8)
FN:16,(anonymous_9)
FN:17,(anonymous_10)
FN:18,verb
FN:18,(anonymous_12)
FN:19,step
FN:42,(anonymous_14)
FN:55,(anonymous_15)
FN:57,(anonymous_16)
FN:59,(anonymous_17)
FN:75,(anonymous_18)
FN:82,(anonymous_19)
FNF:20
FNH:2
FNDA:1,(anonymous_0)
FNDA:0,(anonymous_1)
FNDA:0,adopt
FNDA:0,(anonymous_3)
FNDA:0,(anonymous_4)
FNDA:0,fulfilled
FNDA:0,rejected
FNDA:0,step
FNDA:0,(anonymous_8)
FNDA:0,(anonymous_9)
FNDA:0,(anonymous_10)
FNDA:0,verb
FNDA:0,(anonymous_12)
FNDA:0,step
FNDA:2,(anonymous_14)
FNDA:0,(anonymous_15)
FNDA:0,(anonymous_16)
FNDA:0,(anonymous_17)
FNDA:0,(anonymous_18)
FNDA:0,(anonymous_19)
DA:2,1
DA:3,1
DA:4,1
DA:6,1
DA:7,0
DA:8,0
DA:9,0
DA:10,0
DA:11,0
DA:12,0
DA:15,1
DA:16,0
DA:17,0
DA:18,0
DA:20,0
DA:21,0
DA:22,0
DA:23,0
DA:24,0
DA:25,0
DA:26,0
DA:27,0
DA:28,0
DA:30,0
DA:31,0
DA:32,0
DA:33,0
DA:34,0
DA:35,0
DA:37,0
DA:38,0
DA:39,0
DA:42,1
DA:43,2
DA:45,1
DA:46,1
DA:47,1
DA:48,1
DA:49,1
DA:50,1
DA:51,1
DA:52,1
DA:56,0
DA:57,0
DA:59,0
DA:60,0
DA:62,0
DA:63,0
DA:65,0
DA:66,0
DA:68,0
DA:69,0
DA:71,0
DA:72,0
DA:74,0
DA:75,0
DA:76,0
DA:77,0
DA:83,0
DA:88,1
DA:89,1
LF:61
LH:17
BRDA:2,0,0,1
BRDA:2,0,1,1
BRDA:2,0,2,1
BRDA:3,1,0,1
BRDA:3,1,1,0
BRDA:6,2,0,1
BRDA:6,2,1,1
BRDA:6,2,2,1
BRDA:7,3,0,0
BRDA:7,3,1,0
BRDA:8,4,0,0
BRDA:8,4,1,0
BRDA:11,5,0,0
BRDA:11,5,1,0
BRDA:12,6,0,0
BRDA:12,6,1,0
BRDA:15,7,0,1
BRDA:15,7,1,1
BRDA:15,7,2,1
BRDA:16,8,0,0
BRDA:16,8,1,0
BRDA:17,9,0,0
BRDA:17,9,1,0
BRDA:20,10,0,0
BRDA:20,10,1,0
BRDA:22,11,0,0
BRDA:22,11,1,0
BRDA:22,12,0,0
BRDA:22,12,1,0
BRDA:22,12,2,0
BRDA:22,13,0,0
BRDA:22,13,1,0
BRDA:22,14,0,0
BRDA:22,14,1,0
BRDA:22,15,0,0
BRDA:22,15,1,0
BRDA:22,16,0,0
BRDA:22,16,1,0
BRDA:23,17,0,0
BRDA:23,17,1,0
BRDA:24,18,0,0
BRDA:24,18,1,0
BRDA:24,18,2,0
BRDA:24,18,3,0
BRDA:24,18,4,0
BRDA:24,18,5,0
BRDA:30,19,0,0
BRDA:30,19,1,0
BRDA:30,20,0,0
BRDA:30,20,1,0
BRDA:30,20,2,0
BRDA:30,21,0,0
BRDA:30,21,1,0
BRDA:31,22,0,0
BRDA:31,22,1,0
BRDA:31,23,0,0
BRDA:31,23,1,0
BRDA:31,23,2,0
BRDA:31,23,3,0
BRDA:32,24,0,0
BRDA:32,24,1,0
BRDA:32,25,0,0
BRDA:32,25,1,0
BRDA:33,26,0,0
BRDA:33,26,1,0
BRDA:33,27,0,0
BRDA:33,27,1,0
BRDA:34,28,0,0
BRDA:34,28,1,0
BRDA:39,29,0,0
BRDA:39,29,1,0
BRDA:39,30,0,0
BRDA:39,30,1,0
BRDA:42,31,0,1
BRDA:42,31,1,1
BRDA:42,31,2,1
BRDA:43,32,0,2
BRDA:43,32,1,0
BRDA:43,33,0,2
BRDA:43,33,1,2
BRDA:60,34,0,0
BRDA:60,34,1,0
BRDA:60,34,2,0
BRDA:60,34,3,0
BRDA:60,34,4,0
BRDA:88,35,0,1
BRDA:88,35,1,1
BRF:87
BRH:18
end_of_record
TN:
SF:dist/schema/bit-pubsub-user-link-schema.js
FN:2,(anonymous_0)
FN:6,(anonymous_1)
FN:7,adopt
FN:7,(anonymous_3)
FN:8,(anonymous_4)
FN:9,fulfilled
FN:10,rejected
FN:11,step
FN:15,(anonymous_8)
FN:16,(anonymous_9)
FN:17,(anonymous_10)
FN:18,verb
FN:18,(anonymous_12)
FN:19,step
FN:42,(anonymous_14)
FN:53,(anonymous_15)
FN:55,(anonymous_16)
FN:57,(anonymous_17)
FNF:18
FNH:2
FNDA:1,(anonymous_0)
FNDA:0,(anonymous_1)
FNDA:0,adopt
FNDA:0,(anonymous_3)
FNDA:0,(anonymous_4)
FNDA:0,fulfilled
FNDA:0,rejected
FNDA:0,step
FNDA:0,(anonymous_8)
FNDA:0,(anonymous_9)
FNDA:0,(anonymous_10)
FNDA:0,verb
FNDA:0,(anonymous_12)
FNDA:0,step
FNDA:1,(anonymous_14)
FNDA:0,(anonymous_15)
FNDA:0,(anonymous_16)
FNDA:0,(anonymous_17)
DA:2,1
DA:3,1
DA:4,1
DA:6,1
DA:7,0
DA:8,0
DA:9,0
DA:10,0
DA:11,0
DA:12,0
DA:15,1
DA:16,0
DA:17,0
DA:18,0
DA:20,0
DA:21,0
DA:22,0
DA:23,0
DA:24,0
DA:25,0
DA:26,0
DA:27,0
DA:28,0
DA:30,0
DA:31,0
DA:32,0
DA:33,0
DA:34,0
DA:35,0
DA:37,0
DA:38,0
DA:39,0
DA:42,1
DA:43,1
DA:45,1
DA:46,1
DA:47,1
DA:48,1
DA:49,1
DA:50,1
DA:51,1
DA:54,0
DA:55,0
DA:57,0
DA:58,0
DA:60,0
DA:61,0
DA:63,0
DA:64,0
DA:71,1
DA:72,1
LF:51
LH:16
BRDA:2,0,0,1
BRDA:2,0,1,1
BRDA:2,0,2,1
BRDA:3,1,0,1
BRDA:3,1,1,0
BRDA:6,2,0,1
BRDA:6,2,1,1
BRDA:6,2,2,1
BRDA:7,3,0,0
BRDA:7,3,1,0
BRDA:8,4,0,0
BRDA:8,4,1,0
BRDA:11,5,0,0
BRDA:11,5,1,0
BRDA:12,6,0,0
BRDA:12,6,1,0
BRDA:15,7,0,1
BRDA:15,7,1,1
BRDA:15,7,2,1
BRDA:16,8,0,0
BRDA:16,8,1,0
BRDA:17,9,0,0
BRDA:17,9,1,0
BRDA:20,10,0,0
BRDA:20,10,1,0
BRDA:22,11,0,0
BRDA:22,11,1,0
BRDA:22,12,0,0
BRDA:22,12,1,0
BRDA:22,12,2,0
BRDA:22,13,0,0
BRDA:22,13,1,0
BRDA:22,14,0,0
BRDA:22,14,1,0
BRDA:22,15,0,0
BRDA:22,15,1,0
BRDA:22,16,0,0
BRDA:22,16,1,0
BRDA:23,17,0,0
BRDA:23,17,1,0
BRDA:24,18,0,0
BRDA:24,18,1,0
BRDA:24,18,2,0
BRDA:24,18,3,0
BRDA:24,18,4,0
BRDA:24,18,5,0
BRDA:30,19,0,0
BRDA:30,19,1,0
BRDA:30,20,0,0
BRDA:30,20,1,0
BRDA:30,20,2,0
BRDA:30,21,0,0
BRDA:30,21,1,0
BRDA:31,22,0,0
BRDA:31,22,1,0
BRDA:31,23,0,0
BRDA:31,23,1,0
BRDA:31,23,2,0
BRDA:31,23,3,0
BRDA:32,24,0,0
BRDA:32,24,1,0
BRDA:32,25,0,0
BRDA:32,25,1,0
BRDA:33,26,0,0
BRDA:33,26,1,0
BRDA:33,27,0,0
BRDA:33,27,1,0
BRDA:34,28,0,0
BRDA:34,28,1,0
BRDA:39,29,0,0
BRDA:39,29,1,0
BRDA:39,30,0,0
BRDA:39,30,1,0
BRDA:42,31,0,1
BRDA:42,31,1,1
BRDA:42,31,2,1
BRDA:43,32,0,1
BRDA:43,32,1,0
BRDA:43,33,0,1
BRDA:43,33,1,1
BRDA:58,34,0,0
BRDA:58,34,1,0
BRDA:64,35,0,0
BRDA:64,35,1,0
BRDA:71,36,0,1
BRDA:71,36,1,1
BRF:86
BRH:18
end_of_record
TN:
SF:dist/schema/chat-pubsub-type-schema.js
FN:2,(anonymous_0)
FN:6,(anonymous_1)
FN:7,adopt
FN:7,(anonymous_3)
FN:8,(anonymous_4)
FN:9,fulfilled
FN:10,rejected
FN:11,step
FN:15,(anonymous_8)
FN:16,(anonymous_9)
FN:17,(anonymous_10)
FN:18,verb
FN:18,(anonymous_12)
FN:19,step
FN:42,(anonymous_14)
FN:56,(anonymous_15)
FN:58,(anonymous_16)
FN:60,(anonymous_17)
FN:73,(anonymous_18)
FN:73,(anonymous_19)
FN:74,(anonymous_20)
FN:75,(anonymous_21)
FN:75,(anonymous_22)
FN:76,(anonymous_23)
FN:88,(anonymous_24)
FNF:25
FNH:2
FNDA:1,(anonymous_0)
FNDA:0,(anonymous_1)
FNDA:0,adopt
FNDA:0,(anonymous_3)
FNDA:0,(anonymous_4)
FNDA:0,fulfilled
FNDA:0,rejected
FNDA:0,step
FNDA:0,(anonymous_8)
FNDA:0,(anonymous_9)
FNDA:0,(anonymous_10)
FNDA:0,verb
FNDA:0,(anonymous_12)
FNDA:0,step
FNDA:2,(anonymous_14)
FNDA:0,(anonymous_15)
FNDA:0,(anonymous_16)
FNDA:0,(anonymous_17)
FNDA:0,(anonymous_18)
FNDA:0,(anonymous_19)
FNDA:0,(anonymous_20)
FNDA:0,(anonymous_21)
FNDA:0,(anonymous_22)
FNDA:0,(anonymous_23)
FNDA:0,(anonymous_24)
DA:2,1
DA:3,1
DA:4,1
DA:6,1
DA:7,0
DA:8,0
DA:9,0
DA:10,0
DA:11,0
DA:12,0
DA:15,1
DA:16,0
DA:17,0
DA:18,0
DA:20,0
DA:21,0
DA:22,0
DA:23,0
DA:24,0
DA:25,0
DA:26,0
DA:27,0
DA:28,0
DA:30,0
DA:31,0
DA:32,0
DA:33,0
DA:34,0
DA:35,0
DA:37,0
DA:38,0
DA:39,0
DA:42,1
DA:43,2
DA:45,1
DA:46,1
DA:47,1
DA:48,1
DA:49,1
DA:50,1
DA:51,1
DA:52,1
DA:53,1
DA:57,0
DA:58,0
DA:60,0
DA:61,0
DA:63,0
DA:64,0
DA:65,0
DA:67,0
DA:70,0
DA:72,0
DA:73,0
DA:74,0
DA:75,0
DA:76,0
DA:77,0
DA:82,0
DA:83,0
DA:89,0
DA:94,1
DA:95,1
LF:63
LH:18
BRDA:2,0,0,1
BRDA:2,0,1,1
BRDA:2,0,2,1
BRDA:3,1,0,1
BRDA:3,1,1,0
BRDA:6,2,0,1
BRDA:6,2,1,1
BRDA:6,2,2,1
BRDA:7,3,0,0
BRDA:7,3,1,0
BRDA:8,4,0,0
BRDA:8,4,1,0
BRDA:11,5,0,0
BRDA:11,5,1,0
BRDA:12,6,0,0
BRDA:12,6,1,0
BRDA:15,7,0,1
BRDA:15,7,1,1
BRDA:15,7,2,1
BRDA:16,8,0,0
BRDA:16,8,1,0
BRDA:17,9,0,0
BRDA:17,9,1,0
BRDA:20,10,0,0
BRDA:20,10,1,0
BRDA:22,11,0,0
BRDA:22,11,1,0
BRDA:22,12,0,0
BRDA:22,12,1,0
BRDA:22,12,2,0
BRDA:22,13,0,0
BRDA:22,13,1,0
BRDA:22,14,0,0
BRDA:22,14,1,0
BRDA:22,15,0,0
BRDA:22,15,1,0
BRDA:22,16,0,0
BRDA:22,16,1,0
BRDA:23,17,0,0
BRDA:23,17,1,0
BRDA:24,18,0,0
BRDA:24,18,1,0
BRDA:24,18,2,0
BRDA:24,18,3,0
BRDA:24,18,4,0
BRDA:24,18,5,0
BRDA:30,19,0,0
BRDA:30,19,1,0
BRDA:30,20,0,0
BRDA:30,20,1,0
BRDA:30,20,2,0
BRDA:30,21,0,0
BRDA:30,21,1,0
BRDA:31,22,0,0
BRDA:31,22,1,0
BRDA:31,23,0,0
BRDA:31,23,1,0
BRDA:31,23,2,0
BRDA:31,23,3,0
BRDA:32,24,0,0
BRDA:32,24,1,0
BRDA:32,25,0,0
BRDA:32,25,1,0
BRDA:33,26,0,0
BRDA:33,26,1,0
BRDA:33,27,0,0
BRDA:33,27,1,0
BRDA:34,28,0,0
BRDA:34,28,1,0
BRDA:39,29,0,0
BRDA:39,29,1,0
BRDA:39,30,0,0
BRDA:39,30,1,0
BRDA:42,31,0,1
BRDA:42,31,1,1
BRDA:42,31,2,1
BRDA:43,32,0,2
BRDA:43,32,1,0
BRDA:43,33,0,2
BRDA:43,33,1,2
BRDA:61,34,0,0
BRDA:61,34,1,0
BRDA:61,34,2,0
BRDA:94,35,0,1
BRDA:94,35,1,1
BRF:85
BRH:18
end_of_record
TN:
SF:dist/schema/chat-pubsub-user-link-schema.js
FN:2,(anonymous_0)
FN:6,(anonymous_1)
FN:7,adopt
FN:7,(anonymous_3)
FN:8,(anonymous_4)
FN:9,fulfilled
FN:10,rejected
FN:11,step
FN:15,(anonymous_8)
FN:16,(anonymous_9)
FN:17,(anonymous_10)
FN:18,verb
FN:18,(anonymous_12)
FN:19,step
FN:42,(anonymous_14)
FN:53,(anonymous_15)
FN:55,(anonymous_16)
FN:57,(anonymous_17)
FNF:18
FNH:2
FNDA:1,(anonymous_0)
FNDA:0,(anonymous_1)
FNDA:0,adopt
FNDA:0,(anonymous_3)
FNDA:0,(anonymous_4)
FNDA:0,fulfilled
FNDA:0,rejected
FNDA:0,step
FNDA:0,(anonymous_8)
FNDA:0,(anonymous_9)
FNDA:0,(anonymous_10)
FNDA:0,verb
FNDA:0,(anonymous_12)
FNDA:0,step
FNDA:1,(anonymous_14)
FNDA:0,(anonymous_15)
FNDA:0,(anonymous_16)
FNDA:0,(anonymous_17)
DA:2,1
DA:3,1
DA:4,1
DA:6,1
DA:7,0
DA:8,0
DA:9,0
DA:10,0
DA:11,0
DA:12,0
DA:15,1
DA:16,0
DA:17,0
DA:18,0
DA:20,0
DA:21,0
DA:22,0
DA:23,0
DA:24,0
DA:25,0
DA:26,0
DA:27,0
DA:28,0
DA:30,0
DA:31,0
DA:32,0
DA:33,0
DA:34,0
DA:35,0
DA:37,0
DA:38,0
DA:39,0
DA:42,1
DA:43,1
DA:45,1
DA:46,1
DA:47,1
DA:48,1
DA:49,1
DA:50,1
DA:51,1
DA:54,0
DA:55,0
DA:57,0
DA:58,0
DA:60,0
DA:61,0
DA:63,0
DA:64,0
DA:71,1
DA:72,1
LF:51
LH:16
BRDA:2,0,0,1
BRDA:2,0,1,1
BRDA:2,0,2,1
BRDA:3,1,0,1
BRDA:3,1,1,0
BRDA:6,2,0,1
BRDA:6,2,1,1
BRDA:6,2,2,1
BRDA:7,3,0,0
BRDA:7,3,1,0
BRDA:8,4,0,0
BRDA:8,4,1,0
BRDA:11,5,0,0
BRDA:11,5,1,0
BRDA:12,6,0,0
BRDA:12,6,1,0
BRDA:15,7,0,1
BRDA:15,7,1,1
BRDA:15,7,2,1
BRDA:16,8,0,0
BRDA:16,8,1,0
BRDA:17,9,0,0
BRDA:17,9,1,0
BRDA:20,10,0,0
BRDA:20,10,1,0
BRDA:22,11,0,0
BRDA:22,11,1,0
BRDA:22,12,0,0
BRDA:22,12,1,0
BRDA:22,12,2,0
BRDA:22,13,0,0
BRDA:22,13,1,0
BRDA:22,14,0,0
BRDA:22,14,1,0
BRDA:22,15,0,0
BRDA:22,15,1,0
BRDA:22,16,0,0
BRDA:22,16,1,0
BRDA:23,17,0,0
BRDA:23,17,1,0
BRDA:24,18,0,0
BRDA:24,18,1,0
BRDA:24,18,2,0
BRDA:24,18,3,0
BRDA:24,18,4,0
BRDA:24,18,5,0
BRDA:30,19,0,0
BRDA:30,19,1,0
BRDA:30,20,0,0
BRDA:30,20,1,0
BRDA:30,20,2,0
BRDA:30,21,0,0
BRDA:30,21,1,0
BRDA:31,22,0,0
BRDA:31,22,1,0
BRDA:31,23,0,0
BRDA:31,23,1,0
BRDA:31,23,2,0
BRDA:31,23,3,0
BRDA:32,24,0,0
BRDA:32,24,1,0
BRDA:32,25,0,0
BRDA:32,25,1,0
BRDA:33,26,0,0
BRDA:33,26,1,0
BRDA:33,27,0,0
BRDA:33,27,1,0
BRDA:34,28,0,0
BRDA:34,28,1,0
BRDA:39,29,0,0
BRDA:39,29,1,0
BRDA:39,30,0,0
BRDA:39,30,1,0
BRDA:42,31,0,1
BRDA:42,31,1,1
BRDA:42,31,2,1
BRDA:43,32,0,1
BRDA:43,32,1,0
BRDA:43,33,0,1
BRDA:43,33,1,1
BRDA:58,34,0,0
BRDA:58,34,1,0
BRDA:71,35,0,1
BRDA:71,35,1,1
BRF:84
BRH:18
end_of_record
TN:
SF:dist/schema/game-stream-link-type-schema.js
FN:2,(anonymous_0)
FN:6,(anonymous_1)
FN:7,adopt
FN:7,(anonymous_3)
FN:8,(anonymous_4)
FN:9,fulfilled
FN:10,rejected
FN:11,step
FN:15,(anonymous_8)
FN:16,(anonymous_9)
FN:17,(anonymous_10)
FN:18,verb
FN:18,(anonymous_12)
FN:19,step
FN:49,(anonymous_14)
FN:50,(anonymous_15)
FN:51,(anonymous_16)
FNF:17
FNH:14
FNDA:3,(anonymous_0)
FNDA:2,(anonymous_1)
FNDA:2,adopt
FNDA:0,(anonymous_3)
FNDA:2,(anonymous_4)
FNDA:2,fulfilled
FNDA:0,rejected
FNDA:4,step
FNDA:2,(anonymous_8)
FNDA:2,(anonymous_9)
FNDA:0,(anonymous_10)
FNDA:6,verb
FNDA:4,(anonymous_12)
FNDA:4,step
FNDA:2,(anonymous_14)
FNDA:2,(anonymous_15)
FNDA:4,(anonymous_16)
DA:2,3
DA:3,3
DA:4,3
DA:6,3
DA:7,2
DA:8,2
DA:9,2
DA:10,0
DA:11,4
DA:12,2
DA:15,3
DA:16,2
DA:17,2
DA:18,6
DA:20,4
DA:21,8
DA:22,8
DA:23,8
DA:24,8
DA:25,4
DA:26,2
DA:27,0
DA:28,0
DA:30,2
DA:31,0
DA:32,0
DA:33,0
DA:34,0
DA:35,0
DA:37,4
DA:38,8
DA:39,2
DA:42,3
DA:43,3
DA:44,3
DA:45,3
DA:46,3
DA:47,3
DA:50,2
DA:51,2
DA:52,4
DA:53,2
DA:54,2
DA:61,3
DA:62,3
LF:45
LH:37
BRDA:2,0,0,3
BRDA:2,0,1,3
BRDA:2,0,2,3
BRDA:3,1,0,3
BRDA:3,1,1,0
BRDA:6,2,0,3
BRDA:6,2,1,3
BRDA:6,2,2,3
BRDA:7,3,0,2
BRDA:7,3,1,0
BRDA:8,4,0,2
BRDA:8,4,1,2
BRDA:11,5,0,2
BRDA:11,5,1,2
BRDA:12,6,0,2
BRDA:12,6,1,2
BRDA:15,7,0,3
BRDA:15,7,1,3
BRDA:15,7,2,3
BRDA:16,8,0,0
BRDA:16,8,1,2
BRDA:17,9,0,2
BRDA:17,9,1,2
BRDA:20,10,0,0
BRDA:20,10,1,4
BRDA:22,11,0,0
BRDA:22,11,1,8
BRDA:22,12,0,8
BRDA:22,12,1,0
BRDA:22,12,2,0
BRDA:22,13,0,0
BRDA:22,13,1,0
BRDA:22,14,0,0
BRDA:22,14,1,0
BRDA:22,15,0,0
BRDA:22,15,1,0
BRDA:22,16,0,0
BRDA:22,16,1,0
BRDA:23,17,0,0
BRDA:23,17,1,8
BRDA:24,18,0,4
BRDA:24,18,1,4
BRDA:24,18,2,2
BRDA:24,18,3,0
BRDA:24,18,4,0
BRDA:24,18,5,2
BRDA:30,19,0,2
BRDA:30,19,1,0
BRDA:30,20,0,2
BRDA:30,20,1,2
BRDA:30,20,2,2
BRDA:30,21,0,2
BRDA:30,21,1,0
BRDA:31,22,0,0
BRDA:31,22,1,0
BRDA:31,23,0,0
BRDA:31,23,1,0
BRDA:31,23,2,0
BRDA:31,23,3,0
BRDA:32,24,0,0
BRDA:32,24,1,0
BRDA:32,25,0,0
BRDA:32,25,1,0
BRDA:33,26,0,0
BRDA:33,26,1,0
BRDA:33,27,0,0
BRDA:33,27,1,0
BRDA:34,28,0,0
BRDA:34,28,1,0
BRDA:39,29,0,0
BRDA:39,29,1,2
BRDA:39,30,0,2
BRDA:39,30,1,0
BRDA:52,31,0,2
BRDA:52,31,1,2
BRDA:61,32,0,3
BRDA:61,32,1,3
BRF:77
BRH:39
end_of_record
TN:
SF:dist/schema/game-type-schema.js
FN:2,(anonymous_0)
FN:6,(anonymous_1)
FN:7,adopt
FN:7,(anonymous_3)
FN:8,(anonymous_4)
FN:9,fulfilled
FN:10,rejected
FN:11,step
FN:15,(anonymous_8)
FN:16,(anonymous_9)
FN:17,(anonymous_10)
FN:18,verb
FN:18,(anonymous_12)
FN:19,step
FN:42,(anonymous_14)
FN:53,(anonymous_15)
FN:55,(anonymous_16)
FN:57,(anonymous_17)
FN:70,(anonymous_18)
FN:73,(anonymous_19)
FN:76,(anonymous_20)
FNF:21
FNH:18
FNDA:3,(anonymous_0)
FNDA:1,(anonymous_1)
FNDA:2,adopt
FNDA:0,(anonymous_3)
FNDA:1,(anonymous_4)
FNDA:2,fulfilled
FNDA:0,rejected
FNDA:3,step
FNDA:1,(anonymous_8)
FNDA:2,(anonymous_9)
FNDA:0,(anonymous_10)
FNDA:3,verb
FNDA:3,(anonymous_12)
FNDA:3,step
FNDA:3,(anonymous_14)
FNDA:1,(anonymous_15)
FNDA:1,(anonymous_16)
FNDA:3,(anonymous_17)
FNDA:3,(anonymous_18)
FNDA:3,(anonymous_19)
FNDA:3,(anonymous_20)
DA:2,3
DA:3,3
DA:4,3
DA:6,3
DA:7,2
DA:8,1
DA:9,2
DA:10,0
DA:11,3
DA:12,1
DA:15,3
DA:16,2
DA:17,1
DA:18,3
DA:20,3
DA:21,6
DA:22,6
DA:23,6
DA:24,6
DA:25,3
DA:26,2
DA:27,0
DA:28,0
DA:30,1
DA:31,0
DA:32,0
DA:33,0
DA:34,0
DA:35,0
DA:37,3
DA:38,6
DA:39,1
DA:42,3
DA:43,3
DA:45,3
DA:46,3
DA:47,3
DA:48,3
DA:49,3
DA:50,3
DA:51,3
DA:54,1
DA:55,1
DA:57,1
DA:58,3
DA:59,1
DA:61,1
DA:62,1
DA:63,1
DA:71,3
DA:74,3
DA:77,3
DA:81,3
DA:82,3
LF:54
LH:46
BRDA:2,0,0,3
BRDA:2,0,1,3
BRDA:2,0,2,3
BRDA:3,1,0,3
BRDA:3,1,1,0
BRDA:6,2,0,3
BRDA:6,2,1,3
BRDA:6,2,2,3
BRDA:7,3,0,2
BRDA:7,3,1,0
BRDA:8,4,0,1
BRDA:8,4,1,1
BRDA:11,5,0,1
BRDA:11,5,1,2
BRDA:12,6,0,1
BRDA:12,6,1,1
BRDA:15,7,0,3
BRDA:15,7,1,3
BRDA:15,7,2,3
BRDA:16,8,0,0
BRDA:16,8,1,2
BRDA:17,9,0,1
BRDA:17,9,1,1
BRDA:20,10,0,0
BRDA:20,10,1,3
BRDA:22,11,0,0
BRDA:22,11,1,6
BRDA:22,12,0,6
BRDA:22,12,1,0
BRDA:22,12,2,0
BRDA:22,13,0,0
BRDA:22,13,1,0
BRDA:22,14,0,0
BRDA:22,14,1,0
BRDA:22,15,0,0
BRDA:22,15,1,0
BRDA:22,16,0,0
BRDA:22,16,1,0
BRDA:23,17,0,0
BRDA:23,17,1,6
BRDA:24,18,0,3
BRDA:24,18,1,3
BRDA:24,18,2,2
BRDA:24,18,3,0
BRDA:24,18,4,0
BRDA:24,18,5,1
BRDA:30,19,0,1
BRDA:30,19,1,0
BRDA:30,20,0,1
BRDA:30,20,1,1
BRDA:30,20,2,1
BRDA:30,21,0,1
BRDA:30,21,1,0
BRDA:31,22,0,0
BRDA:31,22,1,0
BRDA:31,23,0,0
BRDA:31,23,1,0
BRDA:31,23,2,0
BRDA:31,23,3,0
BRDA:32,24,0,0
BRDA:32,24,1,0
BRDA:32,25,0,0
BRDA:32,25,1,0
BRDA:33,26,0,0
BRDA:33,26,1,0
BRDA:33,27,0,0
BRDA:33,27,1,0
BRDA:34,28,0,0
BRDA:34,28,1,0
BRDA:39,29,0,0
BRDA:39,29,1,1
BRDA:39,30,0,1
BRDA:39,30,1,0
BRDA:42,31,0,3
BRDA:42,31,1,3
BRDA:42,31,2,3
BRDA:43,32,0,3
BRDA:43,32,1,0
BRDA:43,33,0,3
BRDA:43,33,1,3
BRDA:58,34,0,1
BRDA:58,34,1,1
BRDA:58,34,2,1
BRDA:81,35,0,3
BRDA:81,35,1,3
BRF:85
BRH:46
end_of_record
TN:
SF:dist/schema/query-type-schema.js
FN:2,(anonymous_0)
FN:11,(anonymous_1)
FNF:2
FNH:1
FNDA:9,(anonymous_0)
FNDA:0,(anonymous_1)
DA:2,9
DA:3,9
DA:4,9
DA:6,9
DA:7,9
DA:8,9
DA:9,9
DA:11,0
DA:14,9
DA:15,9
LF:10
LH:9
BRDA:2,0,0,9
BRDA:2,0,1,9
BRDA:2,0,2,9
BRDA:3,1,0,9
BRDA:3,1,1,0
BRDA:14,2,0,9
BRDA:14,2,1,9
BRF:7
BRH:6
end_of_record
TN:
SF:dist/schema/redemption-pubsub-type-schema.js
FN:2,(anonymous_0)
FN:6,(anonymous_1)
FN:7,adopt
FN:7,(anonymous_3)
FN:8,(anonymous_4)
FN:9,fulfilled
FN:10,rejected
FN:11,step
FN:15,(anonymous_8)
FN:16,(anonymous_9)
FN:17,(anonymous_10)
FN:18,verb
FN:18,(anonymous_12)
FN:19,step
FN:42,(anonymous_14)
FN:55,(anonymous_15)
FN:57,(anonymous_16)
FN:59,(anonymous_17)
FN:75,(anonymous_18)
FN:84,(anonymous_19)
FNF:20
FNH:2
FNDA:1,(anonymous_0)
FNDA:0,(anonymous_1)
FNDA:0,adopt
FNDA:0,(anonymous_3)
FNDA:0,(anonymous_4)
FNDA:0,fulfilled
FNDA:0,rejected
FNDA:0,step
FNDA:0,(anonymous_8)
FNDA:0,(anonymous_9)
FNDA:0,(anonymous_10)
FNDA:0,verb
FNDA:0,(anonymous_12)
FNDA:0,step
FNDA:2,(anonymous_14)
FNDA:0,(anonymous_15)
FNDA:0,(anonymous_16)
FNDA:0,(anonymous_17)
FNDA:0,(anonymous_18)
FNDA:0,(anonymous_19)
DA:2,1
DA:3,1
DA:4,1
DA:6,1
DA:7,0
DA:8,0
DA:9,0
DA:10,0
DA:11,0
DA:12,0
DA:15,1
DA:16,0
DA:17,0
DA:18,0
DA:20,0
DA:21,0
DA:22,0
DA:23,0
DA:24,0
DA:25,0
DA:26,0
DA:27,0
DA:28,0
DA:30,0
DA:31,0
DA:32,0
DA:33,0
DA:34,0
DA:35,0
DA:37,0
DA:38,0
DA:39,0
DA:42,1
DA:43,2
DA:45,1
DA:46,1
DA:47,1
DA:48,1
DA:49,1
DA:50,1
DA:51,1
DA:52,1
DA:56,0
DA:57,0
DA:59,0
DA:60,0
DA:62,0
DA:63,0
DA:65,0
DA:66,0
DA:68,0
DA:69,0
DA:71,0
DA:72,0
DA:74,0
DA:75,0
DA:76,0
DA:78,0
DA:79,0
DA:85,0
DA:90,1
DA:91,1
LF:62
LH:17
BRDA:2,0,0,1
BRDA:2,0,1,1
BRDA:2,0,2,1
BRDA:3,1,0,1
BRDA:3,1,1,0
BRDA:6,2,0,1
BRDA:6,2,1,1
BRDA:6,2,2,1
BRDA:7,3,0,0
BRDA:7,3,1,0
BRDA:8,4,0,0
BRDA:8,4,1,0
BRDA:11,5,0,0
BRDA:11,5,1,0
BRDA:12,6,0,0
BRDA:12,6,1,0
BRDA:15,7,0,1
BRDA:15,7,1,1
BRDA:15,7,2,1
BRDA:16,8,0,0
BRDA:16,8,1,0
BRDA:17,9,0,0
BRDA:17,9,1,0
BRDA:20,10,0,0
BRDA:20,10,1,0
BRDA:22,11,0,0
BRDA:22,11,1,0
BRDA:22,12,0,0
BRDA:22,12,1,0
BRDA:22,12,2,0
BRDA:22,13,0,0
BRDA:22,13,1,0
BRDA:22,14,0,0
BRDA:22,14,1,0
BRDA:22,15,0,0
BRDA:22,15,1,0
BRDA:22,16,0,0
BRDA:22,16,1,0
BRDA:23,17,0,0
BRDA:23,17,1,0
BRDA:24,18,0,0
BRDA:24,18,1,0
BRDA:24,18,2,0
BRDA:24,18,3,0
BRDA:24,18,4,0
BRDA:24,18,5,0
BRDA:30,19,0,0
BRDA:30,19,1,0
BRDA:30,20,0,0
BRDA:30,20,1,0
BRDA:30,20,2,0
BRDA:30,21,0,0
BRDA:30,21,1,0
BRDA:31,22,0,0
BRDA:31,22,1,0
BRDA:31,23,0,0
BRDA:31,23,1,0
BRDA:31,23,2,0
BRDA:31,23,3,0
BRDA:32,24,0,0
BRDA:32,24,1,0
BRDA:32,25,0,0
BRDA:32,25,1,0
BRDA:33,26,0,0
BRDA:33,26,1,0
BRDA:33,27,0,0
BRDA:33,27,1,0
BRDA:34,28,0,0
BRDA:34,28,1,0
BRDA:39,29,0,0
BRDA:39,29,1,0
BRDA:39,30,0,0
BRDA:39,30,1,0
BRDA:42,31,0,1
BRDA:42,31,1,1
BRDA:42,31,2,1
BRDA:43,32,0,2
BRDA:43,32,1,0
BRDA:43,33,0,2
BRDA:43,33,1,2
BRDA:60,34,0,0
BRDA:60,34,1,0
BRDA:60,34,2,0
BRDA:60,34,3,0
BRDA:60,34,4,0
BRDA:90,35,0,1
BRDA:90,35,1,1
BRF:87
BRH:18
end_of_record
TN:
SF:dist/schema/redemption-pubsub-user-link-type-schema.js
FN:2,(anonymous_0)
FN:6,(anonymous_1)
FN:7,adopt
FN:7,(anonymous_3)
FN:8,(anonymous_4)
FN:9,fulfilled
FN:10,rejected
FN:11,step
FN:15,(anonymous_8)
FN:16,(anonymous_9)
FN:17,(anonymous_10)
FN:18,verb
FN:18,(anonymous_12)
FN:19,step
FN:42,(anonymous_14)
FN:53,(anonymous_15)
FN:55,(anonymous_16)
FN:57,(anonymous_17)
FN:69,(anonymous_18)
FN:71,(anonymous_19)
FN:73,(anonymous_20)
FNF:21
FNH:2
FNDA:1,(anonymous_0)
FNDA:0,(anonymous_1)
FNDA:0,adopt
FNDA:0,(anonymous_3)
FNDA:0,(anonymous_4)
FNDA:0,fulfilled
FNDA:0,rejected
FNDA:0,step
FNDA:0,(anonymous_8)
FNDA:0,(anonymous_9)
FNDA:0,(anonymous_10)
FNDA:0,verb
FNDA:0,(anonymous_12)
FNDA:0,step
FNDA:1,(anonymous_14)
FNDA:0,(anonymous_15)
FNDA:0,(anonymous_16)
FNDA:0,(anonymous_17)
FNDA:0,(anonymous_18)
FNDA:0,(anonymous_19)
FNDA:0,(anonymous_20)
DA:2,1
DA:3,1
DA:4,1
DA:6,1
DA:7,0
DA:8,0
DA:9,0
DA:10,0
DA:11,0
DA:12,0
DA:15,1
DA:16,0
DA:17,0
DA:18,0
DA:20,0
DA:21,0
DA:22,0
DA:23,0
DA:24,0
DA:25,0
DA:26,0
DA:27,0
DA:28,0
DA:30,0
DA:31,0
DA:32,0
DA:33,0
DA:34,0
DA:35,0
DA:37,0
DA:38,0
DA:39,0
DA:42,1
DA:43,1
DA:45,1
DA:46,1
DA:47,1
DA:48,1
DA:49,1
DA:50,1
DA:51,1
DA:54,0
DA:55,0
DA:57,0
DA:58,0
DA:60,0
DA:61,0
DA:63,0
DA:64,0
DA:70,0
DA:71,0
DA:73,0
DA:74,0
DA:76,0
DA:77,0
DA:79,0
DA:80,0
DA:87,1
DA:88,1
LF:59
LH:16
BRDA:2,0,0,1
BRDA:2,0,1,1
BRDA:2,0,2,1
BRDA:3,1,0,1
BRDA:3,1,1,0
BRDA:6,2,0,1
BRDA:6,2,1,1
BRDA:6,2,2,1
BRDA:7,3,0,0
BRDA:7,3,1,0
BRDA:8,4,0,0
BRDA:8,4,1,0
BRDA:11,5,0,0
BRDA:11,5,1,0
BRDA:12,6,0,0
BRDA:12,6,1,0
BRDA:15,7,0,1
BRDA:15,7,1,1
BRDA:15,7,2,1
BRDA:16,8,0,0
BRDA:16,8,1,0
BRDA:17,9,0,0
BRDA:17,9,1,0
BRDA:20,10,0,0
BRDA:20,10,1,0
BRDA:22,11,0,0
BRDA:22,11,1,0
BRDA:22,12,0,0
BRDA:22,12,1,0
BRDA:22,12,2,0
BRDA:22,13,0,0
BRDA:22,13,1,0
BRDA:22,14,0,0
BRDA:22,14,1,0
BRDA:22,15,0,0
BRDA:22,15,1,0
BRDA:22,16,0,0
BRDA:22,16,1,0
BRDA:23,17,0,0
BRDA:23,17,1,0
BRDA:24,18,0,0
BRDA:24,18,1,0
BRDA:24,18,2,0
BRDA:24,18,3,0
BRDA:24,18,4,0
BRDA:24,18,5,0
BRDA:30,19,0,0
BRDA:30,19,1,0
BRDA:30,20,0,0
BRDA:30,20,1,0
BRDA:30,20,2,0
BRDA:30,21,0,0
BRDA:30,21,1,0
BRDA:31,22,0,0
BRDA:31,22,1,0
BRDA:31,23,0,0
BRDA:31,23,1,0
BRDA:31,23,2,0
BRDA:31,23,3,0
BRDA:32,24,0,0
BRDA:32,24,1,0
BRDA:32,25,0,0
BRDA:32,25,1,0
BRDA:33,26,0,0
BRDA:33,26,1,0
BRDA:33,27,0,0
BRDA:33,27,1,0
BRDA:34,28,0,0
BRDA:34,28,1,0
BRDA:39,29,0,0
BRDA:39,29,1,0
BRDA:39,30,0,0
BRDA:39,30,1,0
BRDA:42,31,0,1
BRDA:42,31,1,1
BRDA:42,31,2,1
BRDA:43,32,0,1
BRDA:43,32,1,0
BRDA:43,33,0,1
BRDA:43,33,1,1
BRDA:58,34,0,0
BRDA:58,34,1,0
BRDA:74,35,0,0
BRDA:74,35,1,0
BRDA:87,36,0,1
BRDA:87,36,1,1
BRF:86
BRH:18
end_of_record
TN:
SF:dist/schema/stream-type-schema.js
FN:2,(anonymous_0)
FN:6,(anonymous_1)
FN:7,(anonymous_2)
FN:17,(anonymous_3)
FN:18,adopt
FN:18,(anonymous_5)
FN:19,(anonymous_6)
FN:20,fulfilled
FN:21,rejected
FN:22,step
FN:26,(anonymous_10)
FN:27,(anonymous_11)
FN:28,(anonymous_12)
FN:29,verb
FN:29,(anonymous_14)
FN:30,step
FN:53,(anonymous_16)
FN:60,(anonymous_17)
FN:72,(anonymous_18)
FN:75,(anonymous_19)
FN:77,(anonymous_20)
FN:86,(anonymous_21)
FN:108,(anonymous_22)
FN:118,(anonymous_23)
FN:121,(anonymous_24)
FN:124,(anonymous_25)
FN:127,(anonymous_26)
FN:130,(anonymous_27)
FN:133,(anonymous_28)
FN:136,(anonymous_29)
FN:139,(anonymous_30)
FNF:31
FNH:26
FNDA:5,(anonymous_0)
FNDA:2,(anonymous_1)
FNDA:0,(anonymous_2)
FNDA:1,(anonymous_3)
FNDA:2,adopt
FNDA:0,(anonymous_5)
FNDA:1,(anonymous_6)
FNDA:2,fulfilled
FNDA:0,rejected
FNDA:3,step
FNDA:1,(anonymous_10)
FNDA:2,(anonymous_11)
FNDA:0,(anonymous_12)
FNDA:3,verb
FNDA:3,(anonymous_14)
FNDA:3,step
FNDA:1,(anonymous_16)
FNDA:5,(anonymous_17)
FNDA:1,(anonymous_18)
FNDA:1,(anonymous_19)
FNDA:6,(anonymous_20)
FNDA:0,(anonymous_21)
FNDA:1,(anonymous_22)
FNDA:3,(anonymous_23)
FNDA:3,(anonymous_24)
FNDA:3,(anonymous_25)
FNDA:3,(anonymous_26)
FNDA:3,(anonymous_27)
FNDA:3,(anonymous_28)
FNDA:3,(anonymous_29)
FNDA:3,(anonymous_30)
DA:2,5
DA:3,5
DA:4,5
DA:6,5
DA:7,2
DA:8,0
DA:9,0
DA:10,0
DA:11,0
DA:13,0
DA:15,2
DA:17,5
DA:18,2
DA:19,1
DA:20,2
DA:21,0
DA:22,3
DA:23,1
DA:26,5
DA:27,2
DA:28,1
DA:29,3
DA:31,3
DA:32,9
DA:33,9
DA:34,9
DA:35,9
DA:36,3
DA:37,2
DA:38,0
DA:39,0
DA:41,4
DA:42,3
DA:43,0
DA:44,0
DA:45,0
DA:46,0
DA:48,6
DA:49,9
DA:50,1
DA:53,5
DA:54,1
DA:55,1
DA:56,1
DA:57,0
DA:58,1
DA:60,5
DA:61,5
DA:63,5
DA:64,5
DA:65,5
DA:66,5
DA:67,5
DA:68,5
DA:69,5
DA:70,5
DA:74,1
DA:75,1
DA:77,1
DA:78,6
DA:79,1
DA:81,1
DA:82,1
DA:83,1
DA:84,0
DA:86,0
DA:87,0
DA:89,1
DA:90,1
DA:91,1
DA:92,1
DA:93,0
DA:94,1
DA:95,1
DA:97,2
DA:98,1
DA:100,1
DA:101,1
DA:102,1
DA:103,1
DA:105,1
DA:106,1
DA:107,1
DA:108,1
DA:119,3
DA:122,3
DA:125,3
DA:128,3
DA:131,3
DA:134,3
DA:137,3
DA:140,3
DA:144,5
DA:145,5
LF:94
LH:77
BRDA:2,0,0,5
BRDA:2,0,1,5
BRDA:2,0,2,5
BRDA:3,1,0,5
BRDA:3,1,1,0
BRDA:6,2,0,5
BRDA:6,2,1,5
BRDA:6,2,2,5
BRDA:7,3,0,2
BRDA:7,3,1,0
BRDA:10,4,0,0
BRDA:10,4,1,0
BRDA:17,5,0,5
BRDA:17,5,1,5
BRDA:17,5,2,5
BRDA:18,6,0,2
BRDA:18,6,1,0
BRDA:19,7,0,1
BRDA:19,7,1,1
BRDA:22,8,0,1
BRDA:22,8,1,2
BRDA:23,9,0,1
BRDA:23,9,1,1
BRDA:26,10,0,5
BRDA:26,10,1,5
BRDA:26,10,2,5
BRDA:27,11,0,0
BRDA:27,11,1,2
BRDA:28,12,0,1
BRDA:28,12,1,1
BRDA:31,13,0,0
BRDA:31,13,1,3
BRDA:33,14,0,0
BRDA:33,14,1,9
BRDA:33,15,0,9
BRDA:33,15,1,0
BRDA:33,15,2,0
BRDA:33,16,0,0
BRDA:33,16,1,0
BRDA:33,17,0,0
BRDA:33,17,1,0
BRDA:33,18,0,0
BRDA:33,18,1,0
BRDA:33,19,0,0
BRDA:33,19,1,0
BRDA:34,20,0,0
BRDA:34,20,1,9
BRDA:35,21,0,3
BRDA:35,21,1,3
BRDA:35,21,2,2
BRDA:35,21,3,0
BRDA:35,21,4,0
BRDA:35,21,5,4
BRDA:41,22,0,1
BRDA:41,22,1,3
BRDA:41,23,0,4
BRDA:41,23,1,4
BRDA:41,23,2,4
BRDA:41,24,0,4
BRDA:41,24,1,0
BRDA:42,25,0,3
BRDA:42,25,1,0
BRDA:42,26,0,3
BRDA:42,26,1,3
BRDA:42,26,2,0
BRDA:42,26,3,0
BRDA:43,27,0,0
BRDA:43,27,1,0
BRDA:43,28,0,0
BRDA:43,28,1,0
BRDA:44,29,0,0
BRDA:44,29,1,0
BRDA:44,30,0,0
BRDA:44,30,1,0
BRDA:45,31,0,0
BRDA:45,31,1,0
BRDA:50,32,0,0
BRDA:50,32,1,1
BRDA:50,33,0,1
BRDA:50,33,1,0
BRDA:53,34,0,5
BRDA:53,34,1,5
BRDA:53,34,2,5
BRDA:60,35,0,5
BRDA:60,35,1,5
BRDA:60,35,2,5
BRDA:61,36,0,5
BRDA:61,36,1,0
BRDA:61,37,0,5
BRDA:61,37,1,5
BRDA:78,38,0,1
BRDA:78,38,1,1
BRDA:78,38,2,0
BRDA:78,38,3,1
BRDA:78,38,4,2
BRDA:78,38,5,1
BRDA:78,38,6,1
BRDA:78,38,7,1
BRDA:83,39,0,1
BRDA:83,39,1,0
BRDA:83,40,0,1
BRDA:83,40,1,0
BRDA:83,41,0,1
BRDA:83,41,1,1
BRDA:83,42,0,0
BRDA:83,42,1,1
BRDA:83,43,0,1
BRDA:83,43,1,1
BRDA:83,44,0,0
BRDA:83,44,1,1
BRDA:83,45,0,1
BRDA:83,45,1,1
BRDA:86,46,0,0
BRDA:86,46,1,0
BRDA:86,47,0,0
BRDA:86,47,1,0
BRDA:89,48,0,0
BRDA:89,48,1,1
BRDA:89,49,0,0
BRDA:89,49,1,1
BRDA:89,50,0,1
BRDA:89,50,1,1
BRDA:89,51,0,0
BRDA:89,51,1,0
BRDA:89,52,0,0
BRDA:89,52,1,0
BRDA:92,53,0,0
BRDA:92,53,1,1
BRDA:97,54,0,1
BRDA:97,54,1,1
BRDA:97,55,0,0
BRDA:97,55,1,2
BRDA:97,56,0,2
BRDA:97,56,1,2
BRDA:101,57,0,1
BRDA:101,57,1,0
BRDA:110,58,0,0
BRDA:110,58,1,1
BRDA:110,59,0,1
BRDA:110,59,1,1
BRDA:144,60,0,5
BRDA:144,60,1,5
BRF:142
BRH:85
end_of_record
TN:
SF:dist/schema/stream-user-link-type-schema.js
FN:2,(anonymous_0)
FN:6,(anonymous_1)
FN:7,adopt
FN:7,(anonymous_3)
FN:8,(anonymous_4)
FN:9,fulfilled
FN:10,rejected
FN:11,step
FN:15,(anonymous_8)
FN:16,(anonymous_9)
FN:17,(anonymous_10)
FN:18,verb
FN:18,(anonymous_12)
FN:19,step
FN:47,(anonymous_14)
FN:48,(anonymous_15)
FN:49,(anonymous_16)
FN:59,(anonymous_17)
FN:60,(anonymous_18)
FN:61,(anonymous_19)
FNF:20
FNH:14
FNDA:5,(anonymous_0)
FNDA:4,(anonymous_1)
FNDA:4,adopt
FNDA:0,(anonymous_3)
FNDA:4,(anonymous_4)
FNDA:4,fulfilled
FNDA:0,rejected
FNDA:8,step
FNDA:4,(anonymous_8)
FNDA:4,(anonymous_9)
FNDA:0,(anonymous_10)
FNDA:12,verb
FNDA:8,(anonymous_12)
FNDA:8,step
FNDA:0,(anonymous_14)
FNDA:0,(anonymous_15)
FNDA:0,(anonymous_16)
FNDA:4,(anonymous_17)
FNDA:4,(anonymous_18)
FNDA:8,(anonymous_19)
DA:2,5
DA:3,5
DA:4,5
DA:6,5
DA:7,4
DA:8,4
DA:9,4
DA:10,0
DA:11,8
DA:12,4
DA:15,5
DA:16,4
DA:17,4
DA:18,12
DA:20,8
DA:21,16
DA:22,16
DA:23,16
DA:24,16
DA:25,8
DA:26,4
DA:27,0
DA:28,0
DA:30,4
DA:31,0
DA:32,0
DA:33,0
DA:34,0
DA:35,0
DA:37,8
DA:38,16
DA:39,4
DA:42,5
DA:43,5
DA:44,5
DA:45,5
DA:48,0
DA:49,0
DA:50,0
DA:51,0
DA:52,0
DA:60,4
DA:61,4
DA:62,8
DA:63,4
DA:64,4
DA:71,5
DA:72,5
LF:48
LH:35
BRDA:2,0,0,5
BRDA:2,0,1,5
BRDA:2,0,2,5
BRDA:3,1,0,5
BRDA:3,1,1,0
BRDA:6,2,0,5
BRDA:6,2,1,5
BRDA:6,2,2,5
BRDA:7,3,0,4
BRDA:7,3,1,0
BRDA:8,4,0,4
BRDA:8,4,1,4
BRDA:11,5,0,4
BRDA:11,5,1,4
BRDA:12,6,0,4
BRDA:12,6,1,4
BRDA:15,7,0,5
BRDA:15,7,1,5
BRDA:15,7,2,5
BRDA:16,8,0,0
BRDA:16,8,1,4
BRDA:17,9,0,4
BRDA:17,9,1,4
BRDA:20,10,0,0
BRDA:20,10,1,8
BRDA:22,11,0,0
BRDA:22,11,1,16
BRDA:22,12,0,16
BRDA:22,12,1,0
BRDA:22,12,2,0
BRDA:22,13,0,0
BRDA:22,13,1,0
BRDA:22,14,0,0
BRDA:22,14,1,0
BRDA:22,15,0,0
BRDA:22,15,1,0
BRDA:22,16,0,0
BRDA:22,16,1,0
BRDA:23,17,0,0
BRDA:23,17,1,16
BRDA:24,18,0,8
BRDA:24,18,1,8
BRDA:24,18,2,4
BRDA:24,18,3,0
BRDA:24,18,4,0
BRDA:24,18,5,4
BRDA:30,19,0,4
BRDA:30,19,1,0
BRDA:30,20,0,4
BRDA:30,20,1,4
BRDA:30,20,2,4
BRDA:30,21,0,4
BRDA:30,21,1,0
BRDA:31,22,0,0
BRDA:31,22,1,0
BRDA:31,23,0,0
BRDA:31,23,1,0
BRDA:31,23,2,0
BRDA:31,23,3,0
BRDA:32,24,0,0
BRDA:32,24,1,0
BRDA:32,25,0,0
BRDA:32,25,1,0
BRDA:33,26,0,0
BRDA:33,26,1,0
BRDA:33,27,0,0
BRDA:33,27,1,0
BRDA:34,28,0,0
BRDA:34,28,1,0
BRDA:39,29,0,0
BRDA:39,29,1,4
BRDA:39,30,0,4
BRDA:39,30,1,0
BRDA:50,31,0,0
BRDA:50,31,1,0
BRDA:62,32,0,4
BRDA:62,32,1,4
BRDA:71,33,0,5
BRDA:71,33,1,5
BRF:79
BRH:39
end_of_record
TN:
SF:dist/schema/subscriber-type-schema.js
FN:2,(anonymous_0)
FN:6,(anonymous_1)
FN:7,adopt
FN:7,(anonymous_3)
FN:8,(anonymous_4)
FN:9,fulfilled
FN:10,rejected
FN:11,step
FN:15,(anonymous_8)
FN:16,(anonymous_9)
FN:17,(anonymous_10)
FN:18,verb
FN:18,(anonymous_12)
FN:19,step
FN:42,(anonymous_14)
FN:57,(anonymous_15)
FN:59,(anonymous_16)
FN:61,(anonymous_17)
FN:73,(anonymous_18)
FN:75,(anonymous_19)
FN:77,(anonymous_20)
FN:89,(anonymous_21)
FN:91,(anonymous_22)
FN:93,(anonymous_23)
FN:105,(anonymous_24)
FN:107,(anonymous_25)
FN:109,(anonymous_26)
FN:121,(anonymous_27)
FN:123,(anonymous_28)
FN:125,(anonymous_29)
FN:134,(anonymous_30)
FN:141,(anonymous_31)
FN:142,(anonymous_32)
FN:143,(anonymous_33)
FN:148,(anonymous_34)
FN:149,(anonymous_35)
FN:150,(anonymous_36)
FN:155,(anonymous_37)
FN:156,(anonymous_38)
FN:157,(anonymous_39)
FN:162,(anonymous_40)
FN:163,(anonymous_41)
FN:164,(anonymous_42)
FNF:43
FNH:41
FNDA:9,(anonymous_0)
FNDA:53,(anonymous_1)
FNDA:42,adopt
FNDA:0,(anonymous_3)
FNDA:53,(anonymous_4)
FNDA:41,fulfilled
FNDA:1,rejected
FNDA:94,step
FNDA:53,(anonymous_8)
FNDA:42,(anonymous_9)
FNDA:0,(anonymous_10)
FNDA:159,verb
FNDA:95,(anonymous_12)
FNDA:95,step
FNDA:9,(anonymous_14)
FNDA:17,(anonymous_15)
FNDA:17,(anonymous_16)
FNDA:51,(anonymous_17)
FNDA:1,(anonymous_18)
FNDA:1,(anonymous_19)
FNDA:3,(anonymous_20)
FNDA:1,(anonymous_21)
FNDA:1,(anonymous_22)
FNDA:3,(anonymous_23)
FNDA:1,(anonymous_24)
FNDA:1,(anonymous_25)
FNDA:3,(anonymous_26)
FNDA:1,(anonymous_27)
FNDA:1,(anonymous_28)
FNDA:3,(anonymous_29)
FNDA:1,(anonymous_30)
FNDA:8,(anonymous_31)
FNDA:8,(anonymous_32)
FNDA:8,(anonymous_33)
FNDA:8,(anonymous_34)
FNDA:8,(anonymous_35)
FNDA:8,(anonymous_36)
FNDA:8,(anonymous_37)
FNDA:8,(anonymous_38)
FNDA:8,(anonymous_39)
FNDA:8,(anonymous_40)
FNDA:8,(anonymous_41)
FNDA:8,(anonymous_42)
DA:2,9
DA:3,9
DA:4,9
DA:6,9
DA:7,42
DA:8,53
DA:9,41
DA:10,1
DA:11,94
DA:12,53
DA:15,9
DA:16,53
DA:17,53
DA:18,159
DA:20,95
DA:21,190
DA:22,190
DA:23,190
DA:24,190
DA:25,95
DA:26,42
DA:27,0
DA:28,0
DA:30,53
DA:31,0
DA:32,0
DA:33,0
DA:34,0
DA:35,0
DA:37,95
DA:38,190
DA:39,53
DA:42,9
DA:43,9
DA:45,9
DA:46,9
DA:47,9
DA:48,9
DA:49,9
DA:50,9
DA:51,9
DA:52,9
DA:53,9
DA:54,9
DA:55,9
DA:58,17
DA:59,17
DA:61,17
DA:62,51
DA:63,17
DA:65,17
DA:66,17
DA:67,17
DA:68,17
DA:74,1
DA:75,1
DA:77,1
DA:78,3
DA:79,1
DA:81,1
DA:82,1
DA:83,1
DA:84,1
DA:90,1
DA:91,1
DA:93,1
DA:94,3
DA:95,1
DA:97,1
DA:98,1
DA:99,1
DA:100,1
DA:106,1
DA:107,1
DA:109,1
DA:110,3
DA:111,1
DA:113,1
DA:114,1
DA:115,1
DA:116,1
DA:122,1
DA:123,1
DA:125,1
DA:126,3
DA:127,1
DA:129,1
DA:130,1
DA:131,1
DA:133,1
DA:134,1
DA:142,8
DA:143,8
DA:144,8
DA:149,8
DA:150,8
DA:151,8
DA:156,8
DA:157,8
DA:158,8
DA:163,8
DA:164,8
DA:165,8
DA:171,9
DA:172,9
LF:105
LH:98
BRDA:2,0,0,9
BRDA:2,0,1,9
BRDA:2,0,2,9
BRDA:3,1,0,9
BRDA:3,1,1,0
BRDA:6,2,0,9
BRDA:6,2,1,9
BRDA:6,2,2,9
BRDA:7,3,0,42
BRDA:7,3,1,0
BRDA:8,4,0,53
BRDA:8,4,1,53
BRDA:11,5,0,52
BRDA:11,5,1,42
BRDA:12,6,0,53
BRDA:12,6,1,53
BRDA:15,7,0,9
BRDA:15,7,1,9
BRDA:15,7,2,9
BRDA:16,8,0,1
BRDA:16,8,1,41
BRDA:17,9,0,53
BRDA:17,9,1,53
BRDA:20,10,0,0
BRDA:20,10,1,95
BRDA:22,11,0,0
BRDA:22,11,1,190
BRDA:22,12,0,190
BRDA:22,12,1,0
BRDA:22,12,2,0
BRDA:22,13,0,0
BRDA:22,13,1,0
BRDA:22,14,0,0
BRDA:22,14,1,0
BRDA:22,15,0,0
BRDA:22,15,1,0
BRDA:22,16,0,0
BRDA:22,16,1,0
BRDA:23,17,0,0
BRDA:23,17,1,190
BRDA:24,18,0,94
BRDA:24,18,1,95
BRDA:24,18,2,42
BRDA:24,18,3,0
BRDA:24,18,4,0
BRDA:24,18,5,53
BRDA:30,19,0,53
BRDA:30,19,1,0
BRDA:30,20,0,53
BRDA:30,20,1,53
BRDA:30,20,2,52
BRDA:30,21,0,53
BRDA:30,21,1,0
BRDA:31,22,0,0
BRDA:31,22,1,0
BRDA:31,23,0,0
BRDA:31,23,1,0
BRDA:31,23,2,0
BRDA:31,23,3,0
BRDA:32,24,0,0
BRDA:32,24,1,0
BRDA:32,25,0,0
BRDA:32,25,1,0
BRDA:33,26,0,0
BRDA:33,26,1,0
BRDA:33,27,0,0
BRDA:33,27,1,0
BRDA:34,28,0,0
BRDA:34,28,1,0
BRDA:39,29,0,1
BRDA:39,29,1,52
BRDA:39,30,0,52
BRDA:39,30,1,0
BRDA:42,31,0,9
BRDA:42,31,1,9
BRDA:42,31,2,9
BRDA:43,32,0,9
BRDA:43,32,1,0
BRDA:43,33,0,9
BRDA:43,33,1,9
BRDA:62,34,0,17
BRDA:62,34,1,17
BRDA:62,34,2,17
BRDA:78,35,0,1
BRDA:78,35,1,1
BRDA:78,35,2,1
BRDA:94,36,0,1
BRDA:94,36,1,1
BRDA:94,36,2,1
BRDA:110,37,0,1
BRDA:110,37,1,1
BRDA:110,37,2,1
BRDA:126,38,0,1
BRDA:126,38,1,1
BRDA:126,38,2,1
BRDA:134,39,0,0
BRDA:134,39,1,1
BRDA:134,40,0,1
BRDA:134,40,1,1
BRDA:171,41,0,9
BRDA:171,41,1,9
BRF:101
BRH:63
end_of_record
TN:
SF:dist/schema/subscription-pubsub-chat-link-schema.js
FN:2,(anonymous_0)
FNF:1
FNH:1
FNDA:1,(anonymous_0)
DA:2,1
DA:3,1
DA:4,1
DA:6,1
DA:7,1
DA:8,1
DA:9,1
DA:10,1
LF:8
LH:8
BRDA:2,0,0,1
BRDA:2,0,1,1
BRDA:2,0,2,1
BRDA:3,1,0,1
BRDA:3,1,1,0
BRDA:9,2,0,1
BRDA:9,2,1,1
BRF:7
BRH:6
end_of_record
TN:
SF:dist/schema/subscription-pubsub-type-schema.js
FN:2,(anonymous_0)
FN:6,(anonymous_1)
FN:7,adopt
FN:7,(anonymous_3)
FN:8,(anonymous_4)
FN:9,fulfilled
FN:10,rejected
FN:11,step
FN:15,(anonymous_8)
FN:16,(anonymous_9)
FN:17,(anonymous_10)
FN:18,verb
FN:18,(anonymous_12)
FN:19,step
FN:42,(anonymous_14)
FN:55,(anonymous_15)
FN:57,(anonymous_16)
FN:59,(anonymous_17)
FN:75,(anonymous_18)
FN:84,(anonymous_19)
FNF:20
FNH:2
FNDA:1,(anonymous_0)
FNDA:0,(anonymous_1)
FNDA:0,adopt
FNDA:0,(anonymous_3)
FNDA:0,(anonymous_4)
FNDA:0,fulfilled
FNDA:0,rejected
FNDA:0,step
FNDA:0,(anonymous_8)
FNDA:0,(anonymous_9)
FNDA:0,(anonymous_10)
FNDA:0,verb
FNDA:0,(anonymous_12)
FNDA:0,step
FNDA:2,(anonymous_14)
FNDA:0,(anonymous_15)
FNDA:0,(anonymous_16)
FNDA:0,(anonymous_17)
FNDA:0,(anonymous_18)
FNDA:0,(anonymous_19)
DA:2,1
DA:3,1
DA:4,1
DA:6,1
DA:7,0
DA:8,0
DA:9,0
DA:10,0
DA:11,0
DA:12,0
DA:15,1
DA:16,0
DA:17,0
DA:18,0
DA:20,0
DA:21,0
DA:22,0
DA:23,0
DA:24,0
DA:25,0
DA:26,0
DA:27,0
DA:28,0
DA:30,0
DA:31,0
DA:32,0
DA:33,0
DA:34,0
DA:35,0
DA:37,0
DA:38,0
DA:39,0
DA:42,1
DA:43,2
DA:45,1
DA:46,1
DA:47,1
DA:48,1
DA:49,1
DA:50,1
DA:51,1
DA:52,1
DA:56,0
DA:57,0
DA:59,0
DA:60,0
DA:62,0
DA:63,0
DA:65,0
DA:66,0
DA:68,0
DA:69,0
DA:71,0
DA:72,0
DA:74,0
DA:75,0
DA:76,0
DA:78,0
DA:79,0
DA:85,0
DA:90,1
DA:91,1
LF:62
LH:17
BRDA:2,0,0,1
BRDA:2,0,1,1
BRDA:2,0,2,1
BRDA:3,1,0,1
BRDA:3,1,1,0
BRDA:6,2,0,1
BRDA:6,2,1,1
BRDA:6,2,2,1
BRDA:7,3,0,0
BRDA:7,3,1,0
BRDA:8,4,0,0
BRDA:8,4,1,0
BRDA:11,5,0,0
BRDA:11,5,1,0
BRDA:12,6,0,0
BRDA:12,6,1,0
BRDA:15,7,0,1
BRDA:15,7,1,1
BRDA:15,7,2,1
BRDA:16,8,0,0
BRDA:16,8,1,0
BRDA:17,9,0,0
BRDA:17,9,1,0
BRDA:20,10,0,0
BRDA:20,10,1,0
BRDA:22,11,0,0
BRDA:22,11,1,0
BRDA:22,12,0,0
BRDA:22,12,1,0
BRDA:22,12,2,0
BRDA:22,13,0,0
BRDA:22,13,1,0
BRDA:22,14,0,0
BRDA:22,14,1,0
BRDA:22,15,0,0
BRDA:22,15,1,0
BRDA:22,16,0,0
BRDA:22,16,1,0
BRDA:23,17,0,0
BRDA:23,17,1,0
BRDA:24,18,0,0
BRDA:24,18,1,0
BRDA:24,18,2,0
BRDA:24,18,3,0
BRDA:24,18,4,0
BRDA:24,18,5,0
BRDA:30,19,0,0
BRDA:30,19,1,0
BRDA:30,20,0,0
BRDA:30,20,1,0
BRDA:30,20,2,0
BRDA:30,21,0,0
BRDA:30,21,1,0
BRDA:31,22,0,0
BRDA:31,22,1,0
BRDA:31,23,0,0
BRDA:31,23,1,0
BRDA:31,23,2,0
BRDA:31,23,3,0
BRDA:32,24,0,0
BRDA:32,24,1,0
BRDA:32,25,0,0
BRDA:32,25,1,0
BRDA:33,26,0,0
BRDA:33,26,1,0
BRDA:33,27,0,0
BRDA:33,27,1,0
BRDA:34,28,0,0
BRDA:34,28,1,0
BRDA:39,29,0,0
BRDA:39,29,1,0
BRDA:39,30,0,0
BRDA:39,30,1,0
BRDA:42,31,0,1
BRDA:42,31,1,1
BRDA:42,31,2,1
BRDA:43,32,0,2
BRDA:43,32,1,0
BRDA:43,33,0,2
BRDA:43,33,1,2
BRDA:60,34,0,0
BRDA:60,34,1,0
BRDA:60,34,2,0
BRDA:60,34,3,0
BRDA:60,34,4,0
BRDA:90,35,0,1
BRDA:90,35,1,1
BRF:87
BRH:18
end_of_record
TN:
SF:dist/schema/subscription-pubsub-user-link-schema.js
FN:2,(anonymous_0)
FN:6,(anonymous_1)
FN:7,adopt
FN:7,(anonymous_3)
FN:8,(anonymous_4)
FN:9,fulfilled
FN:10,rejected
FN:11,step
FN:15,(anonymous_8)
FN:16,(anonymous_9)
FN:17,(anonymous_10)
FN:18,verb
FN:18,(anonymous_12)
FN:19,step
FN:42,(anonymous_14)
FN:53,(anonymous_15)
FN:55,(anonymous_16)
FN:57,(anonymous_17)
FN:69,(anonymous_18)
FN:71,(anonymous_19)
FN:73,(anonymous_20)
FNF:21
FNH:2
FNDA:1,(anonymous_0)
FNDA:0,(anonymous_1)
FNDA:0,adopt
FNDA:0,(anonymous_3)
FNDA:0,(anonymous_4)
FNDA:0,fulfilled
FNDA:0,rejected
FNDA:0,step
FNDA:0,(anonymous_8)
FNDA:0,(anonymous_9)
FNDA:0,(anonymous_10)
FNDA:0,verb
FNDA:0,(anonymous_12)
FNDA:0,step
FNDA:1,(anonymous_14)
FNDA:0,(anonymous_15)
FNDA:0,(anonymous_16)
FNDA:0,(anonymous_17)
FNDA:0,(anonymous_18)
FNDA:0,(anonymous_19)
FNDA:0,(anonymous_20)
DA:2,1
DA:3,1
DA:4,1
DA:6,1
DA:7,0
DA:8,0
DA:9,0
DA:10,0
DA:11,0
DA:12,0
DA:15,1
DA:16,0
DA:17,0
DA:18,0
DA:20,0
DA:21,0
DA:22,0
DA:23,0
DA:24,0
DA:25,0
DA:26,0
DA:27,0
DA:28,0
DA:30,0
DA:31,0
DA:32,0
DA:33,0
DA:34,0
DA:35,0
DA:37,0
DA:38,0
DA:39,0
DA:42,1
DA:43,1
DA:45,1
DA:46,1
DA:47,1
DA:48,1
DA:49,1
DA:50,1
DA:51,1
DA:54,0
DA:55,0
DA:57,0
DA:58,0
DA:60,0
DA:61,0
DA:63,0
DA:64,0
DA:70,0
DA:71,0
DA:73,0
DA:74,0
DA:76,0
DA:77,0
DA:79,0
DA:80,0
DA:87,1
DA:88,1
LF:59
LH:16
BRDA:2,0,0,1
BRDA:2,0,1,1
BRDA:2,0,2,1
BRDA:3,1,0,1
BRDA:3,1,1,0
BRDA:6,2,0,1
BRDA:6,2,1,1
BRDA:6,2,2,1
BRDA:7,3,0,0
BRDA:7,3,1,0
BRDA:8,4,0,0
BRDA:8,4,1,0
BRDA:11,5,0,0
BRDA:11,5,1,0
BRDA:12,6,0,0
BRDA:12,6,1,0
BRDA:15,7,0,1
BRDA:15,7,1,1
BRDA:15,7,2,1
BRDA:16,8,0,0
BRDA:16,8,1,0
BRDA:17,9,0,0
BRDA:17,9,1,0
BRDA:20,10,0,0
BRDA:20,10,1,0
BRDA:22,11,0,0
BRDA:22,11,1,0
BRDA:22,12,0,0
BRDA:22,12,1,0
BRDA:22,12,2,0
BRDA:22,13,0,0
BRDA:22,13,1,0
BRDA:22,14,0,0
BRDA:22,14,1,0
BRDA:22,15,0,0
BRDA:22,15,1,0
BRDA:22,16,0,0
BRDA:22,16,1,0
BRDA:23,17,0,0
BRDA:23,17,1,0
BRDA:24,18,0,0
BRDA:24,18,1,0
BRDA:24,18,2,0
BRDA:24,18,3,0
BRDA:24,18,4,0
BRDA:24,18,5,0
BRDA:30,19,0,0
BRDA:30,19,1,0
BRDA:30,20,0,0
BRDA:30,20,1,0
BRDA:30,20,2,0
BRDA:30,21,0,0
BRDA:30,21,1,0
BRDA:31,22,0,0
BRDA:31,22,1,0
BRDA:31,23,0,0
BRDA:31,23,1,0
BRDA:31,23,2,0
BRDA:31,23,3,0
BRDA:32,24,0,0
BRDA:32,24,1,0
BRDA:32,25,0,0
BRDA:32,25,1,0
BRDA:33,26,0,0
BRDA:33,26,1,0
BRDA:33,27,0,0
BRDA:33,27,1,0
BRDA:34,28,0,0
BRDA:34,28,1,0
BRDA:39,29,0,0
BRDA:39,29,1,0
BRDA:39,30,0,0
BRDA:39,30,1,0
BRDA:42,31,0,1
BRDA:42,31,1,1
BRDA:42,31,2,1
BRDA:43,32,0,1
BRDA:43,32,1,0
BRDA:43,33,0,1
BRDA:43,33,1,1
BRDA:58,34,0,0
BRDA:58,34,1,0
BRDA:74,35,0,0
BRDA:74,35,1,0
BRDA:80,36,0,0
BRDA:80,36,1,0
BRDA:87,37,0,1
BRDA:87,37,1,1
BRF:88
BRH:18
end_of_record
TN:
SF:dist/schema/user-subscriber-link-type-schema.js
FN:2,(anonymous_0)
FN:6,(anonymous_1)
FN:7,adopt
FN:7,(anonymous_3)
FN:8,(anonymous_4)
FN:9,fulfilled
FN:10,rejected
FN:11,step
FN:15,(anonymous_8)
FN:16,(anonymous_9)
FN:17,(anonymous_10)
FN:18,verb
FN:18,(anonymous_12)
FN:19,step
FN:42,(anonymous_14)
FN:53,(anonymous_15)
FN:54,(anonymous_16)
FN:55,(anonymous_17)
FN:65,(anonymous_18)
FN:66,(anonymous_19)
FN:67,(anonymous_20)
FN:75,(anonymous_21)
FN:77,(anonymous_22)
FN:79,(anonymous_23)
FN:92,(anonymous_24)
FN:93,(anonymous_25)
FN:94,(anonymous_26)
FN:102,(anonymous_27)
FN:104,(anonymous_28)
FN:106,(anonymous_29)
FNF:30
FNH:27
FNDA:7,(anonymous_0)
FNDA:18,(anonymous_1)
FNDA:20,adopt
FNDA:0,(anonymous_3)
FNDA:18,(anonymous_4)
FNDA:20,fulfilled
FNDA:0,rejected
FNDA:38,step
FNDA:18,(anonymous_8)
FNDA:20,(anonymous_9)
FNDA:0,(anonymous_10)
FNDA:54,verb
FNDA:38,(anonymous_12)
FNDA:38,step
FNDA:7,(anonymous_14)
FNDA:14,(anonymous_15)
FNDA:14,(anonymous_16)
FNDA:28,(anonymous_17)
FNDA:1,(anonymous_18)
FNDA:1,(anonymous_19)
FNDA:2,(anonymous_20)
FNDA:1,(anonymous_21)
FNDA:1,(anonymous_22)
FNDA:3,(anonymous_23)
FNDA:1,(anonymous_24)
FNDA:1,(anonymous_25)
FNDA:2,(anonymous_26)
FNDA:1,(anonymous_27)
FNDA:1,(anonymous_28)
FNDA:3,(anonymous_29)
DA:2,7
DA:3,7
DA:4,7
DA:6,7
DA:7,20
DA:8,18
DA:9,20
DA:10,0
DA:11,38
DA:12,18
DA:15,7
DA:16,20
DA:17,18
DA:18,54
DA:20,38
DA:21,76
DA:22,76
DA:23,76
DA:24,76
DA:25,38
DA:26,20
DA:27,0
DA:28,0
DA:30,18
DA:31,0
DA:32,0
DA:33,0
DA:34,0
DA:35,0
DA:37,38
DA:38,76
DA:39,18
DA:42,7
DA:43,7
DA:45,7
DA:46,7
DA:47,7
DA:48,7
DA:49,7
DA:50,7
DA:51,7
DA:54,14
DA:55,14
DA:56,28
DA:57,14
DA:58,14
DA:66,1
DA:67,1
DA:68,2
DA:69,1
DA:70,1
DA:76,1
DA:77,1
DA:79,1
DA:80,3
DA:81,1
DA:83,1
DA:84,1
DA:86,1
DA:87,1
DA:93,1
DA:94,1
DA:95,2
DA:96,1
DA:97,1
DA:103,1
DA:104,1
DA:106,1
DA:107,3
DA:108,1
DA:110,1
DA:111,1
DA:113,1
DA:114,1
DA:121,7
DA:122,7
LF:76
LH:68
BRDA:2,0,0,7
BRDA:2,0,1,7
BRDA:2,0,2,7
BRDA:3,1,0,7
BRDA:3,1,1,0
BRDA:6,2,0,7
BRDA:6,2,1,7
BRDA:6,2,2,7
BRDA:7,3,0,20
BRDA:7,3,1,0
BRDA:8,4,0,18
BRDA:8,4,1,18
BRDA:11,5,0,18
BRDA:11,5,1,20
BRDA:12,6,0,18
BRDA:12,6,1,18
BRDA:15,7,0,7
BRDA:15,7,1,7
BRDA:15,7,2,7
BRDA:16,8,0,0
BRDA:16,8,1,20
BRDA:17,9,0,18
BRDA:17,9,1,18
BRDA:20,10,0,0
BRDA:20,10,1,38
BRDA:22,11,0,0
BRDA:22,11,1,76
BRDA:22,12,0,76
BRDA:22,12,1,0
BRDA:22,12,2,0
BRDA:22,13,0,0
BRDA:22,13,1,0
BRDA:22,14,0,0
BRDA:22,14,1,0
BRDA:22,15,0,0
BRDA:22,15,1,0
BRDA:22,16,0,0
BRDA:22,16,1,0
BRDA:23,17,0,0
BRDA:23,17,1,76
BRDA:24,18,0,38
BRDA:24,18,1,38
BRDA:24,18,2,20
BRDA:24,18,3,0
BRDA:24,18,4,0
BRDA:24,18,5,18
BRDA:30,19,0,18
BRDA:30,19,1,0
BRDA:30,20,0,18
BRDA:30,20,1,18
BRDA:30,20,2,18
BRDA:30,21,0,18
BRDA:30,21,1,0
BRDA:31,22,0,0
BRDA:31,22,1,0
BRDA:31,23,0,0
BRDA:31,23,1,0
BRDA:31,23,2,0
BRDA:31,23,3,0
BRDA:32,24,0,0
BRDA:32,24,1,0
BRDA:32,25,0,0
BRDA:32,25,1,0
BRDA:33,26,0,0
BRDA:33,26,1,0
BRDA:33,27,0,0
BRDA:33,27,1,0
BRDA:34,28,0,0
BRDA:34,28,1,0
BRDA:39,29,0,0
BRDA:39,29,1,18
BRDA:39,30,0,18
BRDA:39,30,1,0
BRDA:42,31,0,7
BRDA:42,31,1,7
BRDA:42,31,2,7
BRDA:43,32,0,7
BRDA:43,32,1,0
BRDA:43,33,0,7
BRDA:43,33,1,7
BRDA:56,34,0,14
BRDA:56,34,1,14
BRDA:68,35,0,1
BRDA:68,35,1,1
BRDA:80,36,0,1
BRDA:80,36,1,1
BRDA:80,36,2,1
BRDA:87,37,0,1
BRDA:87,37,1,1
BRDA:95,38,0,1
BRDA:95,38,1,1
BRDA:107,39,0,1
BRDA:107,39,1,1
BRDA:107,39,2,1
BRDA:114,40,0,1
BRDA:114,40,1,1
BRDA:121,41,0,7
BRDA:121,41,1,7
BRF:98
BRH:59
end_of_record
TN:
SF:dist/schema/user-type-schema.js
FN:2,(anonymous_0)
FN:6,(anonymous_1)
FN:7,adopt
FN:7,(anonymous_3)
FN:8,(anonymous_4)
FN:9,fulfilled
FN:10,rejected
FN:11,step
FN:15,(anonymous_8)
FN:16,(anonymous_9)
FN:17,(anonymous_10)
FN:18,verb
FN:18,(anonymous_12)
FN:19,step
FN:42,(anonymous_14)
FN:54,(anonymous_15)
FN:56,(anonymous_16)
FN:58,(anonymous_17)
FN:68,(anonymous_18)
FN:70,(anonymous_19)
FN:72,(anonymous_20)
FN:84,(anonymous_21)
FN:88,(anonymous_22)
FN:91,(anonymous_23)
FN:94,(anonymous_24)
FN:97,(anonymous_25)
FN:100,(anonymous_26)
FN:101,(anonymous_27)
FN:102,(anonymous_28)
FN:110,(anonymous_29)
FN:112,(anonymous_30)
FN:114,(anonymous_31)
FN:133,(anonymous_32)
FN:134,(anonymous_33)
FN:135,(anonymous_34)
FN:140,(anonymous_35)
FN:142,(anonymous_36)
FN:144,(anonymous_37)
FN:157,(anonymous_38)
FN:159,(anonymous_39)
FN:162,(anonymous_40)
FN:190,(anonymous_41)
FN:202,(anonymous_42)
FN:205,(anonymous_43)
FN:208,(anonymous_44)
FN:209,(anonymous_45)
FN:210,(anonymous_46)
FN:218,(anonymous_47)
FN:219,(anonymous_48)
FN:220,(anonymous_49)
FNF:50
FNH:42
FNDA:7,(anonymous_0)
FNDA:8,(anonymous_1)
FNDA:13,adopt
FNDA:1,(anonymous_3)
FNDA:8,(anonymous_4)
FNDA:13,fulfilled
FNDA:0,rejected
FNDA:21,step
FNDA:8,(anonymous_8)
FNDA:13,(anonymous_9)
FNDA:0,(anonymous_10)
FNDA:24,verb
FNDA:21,(anonymous_12)
FNDA:21,step
FNDA:7,(anonymous_14)
FNDA:2,(anonymous_15)
FNDA:2,(anonymous_16)
FNDA:4,(anonymous_17)
FNDA:1,(anonymous_18)
FNDA:1,(anonymous_19)
FNDA:2,(anonymous_20)
FNDA:16,(anonymous_21)
FNDA:8,(anonymous_22)
FNDA:8,(anonymous_23)
FNDA:8,(anonymous_24)
FNDA:8,(anonymous_25)
FNDA:1,(anonymous_26)
FNDA:1,(anonymous_27)
FNDA:2,(anonymous_28)
FNDA:1,(anonymous_29)
FNDA:1,(anonymous_30)
FNDA:4,(anonymous_31)
FNDA:1,(anonymous_32)
FNDA:1,(anonymous_33)
FNDA:1,(anonymous_34)
FNDA:1,(anonymous_35)
FNDA:1,(anonymous_36)
FNDA:3,(anonymous_37)
FNDA:1,(anonymous_38)
FNDA:1,(anonymous_39)
FNDA:7,(anonymous_40)
FNDA:2,(anonymous_41)
FNDA:4,(anonymous_42)
FNDA:4,(anonymous_43)
FNDA:0,(anonymous_44)
FNDA:0,(anonymous_45)
FNDA:0,(anonymous_46)
FNDA:0,(anonymous_47)
FNDA:0,(anonymous_48)
FNDA:0,(anonymous_49)
DA:2,7
DA:3,7
DA:4,7
DA:6,7
DA:7,13
DA:8,8
DA:9,13
DA:10,0
DA:11,21
DA:12,8
DA:15,7
DA:16,13
DA:17,8
DA:18,24
DA:20,21
DA:21,44
DA:22,44
DA:23,44
DA:24,44
DA:25,21
DA:26,13
DA:27,0
DA:28,0
DA:30,10
DA:31,2
DA:32,0
DA:33,0
DA:34,0
DA:35,0
DA:37,23
DA:38,44
DA:39,8
DA:42,7
DA:43,7
DA:45,7
DA:46,7
DA:47,7
DA:48,7
DA:49,7
DA:50,7
DA:51,7
DA:52,7
DA:55,2
DA:56,2
DA:58,2
DA:59,4
DA:60,2
DA:62,2
DA:63,2
DA:69,1
DA:70,1
DA:72,1
DA:73,2
DA:74,1
DA:76,1
DA:77,1
DA:85,16
DA:86,16
DA:89,8
DA:92,8
DA:95,8
DA:98,8
DA:101,1
DA:102,1
DA:103,2
DA:104,1
DA:105,1
DA:111,1
DA:112,1
DA:114,1
DA:115,4
DA:116,1
DA:118,1
DA:119,1
DA:121,1
DA:122,1
DA:123,1
DA:124,1
DA:126,1
DA:127,1
DA:128,1
DA:134,1
DA:135,1
DA:136,1
DA:141,1
DA:142,1
DA:144,1
DA:145,3
DA:146,1
DA:148,1
DA:149,1
DA:151,1
DA:152,1
DA:158,1
DA:159,1
DA:162,1
DA:163,7
DA:164,1
DA:166,1
DA:167,1
DA:171,1
DA:172,1
DA:173,1
DA:174,0
DA:175,1
DA:176,1
DA:178,2
DA:179,1
DA:181,1
DA:182,1
DA:183,1
DA:184,1
DA:186,1
DA:187,1
DA:189,1
DA:190,2
DA:193,1
DA:194,1
DA:203,4
DA:206,4
DA:209,0
DA:210,0
DA:211,0
DA:212,0
DA:213,0
DA:219,0
DA:220,0
DA:221,0
DA:222,0
DA:223,0
DA:230,7
DA:231,7
LF:132
LH:114
BRDA:2,0,0,7
BRDA:2,0,1,7
BRDA:2,0,2,7
BRDA:3,1,0,7
BRDA:3,1,1,0
BRDA:6,2,0,7
BRDA:6,2,1,7
BRDA:6,2,2,7
BRDA:7,3,0,12
BRDA:7,3,1,1
BRDA:8,4,0,8
BRDA:8,4,1,8
BRDA:11,5,0,8
BRDA:11,5,1,13
BRDA:12,6,0,8
BRDA:12,6,1,8
BRDA:15,7,0,7
BRDA:15,7,1,7
BRDA:15,7,2,7
BRDA:16,8,0,0
BRDA:16,8,1,13
BRDA:17,9,0,8
BRDA:17,9,1,8
BRDA:20,10,0,0
BRDA:20,10,1,21
BRDA:22,11,0,0
BRDA:22,11,1,44
BRDA:22,12,0,44
BRDA:22,12,1,0
BRDA:22,12,2,0
BRDA:22,13,0,0
BRDA:22,13,1,0
BRDA:22,14,0,0
BRDA:22,14,1,0
BRDA:22,15,0,0
BRDA:22,15,1,0
BRDA:22,16,0,0
BRDA:22,16,1,0
BRDA:23,17,0,0
BRDA:23,17,1,44
BRDA:24,18,0,21
BRDA:24,18,1,21
BRDA:24,18,2,13
BRDA:24,18,3,0
BRDA:24,18,4,0
BRDA:24,18,5,10
BRDA:30,19,0,8
BRDA:30,19,1,2
BRDA:30,20,0,10
BRDA:30,20,1,10
BRDA:30,20,2,10
BRDA:30,21,0,10
BRDA:30,21,1,0
BRDA:31,22,0,2
BRDA:31,22,1,0
BRDA:31,23,0,2
BRDA:31,23,1,2
BRDA:31,23,2,0
BRDA:31,23,3,0
BRDA:32,24,0,0
BRDA:32,24,1,0
BRDA:32,25,0,0
BRDA:32,25,1,0
BRDA:33,26,0,0
BRDA:33,26,1,0
BRDA:33,27,0,0
BRDA:33,27,1,0
BRDA:34,28,0,0
BRDA:34,28,1,0
BRDA:39,29,0,0
BRDA:39,29,1,8
BRDA:39,30,0,8
BRDA:39,30,1,0
BRDA:42,31,0,7
BRDA:42,31,1,7
BRDA:42,31,2,7
BRDA:43,32,0,7
BRDA:43,32,1,0
BRDA:43,33,0,7
BRDA:43,33,1,7
BRDA:59,34,0,2
BRDA:59,34,1,2
BRDA:73,35,0,1
BRDA:73,35,1,1
BRDA:103,36,0,1
BRDA:103,36,1,1
BRDA:115,37,0,1
BRDA:115,37,1,1
BRDA:115,37,2,1
BRDA:115,37,3,1
BRDA:115,37,4,1
BRDA:123,38,0,0
BRDA:123,38,1,1
BRDA:124,39,0,0
BRDA:124,39,1,1
BRDA:124,40,0,1
BRDA:124,40,1,1
BRDA:145,41,0,1
BRDA:145,41,1,1
BRDA:145,41,2,1
BRDA:152,42,0,1
BRDA:152,42,1,1
BRDA:163,43,0,1
BRDA:163,43,1,1
BRDA:163,43,2,1
BRDA:163,43,3,2
BRDA:163,43,4,1
BRDA:163,43,5,1
BRDA:163,43,6,1
BRDA:163,43,7,1
BRDA:173,44,0,0
BRDA:173,44,1,1
BRDA:178,45,0,1
BRDA:178,45,1,1
BRDA:182,46,0,1
BRDA:182,46,1,0
BRDA:211,47,0,0
BRDA:211,47,1,0
BRDA:221,48,0,0
BRDA:221,48,1,0
BRDA:230,49,0,7
BRDA:230,49,1,7
BRF:122
BRH:80
end_of_record
TN:
SF:dist/subscriptions/GetLatestSub.js
FN:2,(anonymous_0)
FN:3,adopt
FN:3,(anonymous_2)
FN:4,(anonymous_3)
FN:5,fulfilled
FN:6,rejected
FN:7,step
FN:11,(anonymous_7)
FN:12,(anonymous_8)
FN:13,(anonymous_9)
FN:14,verb
FN:14,(anonymous_11)
FN:15,step
FN:41,(anonymous_13)
FN:41,(anonymous_14)
FN:43,(anonymous_15)
FN:54,(anonymous_16)
FNF:17
FNH:15
FNDA:17,(anonymous_0)
FNDA:34,adopt
FNDA:0,(anonymous_2)
FNDA:17,(anonymous_3)
FNDA:33,fulfilled
FNDA:1,rejected
FNDA:50,step
FNDA:17,(anonymous_7)
FNDA:34,(anonymous_8)
FNDA:0,(anonymous_9)
FNDA:51,verb
FNDA:51,(anonymous_11)
FNDA:51,step
FNDA:17,(anonymous_13)
FNDA:17,(anonymous_14)
FNDA:51,(anonymous_15)
FNDA:32,(anonymous_16)
DA:2,9
DA:3,34
DA:4,17
DA:5,33
DA:6,1
DA:7,50
DA:8,17
DA:11,9
DA:12,34
DA:13,17
DA:14,51
DA:16,51
DA:17,102
DA:18,102
DA:19,102
DA:20,102
DA:21,51
DA:22,34
DA:23,0
DA:24,0
DA:26,17
DA:27,0
DA:28,0
DA:29,0
DA:30,0
DA:31,0
DA:33,51
DA:34,102
DA:35,17
DA:38,9
DA:39,9
DA:40,9
DA:41,17
DA:43,17
DA:44,51
DA:45,17
DA:50,17
DA:51,17
DA:53,17
DA:54,32
DA:55,16
LF:41
LH:34
BRDA:2,0,0,9
BRDA:2,0,1,9
BRDA:2,0,2,9
BRDA:3,1,0,34
BRDA:3,1,1,0
BRDA:4,2,0,17
BRDA:4,2,1,17
BRDA:7,3,0,16
BRDA:7,3,1,34
BRDA:8,4,0,17
BRDA:8,4,1,17
BRDA:11,5,0,9
BRDA:11,5,1,9
BRDA:11,5,2,9
BRDA:12,6,0,1
BRDA:12,6,1,33
BRDA:13,7,0,17
BRDA:13,7,1,17
BRDA:16,8,0,0
BRDA:16,8,1,51
BRDA:18,9,0,0
BRDA:18,9,1,102
BRDA:18,10,0,102
BRDA:18,10,1,0
BRDA:18,10,2,0
BRDA:18,11,0,0
BRDA:18,11,1,0
BRDA:18,12,0,0
BRDA:18,12,1,0
BRDA:18,13,0,0
BRDA:18,13,1,0
BRDA:18,14,0,0
BRDA:18,14,1,0
BRDA:19,15,0,0
BRDA:19,15,1,102
BRDA:20,16,0,50
BRDA:20,16,1,51
BRDA:20,16,2,34
BRDA:20,16,3,0
BRDA:20,16,4,0
BRDA:20,16,5,17
BRDA:26,17,0,17
BRDA:26,17,1,0
BRDA:26,18,0,17
BRDA:26,18,1,17
BRDA:26,18,2,16
BRDA:26,19,0,17
BRDA:26,19,1,0
BRDA:27,20,0,0
BRDA:27,20,1,0
BRDA:27,21,0,0
BRDA:27,21,1,0
BRDA:27,21,2,0
BRDA:27,21,3,0
BRDA:28,22,0,0
BRDA:28,22,1,0
BRDA:28,23,0,0
BRDA:28,23,1,0
BRDA:29,24,0,0
BRDA:29,24,1,0
BRDA:29,25,0,0
BRDA:29,25,1,0
BRDA:30,26,0,0
BRDA:30,26,1,0
BRDA:35,27,0,1
BRDA:35,27,1,16
BRDA:35,28,0,16
BRDA:35,28,1,0
BRDA:44,29,0,17
BRDA:44,29,1,17
BRDA:44,29,2,17
BRDA:54,30,0,32
BRDA:54,30,1,0
BRDA:54,31,0,32
BRDA:54,31,1,32
BRDA:54,32,0,32
BRDA:54,32,1,0
BRDA:54,33,0,32
BRDA:54,33,1,32
BRDA:54,34,0,32
BRDA:54,34,1,0
BRDA:54,35,0,32
BRDA:54,35,1,32
BRDA:55,36,0,16
BRDA:55,36,1,16
BRF:85
BRH:47
end_of_record
TN:
SF:dist/subscriptions/GetRandomSub.js
FN:2,(anonymous_0)
FN:3,adopt
FN:3,(anonymous_2)
FN:4,(anonymous_3)
FN:5,fulfilled
FN:6,rejected
FN:7,step
FN:11,(anonymous_7)
FN:12,(anonymous_8)
FN:13,(anonymous_9)
FN:14,verb
FN:14,(anonymous_11)
FN:15,step
FN:40,(anonymous_13)
FN:40,(anonymous_14)
FN:42,(anonymous_15)
FNF:16
FNH:13
FNDA:1,(anonymous_0)
FNDA:1,adopt
FNDA:0,(anonymous_2)
FNDA:1,(anonymous_3)
FNDA:1,fulfilled
FNDA:0,rejected
FNDA:2,step
FNDA:1,(anonymous_7)
FNDA:1,(anonymous_8)
FNDA:0,(anonymous_9)
FNDA:3,verb
FNDA:2,(anonymous_11)
FNDA:2,step
FNDA:1,(anonymous_13)
FNDA:1,(anonymous_14)
FNDA:2,(anonymous_15)
DA:2,9
DA:3,1
DA:4,1
DA:5,1
DA:6,0
DA:7,2
DA:8,1
DA:11,9
DA:12,1
DA:13,1
DA:14,3
DA:16,2
DA:17,4
DA:18,4
DA:19,4
DA:20,4
DA:21,2
DA:22,1
DA:23,0
DA:24,0
DA:26,1
DA:27,0
DA:28,0
DA:29,0
DA:30,0
DA:31,0
DA:33,2
DA:34,4
DA:35,1
DA:38,9
DA:39,9
DA:40,9
DA:42,1
DA:43,2
DA:44,1
DA:46,1
DA:47,1
DA:48,1
DA:49,1
LF:39
LH:31
BRDA:2,0,0,9
BRDA:2,0,1,9
BRDA:2,0,2,9
BRDA:3,1,0,1
BRDA:3,1,1,0
BRDA:4,2,0,1
BRDA:4,2,1,1
BRDA:7,3,0,1
BRDA:7,3,1,1
BRDA:8,4,0,1
BRDA:8,4,1,1
BRDA:11,5,0,9
BRDA:11,5,1,9
BRDA:11,5,2,9
BRDA:12,6,0,0
BRDA:12,6,1,1
BRDA:13,7,0,1
BRDA:13,7,1,1
BRDA:16,8,0,0
BRDA:16,8,1,2
BRDA:18,9,0,0
BRDA:18,9,1,4
BRDA:18,10,0,4
BRDA:18,10,1,0
BRDA:18,10,2,0
BRDA:18,11,0,0
BRDA:18,11,1,0
BRDA:18,12,0,0
BRDA:18,12,1,0
BRDA:18,13,0,0
BRDA:18,13,1,0
BRDA:18,14,0,0
BRDA:18,14,1,0
BRDA:19,15,0,0
BRDA:19,15,1,4
BRDA:20,16,0,2
BRDA:20,16,1,2
BRDA:20,16,2,1
BRDA:20,16,3,0
BRDA:20,16,4,0
BRDA:20,16,5,1
BRDA:26,17,0,1
BRDA:26,17,1,0
BRDA:26,18,0,1
BRDA:26,18,1,1
BRDA:26,18,2,1
BRDA:26,19,0,1
BRDA:26,19,1,0
BRDA:27,20,0,0
BRDA:27,20,1,0
BRDA:27,21,0,0
BRDA:27,21,1,0
BRDA:27,21,2,0
BRDA:27,21,3,0
BRDA:28,22,0,0
BRDA:28,22,1,0
BRDA:28,23,0,0
BRDA:28,23,1,0
BRDA:29,24,0,0
BRDA:29,24,1,0
BRDA:29,25,0,0
BRDA:29,25,1,0
BRDA:30,26,0,0
BRDA:30,26,1,0
BRDA:35,27,0,0
BRDA:35,27,1,1
BRDA:35,28,0,1
BRDA:35,28,1,0
BRDA:43,29,0,1
BRDA:43,29,1,1
BRF:70
BRH:33
end_of_record
TN:
SF:dist/subscriptions/GetSubs.js
FN:2,(anonymous_0)
FN:3,adopt
FN:3,(anonymous_2)
FN:4,(anonymous_3)
FN:5,fulfilled
FN:6,rejected
FN:7,step
FN:11,(anonymous_7)
FN:12,(anonymous_8)
FN:13,(anonymous_9)
FN:14,verb
FN:14,(anonymous_11)
FN:15,step
FN:38,(anonymous_13)
FN:47,(anonymous_14)
FN:47,(anonymous_15)
FN:49,(anonymous_16)
FNF:17
FNH:14
FNDA:2,(anonymous_0)
FNDA:2,adopt
FNDA:0,(anonymous_2)
FNDA:2,(anonymous_3)
FNDA:2,fulfilled
FNDA:0,rejected
FNDA:4,step
FNDA:2,(anonymous_7)
FNDA:2,(anonymous_8)
FNDA:0,(anonymous_9)
FNDA:6,verb
FNDA:4,(anonymous_11)
FNDA:4,step
FNDA:2,(anonymous_13)
FNDA:2,(anonymous_14)
FNDA:2,(anonymous_15)
FNDA:4,(anonymous_16)
DA:2,9
DA:3,2
DA:4,2
DA:5,2
DA:6,0
DA:7,4
DA:8,2
DA:11,9
DA:12,2
DA:13,2
DA:14,6
DA:16,4
DA:17,8
DA:18,8
DA:19,8
DA:20,8
DA:21,4
DA:22,2
DA:23,0
DA:24,0
DA:26,2
DA:27,0
DA:28,0
DA:29,0
DA:30,0
DA:31,0
DA:33,4
DA:34,8
DA:35,2
DA:38,9
DA:39,2
DA:40,2
DA:41,2
DA:42,4
DA:43,2
DA:45,9
DA:46,9
DA:47,9
DA:49,2
DA:50,4
DA:51,2
DA:53,2
DA:54,2
LF:43
LH:35
BRDA:2,0,0,9
BRDA:2,0,1,9
BRDA:2,0,2,9
BRDA:3,1,0,2
BRDA:3,1,1,0
BRDA:4,2,0,2
BRDA:4,2,1,2
BRDA:7,3,0,2
BRDA:7,3,1,2
BRDA:8,4,0,2
BRDA:8,4,1,2
BRDA:11,5,0,9
BRDA:11,5,1,9
BRDA:11,5,2,9
BRDA:12,6,0,0
BRDA:12,6,1,2
BRDA:13,7,0,2
BRDA:13,7,1,2
BRDA:16,8,0,0
BRDA:16,8,1,4
BRDA:18,9,0,0
BRDA:18,9,1,8
BRDA:18,10,0,8
BRDA:18,10,1,0
BRDA:18,10,2,0
BRDA:18,11,0,0
BRDA:18,11,1,0
BRDA:18,12,0,0
BRDA:18,12,1,0
BRDA:18,13,0,0
BRDA:18,13,1,0
BRDA:18,14,0,0
BRDA:18,14,1,0
BRDA:19,15,0,0
BRDA:19,15,1,8
BRDA:20,16,0,4
BRDA:20,16,1,4
BRDA:20,16,2,2
BRDA:20,16,3,0
BRDA:20,16,4,0
BRDA:20,16,5,2
BRDA:26,17,0,2
BRDA:26,17,1,0
BRDA:26,18,0,2
BRDA:26,18,1,2
BRDA:26,18,2,2
BRDA:26,19,0,2
BRDA:26,19,1,0
BRDA:27,20,0,0
BRDA:27,20,1,0
BRDA:27,21,0,0
BRDA:27,21,1,0
BRDA:27,21,2,0
BRDA:27,21,3,0
BRDA:28,22,0,0
BRDA:28,22,1,0
BRDA:28,23,0,0
BRDA:28,23,1,0
BRDA:29,24,0,0
BRDA:29,24,1,0
BRDA:29,25,0,0
BRDA:29,25,1,0
BRDA:30,26,0,0
BRDA:30,26,1,0
BRDA:35,27,0,0
BRDA:35,27,1,2
BRDA:35,28,0,2
BRDA:35,28,1,0
BRDA:38,29,0,9
BRDA:38,29,1,9
BRDA:38,29,2,9
BRDA:50,30,0,2
BRDA:50,30,1,2
BRF:73
BRH:36
end_of_record
TN:
SF:dist/subscriptions/SubCount.js
FN:2,(anonymous_0)
FN:3,adopt
FN:3,(anonymous_2)
FN:4,(anonymous_3)
FN:5,fulfilled
FN:6,rejected
FN:7,step
FN:11,(anonymous_7)
FN:12,(anonymous_8)
FN:13,(anonymous_9)
FN:14,verb
FN:14,(anonymous_11)
FN:15,step
FN:40,getCurrentSubCount
FN:41,(anonymous_14)
FN:43,(anonymous_15)
FNF:16
FNH:13
FNDA:1,(anonymous_0)
FNDA:1,adopt
FNDA:0,(anonymous_2)
FNDA:1,(anonymous_3)
FNDA:1,fulfilled
FNDA:0,rejected
FNDA:2,step
FNDA:1,(anonymous_7)
FNDA:1,(anonymous_8)
FNDA:0,(anonymous_9)
FNDA:3,verb
FNDA:2,(anonymous_11)
FNDA:2,step
FNDA:1,getCurrentSubCount
FNDA:1,(anonymous_14)
FNDA:2,(anonymous_15)
DA:2,9
DA:3,1
DA:4,1
DA:5,1
DA:6,0
DA:7,2
DA:8,1
DA:11,9
DA:12,1
DA:13,1
DA:14,3
DA:16,2
DA:17,4
DA:18,4
DA:19,4
DA:20,4
DA:21,2
DA:22,1
DA:23,0
DA:24,0
DA:26,1
DA:27,0
DA:28,0
DA:29,0
DA:30,0
DA:31,0
DA:33,2
DA:34,4
DA:35,1
DA:38,9
DA:39,9
DA:41,1
DA:43,1
DA:44,2
DA:45,1
DA:47,1
DA:48,1
DA:49,1
DA:54,9
LF:39
LH:31
BRDA:2,0,0,9
BRDA:2,0,1,9
BRDA:2,0,2,9
BRDA:3,1,0,1
BRDA:3,1,1,0
BRDA:4,2,0,1
BRDA:4,2,1,1
BRDA:7,3,0,1
BRDA:7,3,1,1
BRDA:8,4,0,1
BRDA:8,4,1,1
BRDA:11,5,0,9
BRDA:11,5,1,9
BRDA:11,5,2,9
BRDA:12,6,0,0
BRDA:12,6,1,1
BRDA:13,7,0,1
BRDA:13,7,1,1
BRDA:16,8,0,0
BRDA:16,8,1,2
BRDA:18,9,0,0
BRDA:18,9,1,4
BRDA:18,10,0,4
BRDA:18,10,1,0
BRDA:18,10,2,0
BRDA:18,11,0,0
BRDA:18,11,1,0
BRDA:18,12,0,0
BRDA:18,12,1,0
BRDA:18,13,0,0
BRDA:18,13,1,0
BRDA:18,14,0,0
BRDA:18,14,1,0
BRDA:19,15,0,0
BRDA:19,15,1,4
BRDA:20,16,0,2
BRDA:20,16,1,2
BRDA:20,16,2,1
BRDA:20,16,3,0
BRDA:20,16,4,0
BRDA:20,16,5,1
BRDA:26,17,0,1
BRDA:26,17,1,0
BRDA:26,18,0,1
BRDA:26,18,1,1
BRDA:26,18,2,1
BRDA:26,19,0,1
BRDA:26,19,1,0
BRDA:27,20,0,0
BRDA:27,20,1,0
BRDA:27,21,0,0
BRDA:27,21,1,0
BRDA:27,21,2,0
BRDA:27,21,3,0
BRDA:28,22,0,0
BRDA:28,22,1,0
BRDA:28,23,0,0
BRDA:28,23,1,0
BRDA:29,24,0,0
BRDA:29,24,1,0
BRDA:29,25,0,0
BRDA:29,25,1,0
BRDA:30,26,0,0
BRDA:30,26,1,0
BRDA:35,27,0,0
BRDA:35,27,1,1
BRDA:35,28,0,1
BRDA:35,28,1,0
BRDA:44,29,0,1
BRDA:44,29,1,1
BRF:70
BRH:33
end_of_record
TN:
SF:dist/tests/mocks.js
FNF:0
FNH:0
DA:2,9
DA:3,9
DA:4,9
DA:8,9
DA:51,9
DA:114,9
DA:137,9
DA:161,9
DA:184,9
DA:214,9
DA:240,9
DA:262,9
DA:282,9
DA:294,9
DA:299,9
DA:309,9
DA:323,9
DA:348,9
DA:362,9
DA:388,9
DA:400,9
LF:21
LH:21
BRF:0
BRH:0
end_of_record
TN:
SF:src/index.ts
FN:2,(anonymous_0)
FN:3,(anonymous_1)
FN:4,(anonymous_2)
FN:7,(anonymous_3)
FN:8,(anonymous_4)
FN:9,(anonymous_5)
FN:12,(anonymous_6)
FN:13,(anonymous_7)
FN:14,(anonymous_8)
FN:17,(anonymous_9)
FN:18,(anonymous_10)
FN:19,(anonymous_11)
FN:22,(anonymous_12)
FN:23,(anonymous_13)
FN:24,(anonymous_14)
FN:27,(anonymous_15)
FN:28,(anonymous_16)
FN:29,(anonymous_17)
FN:32,(anonymous_18)
FN:33,(anonymous_19)
FN:34,(anonymous_20)
FN:37,(anonymous_21)
FN:38,(anonymous_22)
FN:39,(anonymous_23)
FN:42,(anonymous_24)
FN:43,(anonymous_25)
FN:44,(anonymous_26)
FN:47,(anonymous_27)
FN:48,(anonymous_28)
FN:49,(anonymous_29)
FN:52,(anonymous_30)
FN:53,(anonymous_31)
FN:54,(anonymous_32)
FN:57,(anonymous_33)
FN:58,(anonymous_34)
FN:59,(anonymous_35)
FN:62,(anonymous_36)
FN:63,(anonymous_37)
FN:64,(anonymous_38)
FN:67,(anonymous_39)
FN:68,(anonymous_40)
FN:69,(anonymous_41)
FN:72,(anonymous_42)
FN:73,(anonymous_43)
FN:74,(anonymous_44)
FN:77,(anonymous_45)
FN:78,(anonymous_46)
FN:79,(anonymous_47)
FN:82,(anonymous_48)
FN:83,(anonymous_49)
FNF:50
FNH:50
FNDA:2,(anonymous_0)
FNDA:1,(anonymous_1)
FNDA:1,(anonymous_2)
FNDA:2,(anonymous_3)
FNDA:1,(anonymous_4)
FNDA:1,(anonymous_5)
FNDA:2,(anonymous_6)
FNDA:1,(anonymous_7)
FNDA:1,(anonymous_8)
FNDA:2,(anonymous_9)
FNDA:1,(anonymous_10)
FNDA:1,(anonymous_11)
FNDA:2,(anonymous_12)
FNDA:1,(anonymous_13)
FNDA:1,(anonymous_14)
FNDA:2,(anonymous_15)
FNDA:1,(anonymous_16)
FNDA:1,(anonymous_17)
FNDA:2,(anonymous_18)
FNDA:1,(anonymous_19)
FNDA:1,(anonymous_20)
FNDA:2,(anonymous_21)
FNDA:1,(anonymous_22)
FNDA:1,(anonymous_23)
FNDA:2,(anonymous_24)
FNDA:1,(anonymous_25)
FNDA:1,(anonymous_26)
FNDA:2,(anonymous_27)
FNDA:1,(anonymous_28)
FNDA:1,(anonymous_29)
FNDA:2,(anonymous_30)
FNDA:1,(anonymous_31)
FNDA:1,(anonymous_32)
FNDA:2,(anonymous_33)
FNDA:1,(anonymous_34)
FNDA:1,(anonymous_35)
FNDA:2,(anonymous_36)
FNDA:1,(anonymous_37)
FNDA:1,(anonymous_38)
FNDA:2,(anonymous_39)
FNDA:1,(anonymous_40)
FNDA:1,(anonymous_41)
FNDA:2,(anonymous_42)
FNDA:1,(anonymous_43)
FNDA:1,(anonymous_44)
FNDA:2,(anonymous_45)
FNDA:1,(anonymous_46)
FNDA:1,(anonymous_47)
FNDA:2,(anonymous_48)
FNDA:1,(anonymous_49)
DA:1,1
DA:2,3
DA:3,2
DA:4,2
DA:6,1
DA:7,3
DA:8,2
DA:9,2
DA:11,1
DA:12,3
DA:13,2
DA:14,2
DA:16,1
DA:17,3
DA:18,2
DA:19,2
DA:21,1
DA:22,3
DA:23,2
DA:24,2
DA:26,1
DA:27,3
DA:28,2
DA:29,2
DA:31,1
DA:32,3
DA:33,2
DA:34,2
DA:36,1
DA:37,3
DA:38,2
DA:39,2
DA:41,1
DA:42,3
DA:43,2
DA:44,2
DA:46,1
DA:47,3
DA:48,2
DA:49,2
DA:51,1
DA:52,3
DA:53,2
DA:54,2
DA:56,1
DA:57,3
DA:58,2
DA:59,2
DA:61,1
DA:62,3
DA:63,2
DA:64,2
DA:66,1
DA:67,3
DA:68,2
DA:69,2
DA:71,1
DA:72,3
DA:73,2
DA:74,2
DA:76,1
DA:77,3
DA:78,2
DA:79,2
DA:81,1
DA:82,3
DA:83,2
LF:67
LH:67
BRF:0
BRH:0
end_of_record
TN:
SF:src/helpers/RefreshToken.ts
FN:5,(anonymous_14)
FN:8,(anonymous_15)
FNF:2
FNH:2
FNDA:32,(anonymous_14)
FNDA:32,(anonymous_15)
DA:1,10
DA:2,10
DA:3,10
DA:5,10
DA:8,32
DA:10,32
DA:11,0
DA:12,0
DA:13,0
DA:15,32
DA:19,32
DA:20,32
DA:25,32
LF:13
LH:10
BRDA:10,0,0,0
BRDA:10,0,1,32
BRDA:10,1,0,32
BRDA:10,1,1,32
BRDA:10,1,2,32
BRDA:10,2,0,0
BRDA:10,2,1,32
BRDA:10,3,0,32
BRDA:10,3,1,32
BRDA:10,4,0,0
BRDA:10,4,1,32
BRDA:10,5,0,32
BRDA:10,5,1,32
BRDA:10,6,0,0
BRDA:10,6,1,32
BRDA:10,7,0,32
BRDA:10,7,1,32
BRDA:11,8,0,0
BRDA:11,8,1,0
BRDA:12,9,0,0
BRDA:12,9,1,0
BRDA:13,10,0,0
BRDA:13,10,1,0
BRF:23
BRH:13
end_of_record
TN:
SF:src/injections/Twitch-Clients.ts
FN:9,(anonymous_15)
FN:11,TwitchClients
FN:18,(anonymous_17)
FN:31,(anonymous_20)
FN:35,(anonymous_23)
FNF:5
FNH:3
FNDA:9,(anonymous_15)
FNDA:9,TwitchClients
FNDA:31,(anonymous_17)
FNDA:0,(anonymous_20)
FNDA:0,(anonymous_23)
DA:1,9
DA:2,9
DA:3,9
DA:4,9
DA:5,9
DA:6,9
DA:9,9
DA:12,9
DA:13,9
DA:16,9
DA:18,9
DA:19,31
DA:20,31
DA:21,31
DA:23,31
DA:28,31
DA:31,9
DA:32,0
DA:35,9
DA:36,0
DA:38,9
DA:39,9
DA:40,9
DA:41,9
LF:24
LH:22
BRDA:12,0,0,9
BRDA:12,0,1,0
BRDA:19,1,0,31
BRDA:19,1,1,0
BRDA:20,2,0,31
BRDA:20,2,1,0
BRDA:21,3,0,31
BRDA:21,3,1,0
BRF:8
BRH:4
end_of_record
TN:
SF:src/injections/Twitch-Id.ts
FN:6,(anonymous_1)
FN:7,(anonymous_3)
FNF:2
FNH:2
FNDA:97,(anonymous_1)
FNDA:21,(anonymous_3)
DA:1,9
DA:2,9
DA:3,9
DA:6,9
DA:7,9
DA:8,21
DA:10,9
LF:7
LH:7
BRDA:8,0,0,21
BRDA:8,0,1,21
BRF:2
BRH:2
end_of_record
TN:
SF:src/injections/User-Id.ts
FN:6,(anonymous_1)
FN:7,(anonymous_3)
FNF:2
FNH:1
FNDA:97,(anonymous_1)
FNDA:0,(anonymous_3)
DA:1,9
DA:2,9
DA:3,9
DA:6,9
DA:7,9
DA:8,0
DA:10,9
LF:7
LH:6
BRDA:8,0,0,0
BRDA:8,0,1,0
BRF:2
BRH:0
end_of_record
TN:
SF:src/schema/bit-pubsub-type-schema.ts
FN:10,(anonymous_15)
FN:22,(anonymous_18)
FN:28,(anonymous_19)
FNF:3
FNH:0
FNDA:0,(anonymous_15)
FNDA:0,(anonymous_18)
FNDA:0,(anonymous_19)
DA:1,1
DA:2,1
DA:3,1
DA:4,1
DA:5,1
DA:7,1
DA:13,0
DA:15,0
DA:17,0
DA:18,0
DA:19,0
DA:20,0
DA:22,0
DA:24,0
DA:26,0
DA:29,0
DA:35,1
DA:50,1
LF:18
LH:8
BRDA:35,0,0,1
BRDA:35,0,1,1
BRF:2
BRH:2
end_of_record
TN:
SF:src/schema/bit-pubsub-user-link-schema.ts
FN:8,(anonymous_15)
FNF:1
FNH:0
FNDA:0,(anonymous_15)
DA:1,1
DA:2,1
DA:3,1
DA:4,1
DA:6,1
DA:11,0
DA:13,0
DA:14,0
DA:16,0
DA:21,1
DA:27,1
LF:11
LH:7
BRDA:16,0,0,0
BRDA:16,0,1,0
BRDA:21,1,0,1
BRDA:21,1,1,1
BRF:4
BRH:2
end_of_record
TN:
SF:src/schema/chat-pubsub-type-schema.ts
FN:17,(anonymous_15)
FN:29,(anonymous_18)
FN:29,(anonymous_19)
FN:30,(anonymous_21)
FN:30,(anonymous_22)
FN:38,(anonymous_24)
FNF:6
FNH:0
FNDA:0,(anonymous_15)
FNDA:0,(anonymous_18)
FNDA:0,(anonymous_19)
FNDA:0,(anonymous_21)
FNDA:0,(anonymous_22)
FNDA:0,(anonymous_24)
DA:1,1
DA:2,1
DA:3,1
DA:4,1
DA:5,1
DA:6,1
DA:14,1
DA:20,0
DA:22,0
DA:24,0
DA:27,0
DA:29,0
DA:30,0
DA:31,0
DA:34,0
DA:36,0
DA:39,0
DA:45,1
DA:57,1
LF:19
LH:9
BRDA:45,0,0,1
BRDA:45,0,1,1
BRF:2
BRH:2
end_of_record
TN:
SF:src/schema/chat-pubsub-user-link-schema.ts
FN:9,(anonymous_15)
FNF:1
FNH:0
FNDA:0,(anonymous_15)
DA:1,1
DA:2,1
DA:3,1
DA:4,1
DA:7,1
DA:12,0
DA:14,0
DA:15,0
DA:17,0
DA:22,1
DA:28,1
LF:11
LH:7
BRDA:22,0,0,1
BRDA:22,0,1,1
BRF:2
BRH:2
end_of_record
TN:
SF:src/schema/game-stream-link-type-schema.ts
FN:8,(anonymous_14)
FNF:1
FNH:1
FNDA:2,(anonymous_14)
DA:1,3
DA:3,3
DA:4,3
DA:6,3
DA:9,2
DA:14,3
DA:20,3
LF:7
LH:7
BRDA:9,0,0,2
BRDA:9,0,1,2
BRDA:14,1,0,3
BRDA:14,1,1,3
BRF:4
BRH:4
end_of_record
TN:
SF:src/schema/game-type-schema.ts
FN:9,(anonymous_15)
FN:20,(anonymous_18)
FN:23,(anonymous_19)
FN:26,(anonymous_20)
FNF:4
FNH:4
FNDA:1,(anonymous_15)
FNDA:3,(anonymous_18)
FNDA:3,(anonymous_19)
FNDA:3,(anonymous_20)
DA:1,3
DA:3,3
DA:4,3
DA:5,3
DA:7,3
DA:12,1
DA:14,1
DA:16,1
DA:21,3
DA:24,3
DA:27,3
DA:32,3
DA:44,3
LF:13
LH:13
BRDA:14,0,0,1
BRDA:14,0,1,1
BRDA:32,1,0,3
BRDA:32,1,1,3
BRF:4
BRH:4
end_of_record
TN:
SF:src/schema/query-type-schema.ts
FN:5,(anonymous_1)
FNF:1
FNH:0
FNDA:0,(anonymous_1)
DA:1,9
DA:3,9
DA:5,0
DA:9,9
DA:21,9
LF:5
LH:4
BRDA:9,0,0,9
BRDA:9,0,1,9
BRF:2
BRH:2
end_of_record
TN:
SF:src/schema/redemption-pubsub-type-schema.ts
FN:10,(anonymous_15)
FN:21,(anonymous_18)
FN:28,(anonymous_19)
FNF:3
FNH:0
FNDA:0,(anonymous_15)
FNDA:0,(anonymous_18)
FNDA:0,(anonymous_19)
DA:1,1
DA:2,1
DA:3,1
DA:4,1
DA:5,1
DA:7,1
DA:13,0
DA:15,0
DA:17,0
DA:18,0
DA:19,0
DA:20,0
DA:21,0
DA:22,0
DA:24,0
DA:26,0
DA:29,0
DA:35,1
DA:58,1
LF:19
LH:8
BRDA:35,0,0,1
BRDA:35,0,1,1
BRF:2
BRH:2
end_of_record
TN:
SF:src/schema/redemption-pubsub-user-link-type-schema.ts
FN:9,(anonymous_15)
FN:19,(anonymous_18)
FNF:2
FNH:0
FNDA:0,(anonymous_15)
FNDA:0,(anonymous_18)
DA:1,1
DA:3,1
DA:4,1
DA:5,1
DA:7,1
DA:12,0
DA:14,0
DA:15,0
DA:17,0
DA:22,0
DA:24,0
DA:25,0
DA:27,0
DA:32,1
DA:39,1
LF:15
LH:7
BRDA:32,0,0,1
BRDA:32,0,1,1
BRF:2
BRH:2
end_of_record
TN:
SF:src/schema/stream-type-schema.ts
FN:10,(anonymous_18)
FN:23,(anonymous_21)
FN:44,(anonymous_22)
FN:51,(anonymous_23)
FN:54,(anonymous_24)
FN:57,(anonymous_25)
FN:60,(anonymous_26)
FN:63,(anonymous_27)
FN:66,(anonymous_28)
FN:69,(anonymous_29)
FN:72,(anonymous_30)
FNF:11
FNH:10
FNDA:1,(anonymous_18)
FNDA:0,(anonymous_21)
FNDA:1,(anonymous_22)
FNDA:3,(anonymous_23)
FNDA:3,(anonymous_24)
FNDA:3,(anonymous_25)
FNDA:3,(anonymous_26)
FNDA:3,(anonymous_27)
FNDA:3,(anonymous_28)
FNDA:3,(anonymous_29)
FNDA:3,(anonymous_30)
DA:1,5
DA:2,5
DA:4,5
DA:5,5
DA:6,5
DA:8,5
DA:13,1
DA:15,1
DA:16,1
DA:18,1
DA:19,0
DA:20,0
DA:23,0
DA:26,1
DA:33,1
DA:35,1
DA:36,1
DA:38,2
DA:39,2
DA:40,1
DA:43,1
DA:44,1
DA:52,3
DA:55,3
DA:58,3
DA:61,3
DA:64,3
DA:67,3
DA:70,3
DA:73,3
DA:78,5
DA:115,5
LF:32
LH:29
BRDA:15,0,0,1
BRDA:15,0,1,1
BRDA:18,1,0,1
BRDA:18,1,1,0
BRDA:18,2,0,1
BRDA:18,2,1,0
BRDA:18,3,0,1
BRDA:18,3,1,1
BRDA:18,4,0,0
BRDA:18,4,1,1
BRDA:18,5,0,1
BRDA:18,5,1,1
BRDA:18,6,0,0
BRDA:18,6,1,1
BRDA:18,7,0,1
BRDA:18,7,1,1
BRDA:23,8,0,0
BRDA:23,8,1,0
BRDA:19,9,0,0
BRDA:19,9,1,0
BRDA:29,10,0,0
BRDA:29,10,1,1
BRDA:28,11,0,0
BRDA:28,11,1,1
BRDA:28,12,0,1
BRDA:28,12,1,1
BRDA:29,13,0,0
BRDA:29,13,1,0
BRDA:29,14,0,0
BRDA:29,14,1,0
BRDA:36,15,0,0
BRDA:36,15,1,1
BRDA:38,16,0,1
BRDA:38,16,1,1
BRDA:38,17,0,0
BRDA:38,17,1,2
BRDA:38,18,0,2
BRDA:38,18,1,2
BRDA:40,19,0,1
BRDA:40,19,1,0
BRDA:46,20,0,0
BRDA:46,20,1,1
BRDA:46,21,0,1
BRDA:46,21,1,1
BRDA:78,22,0,5
BRDA:78,22,1,5
BRF:46
BRH:28
end_of_record
TN:
SF:src/schema/stream-user-link-type-schema.ts
FN:6,(anonymous_14)
FN:11,(anonymous_17)
FNF:2
FNH:1
FNDA:0,(anonymous_14)
FNDA:4,(anonymous_17)
DA:1,5
DA:4,5
DA:7,0
DA:12,4
DA:17,5
DA:26,5
LF:6
LH:5
BRDA:7,0,0,0
BRDA:7,0,1,0
BRDA:12,1,0,4
BRDA:12,1,1,4
BRDA:17,2,0,5
BRDA:17,2,1,5
BRF:6
BRH:4
end_of_record
TN:
SF:src/schema/subscriber-type-schema.ts
FN:13,(anonymous_15)
FN:22,(anonymous_18)
FN:31,(anonymous_21)
FN:41,(anonymous_24)
FN:51,(anonymous_27)
FN:61,(anonymous_30)
FN:65,(anonymous_31)
FN:68,(anonymous_34)
FN:71,(anonymous_37)
FN:74,(anonymous_40)
FNF:10
FNH:10
FNDA:17,(anonymous_15)
FNDA:1,(anonymous_18)
FNDA:1,(anonymous_21)
FNDA:1,(anonymous_24)
FNDA:1,(anonymous_27)
FNDA:1,(anonymous_30)
FNDA:8,(anonymous_31)
FNDA:8,(anonymous_34)
FNDA:8,(anonymous_37)
FNDA:8,(anonymous_40)
DA:1,9
DA:2,9
DA:3,9
DA:4,9
DA:5,9
DA:7,9
DA:8,9
DA:9,9
DA:11,9
DA:16,17
DA:18,17
DA:19,17
DA:20,17
DA:25,1
DA:27,1
DA:28,1
DA:29,1
DA:34,1
DA:36,1
DA:37,1
DA:39,1
DA:44,1
DA:46,1
DA:47,1
DA:49,1
DA:54,1
DA:56,1
DA:57,1
DA:59,1
DA:61,1
DA:66,8
DA:69,8
DA:72,8
DA:75,8
DA:80,9
DA:98,9
LF:36
LH:36
BRDA:18,0,0,17
BRDA:18,0,1,17
BRDA:27,1,0,1
BRDA:27,1,1,1
BRDA:36,2,0,1
BRDA:36,2,1,1
BRDA:46,3,0,1
BRDA:46,3,1,1
BRDA:56,4,0,1
BRDA:61,5,0,0
BRDA:61,5,1,1
BRDA:61,6,0,1
BRDA:61,6,1,1
BRDA:80,7,0,9
BRDA:80,7,1,9
BRF:15
BRH:14
end_of_record
TN:
SF:src/schema/subscription-pubsub-chat-link-schema.ts
FNF:0
FNH:0
DA:1,1
DA:3,1
DA:9,1
LF:3
LH:3
BRDA:3,0,0,1
BRDA:3,0,1,1
BRF:2
BRH:2
end_of_record
TN:
SF:src/schema/subscription-pubsub-type-schema.ts
FN:10,(anonymous_15)
FN:22,(anonymous_18)
FN:29,(anonymous_19)
FNF:3
FNH:0
FNDA:0,(anonymous_15)
FNDA:0,(anonymous_18)
FNDA:0,(anonymous_19)
DA:1,1
DA:2,1
DA:3,1
DA:4,1
DA:5,1
DA:7,1
DA:13,0
DA:15,0
DA:17,0
DA:18,0
DA:19,0
DA:20,0
DA:22,0
DA:23,0
DA:25,0
DA:27,0
DA:30,0
DA:36,1
DA:59,1
LF:19
LH:8
BRDA:36,0,0,1
BRDA:36,0,1,1
BRF:2
BRH:2
end_of_record
TN:
SF:src/schema/subscription-pubsub-user-link-schema.ts
FN:9,(anonymous_15)
FN:19,(anonymous_18)
FNF:2
FNH:0
FNDA:0,(anonymous_15)
FNDA:0,(anonymous_18)
DA:1,1
DA:3,1
DA:4,1
DA:5,1
DA:7,1
DA:12,0
DA:14,0
DA:15,0
DA:17,0
DA:22,0
DA:24,0
DA:25,0
DA:27,0
DA:34,1
DA:41,1
LF:15
LH:7
BRDA:28,0,0,0
BRDA:28,0,1,0
BRDA:34,1,0,1
BRDA:34,1,1,1
BRF:4
BRH:2
end_of_record
TN:
SF:src/schema/user-subscriber-link-type-schema.ts
FN:9,(anonymous_15)
FN:14,(anonymous_18)
FN:17,(anonymous_21)
FN:30,(anonymous_24)
FN:33,(anonymous_27)
FNF:5
FNH:5
FNDA:14,(anonymous_15)
FNDA:1,(anonymous_18)
FNDA:1,(anonymous_21)
FNDA:1,(anonymous_24)
FNDA:1,(anonymous_27)
DA:1,7
DA:3,7
DA:4,7
DA:5,7
DA:7,7
DA:10,14
DA:15,1
DA:20,1
DA:22,1
DA:24,1
DA:28,1
DA:31,1
DA:36,1
DA:38,1
DA:40,1
DA:44,1
DA:49,7
DA:62,7
LF:18
LH:18
BRDA:10,0,0,14
BRDA:10,0,1,14
BRDA:15,1,0,1
BRDA:15,1,1,1
BRDA:22,2,0,1
BRDA:28,3,0,1
BRDA:28,3,1,1
BRDA:31,4,0,1
BRDA:31,4,1,1
BRDA:38,5,0,1
BRDA:44,6,0,1
BRDA:44,6,1,1
BRDA:49,7,0,7
BRDA:49,7,1,7
BRF:14
BRH:14
end_of_record
TN:
SF:src/schema/user-type-schema.ts
FN:9,(anonymous_15)
FN:18,(anonymous_18)
FN:29,(anonymous_21)
FN:33,(anonymous_22)
FN:36,(anonymous_23)
FN:39,(anonymous_24)
FN:42,(anonymous_25)
FN:45,(anonymous_26)
FN:48,(anonymous_29)
FN:61,(anonymous_32)
FN:64,(anonymous_35)
FN:77,(anonymous_38)
FN:95,(anonymous_41)
FN:102,(anonymous_42)
FN:105,(anonymous_43)
FN:108,(anonymous_44)
FN:111,(anonymous_47)
FNF:17
FNH:15
FNDA:2,(anonymous_15)
FNDA:1,(anonymous_18)
FNDA:16,(anonymous_21)
FNDA:8,(anonymous_22)
FNDA:8,(anonymous_23)
FNDA:8,(anonymous_24)
FNDA:8,(anonymous_25)
FNDA:1,(anonymous_26)
FNDA:1,(anonymous_29)
FNDA:1,(anonymous_32)
FNDA:1,(anonymous_35)
FNDA:1,(anonymous_38)
FNDA:2,(anonymous_41)
FNDA:4,(anonymous_42)
FNDA:4,(anonymous_43)
FNDA:0,(anonymous_44)
FNDA:0,(anonymous_47)
DA:1,7
DA:2,7
DA:3,7
DA:4,7
DA:5,7
DA:7,7
DA:12,2
DA:14,2
DA:16,2
DA:21,1
DA:23,1
DA:25,1
DA:30,16
DA:31,16
DA:34,8
DA:37,8
DA:40,8
DA:43,8
DA:46,1
DA:51,1
DA:53,1
DA:55,1
DA:59,1
DA:62,1
DA:67,1
DA:69,1
DA:71,1
DA:75,1
DA:80,1
DA:82,1
DA:83,1
DA:87,1
DA:88,1
DA:89,2
DA:90,2
DA:91,1
DA:94,1
DA:95,2
DA:97,1
DA:103,4
DA:106,4
DA:109,0
DA:112,0
DA:117,7
DA:153,7
LF:45
LH:43
BRDA:14,0,0,2
BRDA:23,1,0,1
BRDA:46,2,0,1
BRDA:46,2,1,1
BRDA:53,3,0,1
BRDA:53,3,1,1
BRDA:59,4,0,0
BRDA:59,4,1,1
BRDA:59,5,0,0
BRDA:59,5,1,1
BRDA:59,6,0,1
BRDA:59,6,1,1
BRDA:69,7,0,1
BRDA:75,8,0,1
BRDA:75,8,1,1
BRDA:82,9,0,1
BRDA:82,9,1,1
BRDA:88,10,0,0
BRDA:88,10,1,1
BRDA:89,11,0,1
BRDA:89,11,1,1
BRDA:91,12,0,1
BRDA:91,12,1,0
BRDA:109,13,0,0
BRDA:109,13,1,0
BRDA:112,14,0,0
BRDA:112,14,1,0
BRDA:117,15,0,7
BRDA:117,15,1,7
BRF:29
BRH:21
end_of_record
TN:
SF:src/subscriptions/GetLatestSub.ts
FN:30,(anonymous_13)
FN:32,(anonymous_14)
FN:44,(anonymous_16)
FNF:3
FNH:3
FNDA:17,(anonymous_13)
FNDA:17,(anonymous_14)
FNDA:32,(anonymous_16)
DA:1,9
DA:30,9
DA:32,17
DA:34,17
DA:39,17
DA:43,16
DA:44,32
DA:47,16
LF:8
LH:8
BRDA:34,0,0,17
BRDA:44,1,0,32
BRDA:44,1,1,0
BRDA:44,2,0,32
BRDA:44,2,1,32
BRDA:44,3,0,32
BRDA:44,3,1,0
BRDA:44,4,0,32
BRDA:44,4,1,32
BRDA:44,5,0,32
BRDA:44,5,1,0
BRDA:44,6,0,32
BRDA:44,6,1,32
BRDA:47,7,0,16
BRDA:47,7,1,16
BRF:15
BRH:12
end_of_record
TN:
SF:src/subscriptions/GetRandomSub.ts
FN:3,(anonymous_13)
FN:5,(anonymous_14)
FNF:2
FNH:2
FNDA:1,(anonymous_13)
FNDA:1,(anonymous_14)
DA:3,9
DA:5,1
DA:7,1
DA:10,1
DA:11,1
DA:12,1
LF:6
LH:6
BRDA:7,0,0,1
BRF:1
BRH:1
end_of_record
TN:
SF:src/subscriptions/GetSubs.ts
FN:3,(anonymous_14)
FN:5,(anonymous_15)
FNF:2
FNH:2
FNDA:2,(anonymous_14)
FNDA:2,(anonymous_15)
DA:3,9
DA:5,2
DA:7,2
DA:11,2
LF:4
LH:4
BRDA:7,0,0,2
BRF:1
BRH:1
end_of_record
TN:
SF:src/subscriptions/SubCount.ts
FN:3,getCurrentSubCount
FNF:1
FNH:1
FNDA:1,getCurrentSubCount
DA:3,9
DA:7,1
DA:10,1
DA:12,1
LF:4
LH:4
BRDA:7,0,0,1
BRF:1
BRH:1
end_of_record
TN:
SF:src/tests/mocks.ts
FNF:0
FNH:0
DA:1,9
DA:6,9
DA:56,9
DA:120,9
DA:144,9
DA:169,9
DA:193,9
DA:224,9
DA:251,9
DA:273,9
DA:295,9
DA:308,9
DA:314,9
DA:325,9
DA:340,9
DA:365,9
DA:380,9
DA:409,9
DA:424,9
LF:19
LH:19
BRF:0
BRH:0
end_of_record
